------------------|---------|---------|---------|---------|
File              | % Stmts | % Brchs | % Funcs | % Lines |
------------------|---------|---------|---------|---------|
All files         |   92.92 |   88.35 |   92.37 |   92.92 |
node-utility2/    |   92.92 |   88.35 |   92.37 |   92.92 |
  example.js      |     100 |     100 |     100 |     100 |
  lib.utility2.js |    89.9 |   85.71 |   88.13 |    89.9 |
  test.js         |     100 |     100 |     100 |     100 |
------------------|---------|---------|---------|---------|
