{"/home/travis/build/kaizhu256/node-utility2/test.js":{"path":"/home/travis/build/kaizhu256/node-utility2/test.js","s":{"1":3,"2":3,"3":3,"4":3,"5":3,"6":3,"7":3,"8":0,"9":0,"10":0,"11":0,"12":0,"13":0,"14":3,"15":3,"16":3,"17":3,"18":3,"19":3,"20":3,"21":3,"22":0,"23":0,"24":0,"25":3,"26":0,"27":0,"28":0,"29":0,"30":0,"31":0,"32":0,"33":0,"34":0,"35":3,"36":0,"37":0,"38":0,"39":0,"40":0,"41":3,"42":0,"43":0,"44":0,"45":0,"46":0,"47":0,"48":0,"49":0,"50":0,"51":0,"52":3,"53":0,"54":3,"55":0,"56":3,"57":0,"58":3,"59":0,"60":0,"61":0,"62":0,"63":0,"64":3,"65":0,"66":3,"67":0,"68":3,"69":1,"70":1,"71":1,"72":1,"73":1,"74":1,"75":1,"76":1,"77":1,"78":1,"79":1,"80":1,"81":1,"82":1,"83":1,"84":1,"85":1,"86":1,"87":1,"88":1,"89":1,"90":1,"91":1,"92":1,"93":1,"94":1,"95":1,"96":3,"97":3,"98":3,"99":3,"100":3,"101":3,"102":3,"103":3,"104":2,"105":2,"106":2,"107":2,"108":2,"109":2,"110":2,"111":2,"112":2,"113":2,"114":2,"115":2,"116":2,"117":2,"118":2,"119":3,"120":2,"121":2,"122":2,"123":2,"124":2,"125":3,"126":2,"127":2,"128":2,"129":2,"130":3,"131":2,"132":1,"133":1,"134":1,"135":1,"136":4,"137":1,"138":1,"139":1,"140":1,"141":1,"142":1,"143":1,"144":1,"145":1,"146":1,"147":1,"148":3,"149":2,"150":2,"151":2,"152":2,"153":2,"154":8,"155":8,"156":8,"157":8,"158":8,"159":8,"160":4,"161":4,"162":4,"163":4,"164":8,"165":2,"166":2,"167":2,"168":2,"169":2,"170":2,"171":2,"172":2,"173":2,"174":2,"175":2,"176":2,"177":2,"178":2,"179":2,"180":2,"181":2,"182":2,"183":2,"184":2,"185":6,"186":6,"187":6,"188":6,"189":2,"190":2,"191":2,"192":2,"193":2,"194":2,"195":2,"196":2,"197":2,"198":4,"199":4,"200":4,"201":4,"202":4,"203":4,"204":4,"205":4,"206":4,"207":4,"208":2,"209":2,"210":2,"211":2,"212":2,"213":2,"214":2,"215":2,"216":3,"217":2,"218":2,"219":2,"220":2,"221":2,"222":2,"223":2,"224":2,"225":2,"226":2,"227":2,"228":2,"229":2,"230":2,"231":2,"232":2,"233":2,"234":10,"235":50,"236":10,"237":40,"238":2,"239":3,"240":2,"241":2,"242":2,"243":2,"244":2,"245":2,"246":2,"247":2,"248":2,"249":2,"250":3,"251":2,"252":2,"253":2,"254":2,"255":2,"256":2,"257":2,"258":2,"259":2,"260":1,"261":1,"262":1,"263":1,"264":1,"265":1,"266":1,"267":1,"268":1,"269":1,"270":3,"271":2,"272":22,"273":2,"274":3,"275":2,"276":6,"277":6,"278":6,"279":6,"280":6,"281":2,"282":3,"283":2,"284":3,"285":2,"286":1,"287":1,"288":1,"289":1,"290":1,"291":1,"292":3,"293":3,"294":1,"295":1,"296":2,"297":2,"298":2,"299":2,"300":2,"301":2,"302":3,"303":3,"304":1,"305":1,"306":2,"307":2,"308":2,"309":2,"310":2,"311":8,"312":8,"313":2,"314":3,"315":2,"316":2,"317":2,"318":2,"319":2,"320":2,"321":2,"322":2,"323":2,"324":2,"325":3,"326":2,"327":2,"328":1,"329":1,"330":1,"331":1,"332":1,"333":1,"334":1,"335":1,"336":1,"337":1,"338":1,"339":1,"340":1,"341":1,"342":1,"343":1,"344":1,"345":1,"346":1,"347":3,"348":2,"349":1,"350":1,"351":1,"352":1,"353":1,"354":1,"355":3,"356":2,"357":1,"358":1,"359":1,"360":1,"361":1,"362":5,"363":5,"364":1,"365":1,"366":1,"367":1,"368":3,"369":2,"370":2,"371":2,"372":2,"373":3,"374":2,"375":1,"376":1,"377":1,"378":1,"379":3,"380":2,"381":2,"382":2,"383":0,"384":0,"385":0,"386":0,"387":0,"388":0,"389":0,"390":0,"391":0,"392":0,"393":0,"394":0,"395":0,"396":0,"397":0,"398":0,"399":0,"400":0,"401":0,"402":0,"403":0,"404":0,"405":0,"406":0,"407":0,"408":0,"409":0,"410":0,"411":3,"412":2,"413":1,"414":1,"415":1,"416":1,"417":3,"418":2,"419":2,"420":2,"421":2,"422":3,"423":2,"424":16,"425":2,"426":3,"427":2,"428":20,"429":2,"430":2,"431":2,"432":2,"433":3,"434":2,"435":1,"436":1,"437":1,"438":1,"439":1,"440":3,"441":2,"442":2,"443":2,"444":2,"445":2,"446":2000,"447":2000,"448":2,"449":2,"450":3,"451":2,"452":2,"453":2,"454":2,"455":200,"456":200,"457":200,"458":200,"459":2,"460":2,"461":3,"462":2,"463":1,"464":1,"465":1,"466":1,"467":1,"468":1,"469":1,"470":1,"471":3,"472":2,"473":2,"474":1,"475":1,"476":1,"477":1,"478":1,"479":1,"480":1,"481":1,"482":1,"483":1,"484":1,"485":1,"486":1,"487":1,"488":1,"489":1,"490":3,"491":2,"492":1,"493":1,"494":1,"495":1,"496":1,"497":1,"498":1,"499":3,"500":2,"501":2,"502":2,"503":2,"504":20,"505":20,"506":2,"507":3,"508":2,"509":2,"510":2,"511":10,"512":50,"513":2,"514":2,"515":2,"516":2,"517":3,"518":2,"519":2,"520":2,"521":10,"522":50,"523":2,"524":2,"525":2,"526":3,"527":2,"528":2,"529":2,"530":2,"531":2,"532":2,"533":2,"534":3,"535":2,"536":2,"537":2,"538":2,"539":3,"540":2,"541":2,"542":3,"543":2,"544":2,"545":1,"546":1,"547":1,"548":1,"549":1,"550":1,"551":1,"552":1,"553":1,"554":1,"555":1,"556":3,"557":2,"558":2,"559":2,"560":4,"561":2,"562":2,"563":2,"564":2,"565":2,"566":3,"567":2,"568":2,"569":12,"570":2,"571":2,"572":2,"573":2,"574":2,"575":4,"576":4,"577":4,"578":2,"579":2,"580":2,"581":2,"582":2,"583":2,"584":2,"585":2,"586":10,"587":10,"588":10,"589":10,"590":2,"591":10,"592":10,"593":10,"594":2,"595":2,"596":2,"597":2,"598":2,"599":2,"600":2,"601":10,"602":10,"603":10,"604":10,"605":2,"606":2,"607":2,"608":2,"609":2,"610":2,"611":2,"612":2,"613":3,"614":2,"615":2,"616":2,"617":2,"618":2,"619":2,"620":2,"621":2,"622":2,"623":2,"624":2,"625":2,"626":2,"627":2,"628":2,"629":2,"630":3,"631":2,"632":2,"633":2,"634":2,"635":2,"636":2,"637":2,"638":3,"639":2,"640":2,"641":2,"642":2,"643":2,"644":2,"645":2,"646":2,"647":2,"648":2,"649":3,"650":2,"651":1,"652":1,"653":1,"654":1,"655":1,"656":4,"657":4,"658":1,"659":10,"660":1,"661":3,"662":2,"663":1,"664":1,"665":1,"666":1,"667":1,"668":1,"669":1,"670":1,"671":3,"672":2,"673":2,"674":6,"675":2,"676":2,"677":24,"678":24,"679":2,"680":24,"681":24,"682":2,"683":3,"684":2,"685":6,"686":12,"687":6,"688":2,"689":2,"690":2,"691":3,"692":2,"693":2,"694":3,"695":2,"696":2,"697":3,"698":2,"699":2,"700":3,"701":2,"702":2,"703":3,"704":2,"705":2,"706":2,"707":2,"708":2,"709":2,"710":2,"711":2,"712":2,"713":2,"714":2,"715":2,"716":3,"717":2,"718":1,"719":1,"720":1,"721":1,"722":1,"723":1,"724":3,"725":2,"726":2,"727":2,"728":2,"729":3,"730":2,"731":1,"732":1,"733":1,"734":1,"735":1,"736":1,"737":1,"738":1,"739":1,"740":1,"741":1,"742":1,"743":3,"744":2,"745":2,"746":2,"747":2,"748":2,"749":2,"750":2,"751":3,"752":2,"753":2,"754":2,"755":2,"756":3,"757":2,"758":2,"759":3,"760":3,"761":1,"762":1,"763":1,"764":2,"765":1,"766":1,"767":1,"768":1,"769":1,"770":1,"771":1,"772":1,"773":3,"774":16,"775":16,"776":3,"777":3,"778":3,"779":3,"780":3,"781":31,"782":8,"783":8,"784":8,"785":8,"786":8,"787":8,"788":8,"789":8,"790":2,"791":2,"792":2,"793":2,"794":2,"795":2,"796":2,"797":2,"798":2,"799":2,"800":2,"801":2,"802":4,"803":2,"804":4,"805":7,"806":3,"807":3,"808":2,"809":1,"810":1,"811":0,"812":0,"813":0,"814":0,"815":0,"816":0,"817":0,"818":0,"819":0,"820":0,"821":0,"822":0,"823":0,"824":0,"825":0,"826":0,"827":0,"828":0,"829":0,"830":0,"831":0,"832":0,"833":0,"834":1,"835":0,"836":1,"837":1,"838":0,"839":0,"840":0,"841":0,"842":0,"843":0,"844":0,"845":1,"846":0},"b":{"1":[3,0],"2":[0,3],"3":[3,0],"4":[3,0],"5":[3,2,2],"6":[3,2],"7":[0,0],"8":[0,0],"9":[0,0,0],"10":[0,0],"11":[0,0],"12":[0,0,0],"13":[0,0],"14":[0,0],"15":[0,0],"16":[0,0],"17":[0,0,0],"18":[0,0],"19":[0,0,0,0,0],"20":[0,0,0,0,0],"21":[1,2],"22":[3,3,0],"23":[3,1],"24":[1,1],"25":[1,1,1,1],"26":[2,6],"27":[2,4],"28":[2,4,4],"29":[2,2],"30":[2,2],"31":[10,40],"32":[1,1],"33":[1,1],"34":[1,2],"35":[1,2],"36":[1,1],"37":[1,1],"38":[1,1],"39":[1,1],"40":[2,0],"41":[0,0,0,0,0,0,0],"42":[1,1],"43":[1,1],"44":[200,5],"45":[1,1],"46":[1,1],"47":[1,1],"48":[10,40],"49":[26,24],"50":[50,40,30],"51":[1,1],"52":[2,2,2,2,2,2],"53":[2,8],"54":[2,2],"55":[2,2],"56":[1,1],"57":[1,1],"58":[6,6],"59":[1,1],"60":[1,1],"61":[1,2],"62":[1,1],"63":[16,16,16],"64":[3,3,1],"65":[8,8,2,2,4,7],"66":[2,1],"67":[0,0],"68":[0,0],"69":[0,0],"70":[0,0],"71":[0,0],"72":[0,0],"73":[0,0],"74":[0,0],"75":[0,1],"76":[1,1],"77":[0,1],"78":[0,0],"79":[0,1]},"f":{"1":3,"2":0,"3":0,"4":0,"5":0,"6":0,"7":0,"8":0,"9":0,"10":0,"11":0,"12":0,"13":0,"14":3,"15":3,"16":3,"17":2,"18":2,"19":2,"20":2,"21":2,"22":2,"23":2,"24":2,"25":2,"26":4,"27":2,"28":8,"29":8,"30":2,"31":2,"32":6,"33":6,"34":2,"35":2,"36":4,"37":4,"38":4,"39":2,"40":2,"41":2,"42":2,"43":2,"44":2,"45":2,"46":2,"47":2,"48":2,"49":2,"50":10,"51":50,"52":2,"53":2,"54":2,"55":1,"56":1,"57":1,"58":2,"59":22,"60":2,"61":6,"62":2,"63":2,"64":3,"65":2,"66":2,"67":2,"68":2,"69":3,"70":2,"71":8,"72":8,"73":2,"74":2,"75":2,"76":1,"77":1,"78":1,"79":2,"80":1,"81":1,"82":2,"83":1,"84":5,"85":2,"86":2,"87":2,"88":0,"89":2,"90":2,"91":2,"92":16,"93":2,"94":20,"95":2,"96":2,"97":2,"98":2,"99":1,"100":1,"101":2,"102":1,"103":1,"104":2,"105":2,"106":2,"107":10,"108":50,"109":2,"110":10,"111":50,"112":2,"113":2,"114":2,"115":2,"116":2,"117":2,"118":2,"119":2,"120":1,"121":1,"122":2,"123":4,"124":2,"125":2,"126":2,"127":12,"128":4,"129":2,"130":10,"131":10,"132":10,"133":2,"134":2,"135":2,"136":2,"137":2,"138":2,"139":2,"140":2,"141":2,"142":2,"143":4,"144":4,"145":1,"146":10,"147":2,"148":1,"149":1,"150":1,"151":2,"152":6,"153":24,"154":24,"155":2,"156":6,"157":12,"158":2,"159":2,"160":2,"161":2,"162":2,"163":2,"164":2,"165":2,"166":1,"167":2,"168":2,"169":2,"170":2,"171":2,"172":2,"173":2,"174":2,"175":3,"176":1,"177":1,"178":16,"179":3,"180":31,"181":8,"182":8,"183":2,"184":2,"185":3,"186":1,"187":0,"188":0,"189":0,"190":0,"191":0},"fnMap":{"1":{"name":"(anonymous_1)","line":5,"loc":{"start":{"line":5,"column":1},"end":{"line":5,"column":23}},"skip":true},"2":{"name":"(anonymous_2)","line":16,"loc":{"start":{"line":16,"column":32},"end":{"line":16,"column":54}},"skip":true},"3":{"name":"(anonymous_3)","line":48,"loc":{"start":{"line":48,"column":26},"end":{"line":48,"column":49}},"skip":true},"4":{"name":"(anonymous_4)","line":72,"loc":{"start":{"line":72,"column":21},"end":{"line":72,"column":43}},"skip":true},"5":{"name":"(anonymous_5)","line":88,"loc":{"start":{"line":88,"column":23},"end":{"line":88,"column":38}},"skip":true},"6":{"name":"(anonymous_6)","line":107,"loc":{"start":{"line":107,"column":38},"end":{"line":107,"column":60}},"skip":true},"7":{"name":"(anonymous_7)","line":132,"loc":{"start":{"line":132,"column":26},"end":{"line":132,"column":41}},"skip":true},"8":{"name":"(anonymous_8)","line":140,"loc":{"start":{"line":140,"column":21},"end":{"line":140,"column":36}},"skip":true},"9":{"name":"(anonymous_9)","line":146,"loc":{"start":{"line":146,"column":16},"end":{"line":146,"column":28}},"skip":true},"10":{"name":"(anonymous_10)","line":152,"loc":{"start":{"line":152,"column":32},"end":{"line":152,"column":58}},"skip":true},"11":{"name":"(anonymous_11)","line":158,"loc":{"start":{"line":158,"column":42},"end":{"line":158,"column":57}},"skip":true},"12":{"name":"(anonymous_12)","line":169,"loc":{"start":{"line":169,"column":26},"end":{"line":169,"column":47}},"skip":true},"13":{"name":"(anonymous_13)","line":179,"loc":{"start":{"line":179,"column":29},"end":{"line":179,"column":50}},"skip":true},"14":{"name":"(anonymous_14)","line":226,"loc":{"start":{"line":226,"column":1},"end":{"line":226,"column":18}},"skip":true},"15":{"name":"(anonymous_15)","line":232,"loc":{"start":{"line":232,"column":1},"end":{"line":232,"column":13}},"skip":true},"16":{"name":"(anonymous_16)","line":244,"loc":{"start":{"line":244,"column":1},"end":{"line":244,"column":13}},"skip":true},"17":{"name":"(anonymous_17)","line":245,"loc":{"start":{"line":245,"column":34},"end":{"line":245,"column":58}},"skip":true},"18":{"name":"(anonymous_18)","line":266,"loc":{"start":{"line":266,"column":20},"end":{"line":266,"column":40}},"skip":true},"19":{"name":"(anonymous_19)","line":287,"loc":{"start":{"line":287,"column":30},"end":{"line":287,"column":54}},"skip":true},"20":{"name":"(anonymous_20)","line":294,"loc":{"start":{"line":294,"column":22},"end":{"line":294,"column":41}},"skip":true},"21":{"name":"(anonymous_21)","line":299,"loc":{"start":{"line":299,"column":7},"end":{"line":299,"column":26}},"skip":true},"22":{"name":"(anonymous_22)","line":304,"loc":{"start":{"line":304,"column":11},"end":{"line":304,"column":26}},"skip":true},"23":{"name":"(anonymous_23)","line":312,"loc":{"start":{"line":312,"column":35},"end":{"line":312,"column":59}},"skip":true},"24":{"name":"(anonymous_24)","line":320,"loc":{"start":{"line":320,"column":7},"end":{"line":320,"column":27}},"skip":true},"25":{"name":"(anonymous_25)","line":331,"loc":{"start":{"line":331,"column":28},"end":{"line":331,"column":52}},"skip":true},"26":{"name":"(anonymous_26)","line":340,"loc":{"start":{"line":340,"column":24},"end":{"line":340,"column":45}},"skip":true},"27":{"name":"(anonymous_27)","line":374,"loc":{"start":{"line":374,"column":30},"end":{"line":374,"column":54}},"skip":true},"28":{"name":"(anonymous_28)","line":391,"loc":{"start":{"line":391,"column":7},"end":{"line":391,"column":43}},"skip":true},"29":{"name":"(anonymous_29)","line":413,"loc":{"start":{"line":413,"column":11},"end":{"line":413,"column":31}},"skip":true},"30":{"name":"(anonymous_30)","line":448,"loc":{"start":{"line":448,"column":7},"end":{"line":448,"column":27}},"skip":true},"31":{"name":"(anonymous_31)","line":476,"loc":{"start":{"line":476,"column":7},"end":{"line":476,"column":27}},"skip":true},"32":{"name":"(anonymous_32)","line":520,"loc":{"start":{"line":520,"column":7},"end":{"line":520,"column":35}},"skip":true},"33":{"name":"(anonymous_33)","line":522,"loc":{"start":{"line":522,"column":30},"end":{"line":522,"column":45}},"skip":true},"34":{"name":"(anonymous_34)","line":533,"loc":{"start":{"line":533,"column":7},"end":{"line":533,"column":27}},"skip":true},"35":{"name":"(anonymous_35)","line":553,"loc":{"start":{"line":553,"column":7},"end":{"line":553,"column":26}},"skip":true},"36":{"name":"(anonymous_36)","line":556,"loc":{"start":{"line":556,"column":18},"end":{"line":556,"column":42}},"skip":true},"37":{"name":"(anonymous_37)","line":566,"loc":{"start":{"line":566,"column":15},"end":{"line":566,"column":35}},"skip":true},"38":{"name":"(anonymous_38)","line":585,"loc":{"start":{"line":585,"column":15},"end":{"line":585,"column":35}},"skip":true},"39":{"name":"(anonymous_39)","line":599,"loc":{"start":{"line":599,"column":15},"end":{"line":599,"column":27}},"skip":true},"40":{"name":"(anonymous_40)","line":603,"loc":{"start":{"line":603,"column":11},"end":{"line":603,"column":31}},"skip":true},"41":{"name":"(anonymous_41)","line":613,"loc":{"start":{"line":613,"column":35},"end":{"line":613,"column":59}},"skip":true},"42":{"name":"(anonymous_42)","line":620,"loc":{"start":{"line":620,"column":26},"end":{"line":620,"column":38}},"skip":true},"43":{"name":"(anonymous_43)","line":622,"loc":{"start":{"line":622,"column":7},"end":{"line":622,"column":22}},"skip":true},"44":{"name":"(anonymous_44)","line":629,"loc":{"start":{"line":629,"column":26},"end":{"line":629,"column":38}},"skip":true},"45":{"name":"(anonymous_45)","line":631,"loc":{"start":{"line":631,"column":7},"end":{"line":631,"column":22}},"skip":true},"46":{"name":"(anonymous_46)","line":638,"loc":{"start":{"line":638,"column":26},"end":{"line":638,"column":38}},"skip":true},"47":{"name":"(anonymous_47)","line":640,"loc":{"start":{"line":640,"column":7},"end":{"line":640,"column":22}},"skip":true},"48":{"name":"(anonymous_48)","line":645,"loc":{"start":{"line":645,"column":26},"end":{"line":645,"column":38}},"skip":true},"49":{"name":"(anonymous_49)","line":649,"loc":{"start":{"line":649,"column":7},"end":{"line":649,"column":22}},"skip":true},"50":{"name":"(anonymous_50)","line":657,"loc":{"start":{"line":657,"column":14},"end":{"line":657,"column":32}},"skip":true},"51":{"name":"(anonymous_51)","line":660,"loc":{"start":{"line":660,"column":18},"end":{"line":660,"column":36}},"skip":true},"52":{"name":"(anonymous_52)","line":673,"loc":{"start":{"line":673,"column":35},"end":{"line":673,"column":59}},"skip":true},"53":{"name":"(anonymous_53)","line":699,"loc":{"start":{"line":699,"column":34},"end":{"line":699,"column":58}},"skip":true},"54":{"name":"(anonymous_54)","line":714,"loc":{"start":{"line":714,"column":8},"end":{"line":714,"column":29}},"skip":true},"55":{"name":"(anonymous_55)","line":733,"loc":{"start":{"line":733,"column":35},"end":{"line":733,"column":47}},"skip":true},"56":{"name":"(anonymous_56)","line":743,"loc":{"start":{"line":743,"column":7},"end":{"line":743,"column":26}},"skip":true},"57":{"name":"(anonymous_57)","line":744,"loc":{"start":{"line":744,"column":29},"end":{"line":744,"column":44}},"skip":true},"58":{"name":"(anonymous_58)","line":753,"loc":{"start":{"line":753,"column":48},"end":{"line":753,"column":72}},"skip":true},"59":{"name":"(anonymous_59)","line":803,"loc":{"start":{"line":803,"column":10},"end":{"line":803,"column":25}},"skip":true},"60":{"name":"(anonymous_60)","line":813,"loc":{"start":{"line":813,"column":45},"end":{"line":813,"column":69}},"skip":true},"61":{"name":"(anonymous_61)","line":817,"loc":{"start":{"line":817,"column":24},"end":{"line":817,"column":40}},"skip":true},"62":{"name":"(anonymous_62)","line":830,"loc":{"start":{"line":830,"column":37},"end":{"line":830,"column":61}},"skip":true},"63":{"name":"(anonymous_63)","line":839,"loc":{"start":{"line":839,"column":34},"end":{"line":839,"column":58}},"skip":true},"64":{"name":"(anonymous_64)","line":875,"loc":{"start":{"line":875,"column":34},"end":{"line":875,"column":58}},"skip":true},"65":{"name":"(anonymous_65)","line":887,"loc":{"start":{"line":887,"column":45},"end":{"line":887,"column":57}},"skip":true},"66":{"name":"(anonymous_66)","line":903,"loc":{"start":{"line":903,"column":37},"end":{"line":903,"column":49}},"skip":true},"67":{"name":"(anonymous_67)","line":910,"loc":{"start":{"line":910,"column":28},"end":{"line":910,"column":40}},"skip":true},"68":{"name":"(anonymous_68)","line":916,"loc":{"start":{"line":916,"column":7},"end":{"line":916,"column":26}},"skip":true},"69":{"name":"(anonymous_69)","line":922,"loc":{"start":{"line":922,"column":37},"end":{"line":922,"column":61}},"skip":true},"70":{"name":"(anonymous_70)","line":937,"loc":{"start":{"line":937,"column":20},"end":{"line":937,"column":32}},"skip":true},"71":{"name":"(anonymous_71)","line":956,"loc":{"start":{"line":956,"column":18},"end":{"line":956,"column":33}},"skip":true},"72":{"name":"(anonymous_72)","line":957,"loc":{"start":{"line":957,"column":38},"end":{"line":957,"column":56}},"skip":true},"73":{"name":"(anonymous_73)","line":965,"loc":{"start":{"line":965,"column":34},"end":{"line":965,"column":58}},"skip":true},"74":{"name":"(anonymous_74)","line":985,"loc":{"start":{"line":985,"column":7},"end":{"line":985,"column":26}},"skip":true},"75":{"name":"(anonymous_75)","line":998,"loc":{"start":{"line":998,"column":54},"end":{"line":1001,"column":2}},"skip":true},"76":{"name":"(anonymous_76)","line":1019,"loc":{"start":{"line":1019,"column":17},"end":{"line":1019,"column":45}},"skip":true},"77":{"name":"(anonymous_77)","line":1034,"loc":{"start":{"line":1034,"column":7},"end":{"line":1034,"column":26}},"skip":true},"78":{"name":"(anonymous_78)","line":1045,"loc":{"start":{"line":1045,"column":17},"end":{"line":1045,"column":45}},"skip":true},"79":{"name":"(anonymous_79)","line":1055,"loc":{"start":{"line":1055,"column":51},"end":{"line":1058,"column":2}},"skip":true},"80":{"name":"(anonymous_80)","line":1074,"loc":{"start":{"line":1074,"column":7},"end":{"line":1074,"column":26}},"skip":true},"81":{"name":"(anonymous_81)","line":1075,"loc":{"start":{"line":1075,"column":63},"end":{"line":1075,"column":78}},"skip":true},"82":{"name":"(anonymous_82)","line":1083,"loc":{"start":{"line":1083,"column":32},"end":{"line":1083,"column":56}},"skip":true},"83":{"name":"(anonymous_83)","line":1114,"loc":{"start":{"line":1114,"column":7},"end":{"line":1114,"column":26}},"skip":true},"84":{"name":"(anonymous_84)","line":1128,"loc":{"start":{"line":1128,"column":18},"end":{"line":1128,"column":33}},"skip":true},"85":{"name":"(anonymous_85)","line":1140,"loc":{"start":{"line":1140,"column":47},"end":{"line":1140,"column":71}},"skip":true},"86":{"name":"(anonymous_86)","line":1171,"loc":{"start":{"line":1171,"column":54},"end":{"line":1174,"column":2}},"skip":true},"87":{"name":"(anonymous_87)","line":1192,"loc":{"start":{"line":1192,"column":47},"end":{"line":1192,"column":71}},"skip":true},"88":{"name":"(anonymous_88)","line":1201,"loc":{"start":{"line":1201,"column":24},"end":{"line":1201,"column":45}},"skip":true},"89":{"name":"(anonymous_89)","line":1248,"loc":{"start":{"line":1248,"column":43},"end":{"line":1248,"column":67}},"skip":true},"90":{"name":"(anonymous_90)","line":1262,"loc":{"start":{"line":1262,"column":43},"end":{"line":1262,"column":67}},"skip":true},"91":{"name":"(anonymous_91)","line":1275,"loc":{"start":{"line":1275,"column":34},"end":{"line":1275,"column":58}},"skip":true},"92":{"name":"(anonymous_92)","line":1282,"loc":{"start":{"line":1282,"column":10},"end":{"line":1282,"column":26}},"skip":true},"93":{"name":"(anonymous_93)","line":1288,"loc":{"start":{"line":1288,"column":46},"end":{"line":1288,"column":70}},"skip":true},"94":{"name":"(anonymous_94)","line":1304,"loc":{"start":{"line":1304,"column":15},"end":{"line":1304,"column":31}},"skip":true},"95":{"name":"(anonymous_95)","line":1345,"loc":{"start":{"line":1345,"column":42},"end":{"line":1345,"column":66}},"skip":true},"96":{"name":"(anonymous_96)","line":1361,"loc":{"start":{"line":1361,"column":46},"end":{"line":1361,"column":70}},"skip":true},"97":{"name":"(anonymous_97)","line":1387,"loc":{"start":{"line":1387,"column":37},"end":{"line":1387,"column":61}},"skip":true},"98":{"name":"(anonymous_98)","line":1410,"loc":{"start":{"line":1410,"column":52},"end":{"line":1413,"column":2}},"skip":true},"99":{"name":"(anonymous_99)","line":1433,"loc":{"start":{"line":1433,"column":25},"end":{"line":1433,"column":37}},"skip":true},"100":{"name":"(anonymous_100)","line":1438,"loc":{"start":{"line":1438,"column":7},"end":{"line":1438,"column":26}},"skip":true},"101":{"name":"(anonymous_101)","line":1447,"loc":{"start":{"line":1447,"column":48},"end":{"line":1447,"column":72}},"skip":true},"102":{"name":"(anonymous_102)","line":1476,"loc":{"start":{"line":1476,"column":7},"end":{"line":1476,"column":27}},"skip":true},"103":{"name":"(anonymous_103)","line":1490,"loc":{"start":{"line":1490,"column":7},"end":{"line":1490,"column":22}},"skip":true},"104":{"name":"(anonymous_104)","line":1498,"loc":{"start":{"line":1498,"column":39},"end":{"line":1498,"column":63}},"skip":true},"105":{"name":"(anonymous_105)","line":1528,"loc":{"start":{"line":1528,"column":47},"end":{"line":1528,"column":71}},"skip":true},"106":{"name":"(anonymous_106)","line":1647,"loc":{"start":{"line":1647,"column":45},"end":{"line":1647,"column":69}},"skip":true},"107":{"name":"(anonymous_107)","line":1657,"loc":{"start":{"line":1657,"column":14},"end":{"line":1657,"column":28}},"skip":true},"108":{"name":"(anonymous_108)","line":1660,"loc":{"start":{"line":1660,"column":18},"end":{"line":1660,"column":32}},"skip":true},"109":{"name":"(anonymous_109)","line":1778,"loc":{"start":{"line":1778,"column":42},"end":{"line":1778,"column":66}},"skip":true},"110":{"name":"(anonymous_110)","line":1788,"loc":{"start":{"line":1788,"column":14},"end":{"line":1788,"column":28}},"skip":true},"111":{"name":"(anonymous_111)","line":1791,"loc":{"start":{"line":1791,"column":18},"end":{"line":1791,"column":32}},"skip":true},"112":{"name":"(anonymous_112)","line":1902,"loc":{"start":{"line":1902,"column":40},"end":{"line":1902,"column":64}},"skip":true},"113":{"name":"(anonymous_113)","line":1909,"loc":{"start":{"line":1909,"column":23},"end":{"line":1909,"column":38}},"skip":true},"114":{"name":"(anonymous_114)","line":1918,"loc":{"start":{"line":1918,"column":7},"end":{"line":1918,"column":26}},"skip":true},"115":{"name":"(anonymous_115)","line":1931,"loc":{"start":{"line":1931,"column":34},"end":{"line":1931,"column":58}},"skip":true},"116":{"name":"(anonymous_116)","line":1935,"loc":{"start":{"line":1935,"column":26},"end":{"line":1935,"column":38}},"skip":true},"117":{"name":"(anonymous_117)","line":1937,"loc":{"start":{"line":1937,"column":7},"end":{"line":1937,"column":22}},"skip":true},"118":{"name":"(anonymous_118)","line":1944,"loc":{"start":{"line":1944,"column":43},"end":{"line":1944,"column":67}},"skip":true},"119":{"name":"(anonymous_119)","line":1955,"loc":{"start":{"line":1955,"column":49},"end":{"line":1955,"column":73}},"skip":true},"120":{"name":"(anonymous_120)","line":1966,"loc":{"start":{"line":1966,"column":30},"end":{"line":1966,"column":51}},"skip":true},"121":{"name":"(anonymous_121)","line":1972,"loc":{"start":{"line":1972,"column":19},"end":{"line":1972,"column":31}},"skip":true},"122":{"name":"(anonymous_122)","line":1979,"loc":{"start":{"line":1979,"column":28},"end":{"line":1979,"column":52}},"skip":true},"123":{"name":"(anonymous_123)","line":1986,"loc":{"start":{"line":1986,"column":24},"end":{"line":1986,"column":36}},"skip":true},"124":{"name":"(anonymous_124)","line":1990,"loc":{"start":{"line":1990,"column":26},"end":{"line":1990,"column":38}},"skip":true},"125":{"name":"(anonymous_125)","line":1992,"loc":{"start":{"line":1992,"column":7},"end":{"line":1992,"column":22}},"skip":true},"126":{"name":"(anonymous_126)","line":1999,"loc":{"start":{"line":1999,"column":40},"end":{"line":1999,"column":64}},"skip":true},"127":{"name":"(anonymous_127)","line":2004,"loc":{"start":{"line":2004,"column":24},"end":{"line":2004,"column":39}},"skip":true},"128":{"name":"(anonymous_128)","line":2016,"loc":{"start":{"line":2016,"column":38},"end":{"line":2016,"column":66}},"skip":true},"129":{"name":"(anonymous_129)","line":2022,"loc":{"start":{"line":2022,"column":15},"end":{"line":2022,"column":30}},"skip":true},"130":{"name":"(anonymous_130)","line":2040,"loc":{"start":{"line":2040,"column":15},"end":{"line":2040,"column":43}},"skip":true},"131":{"name":"(anonymous_131)","line":2047,"loc":{"start":{"line":2047,"column":27},"end":{"line":2047,"column":39}},"skip":true},"132":{"name":"(anonymous_132)","line":2073,"loc":{"start":{"line":2073,"column":15},"end":{"line":2073,"column":43}},"skip":true},"133":{"name":"(anonymous_133)","line":2097,"loc":{"start":{"line":2097,"column":36},"end":{"line":2097,"column":60}},"skip":true},"134":{"name":"(anonymous_134)","line":2104,"loc":{"start":{"line":2104,"column":43},"end":{"line":2104,"column":55}},"skip":true},"135":{"name":"(anonymous_135)","line":2111,"loc":{"start":{"line":2111,"column":15},"end":{"line":2111,"column":27}},"skip":true},"136":{"name":"(anonymous_136)","line":2130,"loc":{"start":{"line":2130,"column":35},"end":{"line":2130,"column":59}},"skip":true},"137":{"name":"(anonymous_137)","line":2135,"loc":{"start":{"line":2135,"column":20},"end":{"line":2135,"column":35}},"skip":true},"138":{"name":"(anonymous_138)","line":2151,"loc":{"start":{"line":2151,"column":36},"end":{"line":2151,"column":60}},"skip":true},"139":{"name":"(anonymous_139)","line":2157,"loc":{"start":{"line":2157,"column":40},"end":{"line":2157,"column":52}},"skip":true},"140":{"name":"(anonymous_140)","line":2166,"loc":{"start":{"line":2166,"column":18},"end":{"line":2166,"column":37}},"skip":true},"141":{"name":"(anonymous_141)","line":2168,"loc":{"start":{"line":2168,"column":7},"end":{"line":2168,"column":35}},"skip":true},"142":{"name":"(anonymous_142)","line":2181,"loc":{"start":{"line":2181,"column":35},"end":{"line":2181,"column":59}},"skip":true},"143":{"name":"(anonymous_143)","line":2195,"loc":{"start":{"line":2195,"column":23},"end":{"line":2195,"column":35}},"skip":true},"144":{"name":"(anonymous_144)","line":2197,"loc":{"start":{"line":2197,"column":28},"end":{"line":2197,"column":53}},"skip":true},"145":{"name":"(anonymous_145)","line":2210,"loc":{"start":{"line":2210,"column":7},"end":{"line":2210,"column":26}},"skip":true},"146":{"name":"(anonymous_146)","line":2232,"loc":{"start":{"line":2232,"column":18},"end":{"line":2232,"column":36}},"skip":true},"147":{"name":"(anonymous_147)","line":2239,"loc":{"start":{"line":2239,"column":37},"end":{"line":2239,"column":61}},"skip":true},"148":{"name":"(anonymous_148)","line":2260,"loc":{"start":{"line":2260,"column":26},"end":{"line":2260,"column":56}},"skip":true},"149":{"name":"(anonymous_149)","line":2263,"loc":{"start":{"line":2263,"column":29},"end":{"line":2263,"column":41}},"skip":true},"150":{"name":"(anonymous_150)","line":2276,"loc":{"start":{"line":2276,"column":7},"end":{"line":2276,"column":26}},"skip":true},"151":{"name":"(anonymous_151)","line":2284,"loc":{"start":{"line":2284,"column":39},"end":{"line":2284,"column":63}},"skip":true},"152":{"name":"(anonymous_152)","line":2306,"loc":{"start":{"line":2306,"column":16},"end":{"line":2308,"column":7}},"skip":true},"153":{"name":"(anonymous_153)","line":2332,"loc":{"start":{"line":2332,"column":15},"end":{"line":2332,"column":33}},"skip":true},"154":{"name":"(anonymous_154)","line":2342,"loc":{"start":{"line":2342,"column":25},"end":{"line":2342,"column":43}},"skip":true},"155":{"name":"(anonymous_155)","line":2354,"loc":{"start":{"line":2354,"column":53},"end":{"line":2357,"column":2}},"skip":true},"156":{"name":"(anonymous_156)","line":2362,"loc":{"start":{"line":2362,"column":10},"end":{"line":2362,"column":32}},"skip":true},"157":{"name":"(anonymous_157)","line":2365,"loc":{"start":{"line":2365,"column":18},"end":{"line":2365,"column":33}},"skip":true},"158":{"name":"(anonymous_158)","line":2379,"loc":{"start":{"line":2379,"column":7},"end":{"line":2379,"column":26}},"skip":true},"159":{"name":"(anonymous_159)","line":2389,"loc":{"start":{"line":2389,"column":43},"end":{"line":2389,"column":67}},"skip":true},"160":{"name":"(anonymous_160)","line":2402,"loc":{"start":{"line":2402,"column":40},"end":{"line":2402,"column":64}},"skip":true},"161":{"name":"(anonymous_161)","line":2418,"loc":{"start":{"line":2418,"column":45},"end":{"line":2418,"column":69}},"skip":true},"162":{"name":"(anonymous_162)","line":2429,"loc":{"start":{"line":2429,"column":44},"end":{"line":2429,"column":68}},"skip":true},"163":{"name":"(anonymous_163)","line":2449,"loc":{"start":{"line":2449,"column":40},"end":{"line":2449,"column":64}},"skip":true},"164":{"name":"(anonymous_164)","line":2574,"loc":{"start":{"line":2574,"column":26},"end":{"line":2574,"column":38}},"skip":true},"165":{"name":"(anonymous_165)","line":2584,"loc":{"start":{"line":2584,"column":42},"end":{"line":2584,"column":66}},"skip":true},"166":{"name":"(anonymous_166)","line":2592,"loc":{"start":{"line":2592,"column":23},"end":{"line":2592,"column":42}},"skip":true},"167":{"name":"(anonymous_167)","line":2613,"loc":{"start":{"line":2613,"column":36},"end":{"line":2613,"column":60}},"skip":true},"168":{"name":"(anonymous_168)","line":2617,"loc":{"start":{"line":2617,"column":26},"end":{"line":2617,"column":38}},"skip":true},"169":{"name":"(anonymous_169)","line":2619,"loc":{"start":{"line":2619,"column":7},"end":{"line":2619,"column":22}},"skip":true},"170":{"name":"(anonymous_170)","line":2626,"loc":{"start":{"line":2626,"column":38},"end":{"line":2626,"column":62}},"skip":true},"171":{"name":"(anonymous_171)","line":2656,"loc":{"start":{"line":2656,"column":33},"end":{"line":2656,"column":57}},"skip":true},"172":{"name":"(anonymous_172)","line":2678,"loc":{"start":{"line":2678,"column":34},"end":{"line":2678,"column":58}},"skip":true},"173":{"name":"(anonymous_173)","line":2691,"loc":{"start":{"line":2691,"column":7},"end":{"line":2691,"column":26}},"skip":true},"174":{"name":"(anonymous_174)","line":2734,"loc":{"start":{"line":2734,"column":37},"end":{"line":2734,"column":61}},"skip":true},"175":{"name":"(anonymous_175)","line":2745,"loc":{"start":{"line":2745,"column":29},"end":{"line":2745,"column":53}},"skip":true},"176":{"name":"(anonymous_176)","line":2757,"loc":{"start":{"line":2757,"column":11},"end":{"line":2757,"column":26}},"skip":true},"177":{"name":"(anonymous_177)","line":2769,"loc":{"start":{"line":2769,"column":15},"end":{"line":2769,"column":27}},"skip":true},"178":{"name":"(anonymous_178)","line":2779,"loc":{"start":{"line":2779,"column":36},"end":{"line":2779,"column":51}},"skip":true},"179":{"name":"(anonymous_179)","line":2793,"loc":{"start":{"line":2793,"column":1},"end":{"line":2793,"column":13}},"skip":true},"180":{"name":"(anonymous_180)","line":2805,"loc":{"start":{"line":2805,"column":26},"end":{"line":2805,"column":52}},"skip":true},"181":{"name":"(anonymous_181)","line":2813,"loc":{"start":{"line":2813,"column":43},"end":{"line":2813,"column":55}},"skip":true},"182":{"name":"(anonymous_182)","line":2815,"loc":{"start":{"line":2815,"column":47},"end":{"line":2815,"column":59}},"skip":true},"183":{"name":"(anonymous_183)","line":2843,"loc":{"start":{"line":2843,"column":11},"end":{"line":2843,"column":30}},"skip":true},"184":{"name":"(anonymous_184)","line":2857,"loc":{"start":{"line":2857,"column":19},"end":{"line":2857,"column":31}},"skip":true},"185":{"name":"(anonymous_185)","line":2872,"loc":{"start":{"line":2872,"column":1},"end":{"line":2872,"column":13}},"skip":true},"186":{"name":"(anonymous_186)","line":2879,"loc":{"start":{"line":2879,"column":1},"end":{"line":2879,"column":13}},"skip":true},"187":{"name":"(anonymous_187)","line":2883,"loc":{"start":{"line":2883,"column":20},"end":{"line":2883,"column":32}},"skip":true},"188":{"name":"(anonymous_188)","line":2892,"loc":{"start":{"line":2892,"column":11},"end":{"line":2892,"column":31}},"skip":true},"189":{"name":"(anonymous_189)","line":2898,"loc":{"start":{"line":2898,"column":20},"end":{"line":2898,"column":32}},"skip":true},"190":{"name":"(anonymous_190)","line":2913,"loc":{"start":{"line":2913,"column":19},"end":{"line":2913,"column":39}},"skip":true},"191":{"name":"(anonymous_191)","line":2925,"loc":{"start":{"line":2925,"column":20},"end":{"line":2925,"column":32}},"skip":true}},"statementMap":{"1":{"start":{"line":5,"column":0},"end":{"line":219,"column":61},"skip":true},"2":{"start":{"line":7,"column":4},"end":{"line":7,"column":21},"skip":true},"3":{"start":{"line":8,"column":4},"end":{"line":8,"column":18},"skip":true},"4":{"start":{"line":9,"column":4},"end":{"line":9,"column":14},"skip":true},"5":{"start":{"line":10,"column":4},"end":{"line":10,"column":43},"skip":true},"6":{"start":{"line":12,"column":4},"end":{"line":12,"column":64},"skip":true},"7":{"start":{"line":14,"column":4},"end":{"line":26,"column":5},"skip":true},"8":{"start":{"line":15,"column":8},"end":{"line":15,"column":37},"skip":true},"9":{"start":{"line":16,"column":8},"end":{"line":25,"column":10},"skip":true},"10":{"start":{"line":21,"column":12},"end":{"line":21,"column":45},"skip":true},"11":{"start":{"line":22,"column":12},"end":{"line":22,"column":37},"skip":true},"12":{"start":{"line":23,"column":12},"end":{"line":23,"column":31},"skip":true},"13":{"start":{"line":24,"column":12},"end":{"line":24,"column":30},"skip":true},"14":{"start":{"line":27,"column":4},"end":{"line":29,"column":6},"skip":true},"15":{"start":{"line":30,"column":4},"end":{"line":32,"column":6},"skip":true},"16":{"start":{"line":34,"column":4},"end":{"line":34,"column":15},"skip":true},"17":{"start":{"line":35,"column":4},"end":{"line":35,"column":24},"skip":true},"18":{"start":{"line":36,"column":4},"end":{"line":36,"column":35},"skip":true},"19":{"start":{"line":38,"column":4},"end":{"line":42,"column":6},"skip":true},"20":{"start":{"line":44,"column":4},"end":{"line":46,"column":6},"skip":true},"21":{"start":{"line":48,"column":4},"end":{"line":71,"column":6},"skip":true},"22":{"start":{"line":52,"column":8},"end":{"line":54,"column":9},"skip":true},"23":{"start":{"line":53,"column":12},"end":{"line":53,"column":19},"skip":true},"24":{"start":{"line":55,"column":8},"end":{"line":70,"column":10},"skip":true},"25":{"start":{"line":72,"column":4},"end":{"line":87,"column":6},"skip":true},"26":{"start":{"line":76,"column":8},"end":{"line":76,"column":16},"skip":true},"27":{"start":{"line":77,"column":8},"end":{"line":77,"column":15},"skip":true},"28":{"start":{"line":78,"column":8},"end":{"line":78,"column":15},"skip":true},"29":{"start":{"line":79,"column":8},"end":{"line":85,"column":9},"skip":true},"30":{"start":{"line":80,"column":12},"end":{"line":80,"column":30},"skip":true},"31":{"start":{"line":81,"column":12},"end":{"line":83,"column":13},"skip":true},"32":{"start":{"line":82,"column":16},"end":{"line":82,"column":22},"skip":true},"33":{"start":{"line":84,"column":12},"end":{"line":84,"column":20},"skip":true},"34":{"start":{"line":86,"column":8},"end":{"line":86,"column":19},"skip":true},"35":{"start":{"line":88,"column":4},"end":{"line":106,"column":6},"skip":true},"36":{"start":{"line":92,"column":8},"end":{"line":92,"column":26},"skip":true},"37":{"start":{"line":94,"column":8},"end":{"line":98,"column":9},"skip":true},"38":{"start":{"line":95,"column":12},"end":{"line":95,"column":53},"skip":true},"39":{"start":{"line":97,"column":12},"end":{"line":97,"column":19},"skip":true},"40":{"start":{"line":99,"column":8},"end":{"line":105,"column":11},"skip":true},"41":{"start":{"line":107,"column":4},"end":{"line":131,"column":6},"skip":true},"42":{"start":{"line":111,"column":8},"end":{"line":111,"column":15},"skip":true},"43":{"start":{"line":113,"column":8},"end":{"line":117,"column":9},"skip":true},"44":{"start":{"line":114,"column":12},"end":{"line":114,"column":31},"skip":true},"45":{"start":{"line":116,"column":12},"end":{"line":116,"column":19},"skip":true},"46":{"start":{"line":119,"column":8},"end":{"line":130,"column":9},"skip":true},"47":{"start":{"line":120,"column":12},"end":{"line":120,"column":41},"skip":true},"48":{"start":{"line":121,"column":12},"end":{"line":121,"column":24},"skip":true},"49":{"start":{"line":124,"column":12},"end":{"line":126,"column":15},"skip":true},"50":{"start":{"line":128,"column":12},"end":{"line":128,"column":41},"skip":true},"51":{"start":{"line":129,"column":12},"end":{"line":129,"column":24},"skip":true},"52":{"start":{"line":132,"column":4},"end":{"line":139,"column":6},"skip":true},"53":{"start":{"line":138,"column":8},"end":{"line":138,"column":32},"skip":true},"54":{"start":{"line":140,"column":4},"end":{"line":145,"column":6},"skip":true},"55":{"start":{"line":144,"column":8},"end":{"line":144,"column":19},"skip":true},"56":{"start":{"line":146,"column":4},"end":{"line":151,"column":6},"skip":true},"57":{"start":{"line":150,"column":8},"end":{"line":150,"column":15},"skip":true},"58":{"start":{"line":152,"column":4},"end":{"line":168,"column":6},"skip":true},"59":{"start":{"line":157,"column":8},"end":{"line":157,"column":30},"skip":true},"60":{"start":{"line":158,"column":8},"end":{"line":166,"column":11},"skip":true},"61":{"start":{"line":159,"column":12},"end":{"line":165,"column":13},"skip":true},"62":{"start":{"line":164,"column":16},"end":{"line":164,"column":57},"skip":true},"63":{"start":{"line":167,"column":8},"end":{"line":167,"column":22},"skip":true},"64":{"start":{"line":169,"column":4},"end":{"line":178,"column":6},"skip":true},"65":{"start":{"line":173,"column":8},"end":{"line":177,"column":16},"skip":true},"66":{"start":{"line":179,"column":4},"end":{"line":188,"column":6},"skip":true},"67":{"start":{"line":183,"column":8},"end":{"line":187,"column":16},"skip":true},"68":{"start":{"line":190,"column":4},"end":{"line":218,"column":5},"skip":true},"69":{"start":{"line":191,"column":8},"end":{"line":191,"column":41},"skip":true},"70":{"start":{"line":192,"column":8},"end":{"line":192,"column":41},"skip":true},"71":{"start":{"line":193,"column":8},"end":{"line":193,"column":55},"skip":true},"72":{"start":{"line":194,"column":8},"end":{"line":194,"column":43},"skip":true},"73":{"start":{"line":195,"column":8},"end":{"line":195,"column":41},"skip":true},"74":{"start":{"line":196,"column":8},"end":{"line":196,"column":39},"skip":true},"75":{"start":{"line":197,"column":8},"end":{"line":197,"column":35},"skip":true},"76":{"start":{"line":198,"column":8},"end":{"line":198,"column":41},"skip":true},"77":{"start":{"line":199,"column":8},"end":{"line":199,"column":41},"skip":true},"78":{"start":{"line":200,"column":8},"end":{"line":200,"column":33},"skip":true},"79":{"start":{"line":201,"column":8},"end":{"line":201,"column":37},"skip":true},"80":{"start":{"line":202,"column":8},"end":{"line":202,"column":39},"skip":true},"81":{"start":{"line":203,"column":8},"end":{"line":203,"column":35},"skip":true},"82":{"start":{"line":204,"column":8},"end":{"line":204,"column":33},"skip":true},"83":{"start":{"line":205,"column":8},"end":{"line":205,"column":37},"skip":true},"84":{"start":{"line":206,"column":8},"end":{"line":206,"column":51},"skip":true},"85":{"start":{"line":207,"column":8},"end":{"line":207,"column":45},"skip":true},"86":{"start":{"line":208,"column":8},"end":{"line":208,"column":37},"skip":true},"87":{"start":{"line":209,"column":8},"end":{"line":209,"column":41},"skip":true},"88":{"start":{"line":210,"column":8},"end":{"line":210,"column":57},"skip":true},"89":{"start":{"line":211,"column":8},"end":{"line":211,"column":41},"skip":true},"90":{"start":{"line":212,"column":8},"end":{"line":212,"column":35},"skip":true},"91":{"start":{"line":213,"column":8},"end":{"line":213,"column":35},"skip":true},"92":{"start":{"line":214,"column":8},"end":{"line":214,"column":35},"skip":true},"93":{"start":{"line":215,"column":8},"end":{"line":215,"column":37},"skip":true},"94":{"start":{"line":216,"column":8},"end":{"line":216,"column":33},"skip":true},"95":{"start":{"line":217,"column":8},"end":{"line":217,"column":37},"skip":true},"96":{"start":{"line":226,"column":0},"end":{"line":2965,"column":5},"skip":true},"97":{"start":{"line":232,"column":0},"end":{"line":239,"column":5},"skip":true},"98":{"start":{"line":234,"column":0},"end":{"line":234,"column":60},"skip":true},"99":{"start":{"line":235,"column":0},"end":{"line":235,"column":30},"skip":true},"100":{"start":{"line":236,"column":0},"end":{"line":236,"column":25},"skip":true},"101":{"start":{"line":238,"column":0},"end":{"line":238,"column":28},"skip":true},"102":{"start":{"line":244,"column":0},"end":{"line":2788,"column":5},"skip":true},"103":{"start":{"line":245,"column":0},"end":{"line":285,"column":2},"skip":true},"104":{"start":{"line":249,"column":4},"end":{"line":249,"column":13},"skip":true},"105":{"start":{"line":250,"column":4},"end":{"line":252,"column":7},"skip":true},"106":{"start":{"line":253,"column":4},"end":{"line":257,"column":7},"skip":true},"107":{"start":{"line":258,"column":4},"end":{"line":258,"column":36},"skip":true},"108":{"start":{"line":259,"column":4},"end":{"line":259,"column":68},"skip":true},"109":{"start":{"line":261,"column":4},"end":{"line":261,"column":40},"skip":true},"110":{"start":{"line":263,"column":4},"end":{"line":263,"column":57},"skip":true},"111":{"start":{"line":264,"column":4},"end":{"line":264,"column":24},"skip":true},"112":{"start":{"line":265,"column":4},"end":{"line":265,"column":27},"skip":true},"113":{"start":{"line":266,"column":4},"end":{"line":284,"column":7},"skip":true},"114":{"start":{"line":268,"column":8},"end":{"line":268,"column":39},"skip":true},"115":{"start":{"line":270,"column":8},"end":{"line":273,"column":34},"skip":true},"116":{"start":{"line":274,"column":8},"end":{"line":277,"column":34},"skip":true},"117":{"start":{"line":278,"column":8},"end":{"line":282,"column":34},"skip":true},"118":{"start":{"line":283,"column":8},"end":{"line":283,"column":32},"skip":true},"119":{"start":{"line":287,"column":0},"end":{"line":310,"column":2},"skip":true},"120":{"start":{"line":291,"column":4},"end":{"line":309,"column":16},"skip":true},"121":{"start":{"line":295,"column":20},"end":{"line":295,"column":48},"skip":true},"122":{"start":{"line":300,"column":8},"end":{"line":308,"column":11},"skip":true},"123":{"start":{"line":306,"column":12},"end":{"line":306,"column":42},"skip":true},"124":{"start":{"line":307,"column":12},"end":{"line":307,"column":36},"skip":true},"125":{"start":{"line":312,"column":0},"end":{"line":329,"column":2},"skip":true},"126":{"start":{"line":316,"column":4},"end":{"line":328,"column":7},"skip":true},"127":{"start":{"line":322,"column":8},"end":{"line":322,"column":39},"skip":true},"128":{"start":{"line":324,"column":8},"end":{"line":326,"column":52},"skip":true},"129":{"start":{"line":327,"column":8},"end":{"line":327,"column":32},"skip":true},"130":{"start":{"line":331,"column":0},"end":{"line":372,"column":2},"skip":true},"131":{"start":{"line":335,"column":4},"end":{"line":338,"column":5},"skip":true},"132":{"start":{"line":336,"column":8},"end":{"line":336,"column":32},"skip":true},"133":{"start":{"line":337,"column":8},"end":{"line":337,"column":15},"skip":true},"134":{"start":{"line":339,"column":4},"end":{"line":339,"column":13},"skip":true},"135":{"start":{"line":340,"column":4},"end":{"line":369,"column":7},"skip":true},"136":{"start":{"line":341,"column":8},"end":{"line":368,"column":9},"skip":true},"137":{"start":{"line":344,"column":12},"end":{"line":346,"column":29},"skip":true},"138":{"start":{"line":347,"column":12},"end":{"line":347,"column":18},"skip":true},"139":{"start":{"line":350,"column":12},"end":{"line":350,"column":77},"skip":true},"140":{"start":{"line":352,"column":12},"end":{"line":359,"column":29},"skip":true},"141":{"start":{"line":360,"column":12},"end":{"line":360,"column":18},"skip":true},"142":{"start":{"line":363,"column":12},"end":{"line":363,"column":56},"skip":true},"143":{"start":{"line":364,"column":12},"end":{"line":364,"column":27},"skip":true},"144":{"start":{"line":365,"column":12},"end":{"line":365,"column":18},"skip":true},"145":{"start":{"line":367,"column":12},"end":{"line":367,"column":30},"skip":true},"146":{"start":{"line":370,"column":4},"end":{"line":370,"column":22},"skip":true},"147":{"start":{"line":371,"column":4},"end":{"line":371,"column":19},"skip":true},"148":{"start":{"line":374,"column":0},"end":{"line":611,"column":2},"skip":true},"149":{"start":{"line":378,"column":4},"end":{"line":378,"column":19},"skip":true},"150":{"start":{"line":379,"column":4},"end":{"line":379,"column":43},"skip":true},"151":{"start":{"line":380,"column":4},"end":{"line":380,"column":24},"skip":true},"152":{"start":{"line":383,"column":4},"end":{"line":383,"column":24},"skip":true},"153":{"start":{"line":384,"column":4},"end":{"line":442,"column":19},"skip":true},"154":{"start":{"line":392,"column":8},"end":{"line":392,"column":41},"skip":true},"155":{"start":{"line":393,"column":8},"end":{"line":393,"column":28},"skip":true},"156":{"start":{"line":394,"column":8},"end":{"line":441,"column":11},"skip":true},"157":{"start":{"line":415,"column":12},"end":{"line":415,"column":43},"skip":true},"158":{"start":{"line":417,"column":12},"end":{"line":417,"column":55},"skip":true},"159":{"start":{"line":419,"column":12},"end":{"line":439,"column":13},"skip":true},"160":{"start":{"line":422,"column":16},"end":{"line":422,"column":73},"skip":true},"161":{"start":{"line":423,"column":16},"end":{"line":435,"column":19},"skip":true},"162":{"start":{"line":436,"column":16},"end":{"line":436,"column":22},"skip":true},"163":{"start":{"line":438,"column":16},"end":{"line":438,"column":80},"skip":true},"164":{"start":{"line":440,"column":12},"end":{"line":440,"column":34},"skip":true},"165":{"start":{"line":445,"column":4},"end":{"line":445,"column":24},"skip":true},"166":{"start":{"line":446,"column":4},"end":{"line":454,"column":7},"skip":true},"167":{"start":{"line":450,"column":8},"end":{"line":450,"column":38},"skip":true},"168":{"start":{"line":452,"column":8},"end":{"line":452,"column":51},"skip":true},"169":{"start":{"line":453,"column":8},"end":{"line":453,"column":30},"skip":true},"170":{"start":{"line":456,"column":4},"end":{"line":458,"column":7},"skip":true},"171":{"start":{"line":459,"column":4},"end":{"line":459,"column":16},"skip":true},"172":{"start":{"line":460,"column":4},"end":{"line":460,"column":16},"skip":true},"173":{"start":{"line":463,"column":4},"end":{"line":463,"column":24},"skip":true},"174":{"start":{"line":464,"column":4},"end":{"line":494,"column":7},"skip":true},"175":{"start":{"line":478,"column":8},"end":{"line":478,"column":39},"skip":true},"176":{"start":{"line":480,"column":8},"end":{"line":480,"column":51},"skip":true},"177":{"start":{"line":482,"column":8},"end":{"line":482,"column":73},"skip":true},"178":{"start":{"line":484,"column":8},"end":{"line":486,"column":52},"skip":true},"179":{"start":{"line":487,"column":8},"end":{"line":489,"column":52},"skip":true},"180":{"start":{"line":491,"column":8},"end":{"line":491,"column":50},"skip":true},"181":{"start":{"line":492,"column":8},"end":{"line":492,"column":44},"skip":true},"182":{"start":{"line":493,"column":8},"end":{"line":493,"column":30},"skip":true},"183":{"start":{"line":497,"column":4},"end":{"line":497,"column":24},"skip":true},"184":{"start":{"line":498,"column":4},"end":{"line":527,"column":19},"skip":true},"185":{"start":{"line":521,"column":8},"end":{"line":521,"column":28},"skip":true},"186":{"start":{"line":522,"column":8},"end":{"line":526,"column":11},"skip":true},"187":{"start":{"line":524,"column":12},"end":{"line":524,"column":42},"skip":true},"188":{"start":{"line":525,"column":12},"end":{"line":525,"column":34},"skip":true},"189":{"start":{"line":530,"column":4},"end":{"line":530,"column":24},"skip":true},"190":{"start":{"line":531,"column":4},"end":{"line":543,"column":7},"skip":true},"191":{"start":{"line":535,"column":8},"end":{"line":535,"column":39},"skip":true},"192":{"start":{"line":537,"column":8},"end":{"line":537,"column":51},"skip":true},"193":{"start":{"line":539,"column":8},"end":{"line":541,"column":27},"skip":true},"194":{"start":{"line":542,"column":8},"end":{"line":542,"column":30},"skip":true},"195":{"start":{"line":546,"column":4},"end":{"line":546,"column":24},"skip":true},"196":{"start":{"line":547,"column":4},"end":{"line":594,"column":19},"skip":true},"197":{"start":{"line":554,"column":8},"end":{"line":592,"column":11},"skip":true},"198":{"start":{"line":558,"column":12},"end":{"line":558,"column":32},"skip":true},"199":{"start":{"line":559,"column":12},"end":{"line":572,"column":15},"skip":true},"200":{"start":{"line":568,"column":16},"end":{"line":568,"column":47},"skip":true},"201":{"start":{"line":570,"column":16},"end":{"line":570,"column":59},"skip":true},"202":{"start":{"line":571,"column":16},"end":{"line":571,"column":29},"skip":true},"203":{"start":{"line":574,"column":12},"end":{"line":574,"column":32},"skip":true},"204":{"start":{"line":575,"column":12},"end":{"line":591,"column":15},"skip":true},"205":{"start":{"line":587,"column":16},"end":{"line":587,"column":46},"skip":true},"206":{"start":{"line":589,"column":16},"end":{"line":589,"column":59},"skip":true},"207":{"start":{"line":590,"column":16},"end":{"line":590,"column":29},"skip":true},"208":{"start":{"line":593,"column":8},"end":{"line":593,"column":32},"skip":true},"209":{"start":{"line":595,"column":4},"end":{"line":595,"column":17},"skip":true},"210":{"start":{"line":598,"column":4},"end":{"line":598,"column":24},"skip":true},"211":{"start":{"line":599,"column":4},"end":{"line":610,"column":13},"skip":true},"212":{"start":{"line":600,"column":8},"end":{"line":609,"column":11},"skip":true},"213":{"start":{"line":605,"column":12},"end":{"line":605,"column":42},"skip":true},"214":{"start":{"line":607,"column":12},"end":{"line":607,"column":55},"skip":true},"215":{"start":{"line":608,"column":12},"end":{"line":608,"column":34},"skip":true},"216":{"start":{"line":613,"column":0},"end":{"line":671,"column":2},"skip":true},"217":{"start":{"line":618,"column":4},"end":{"line":618,"column":36},"skip":true},"218":{"start":{"line":620,"column":4},"end":{"line":627,"column":7},"skip":true},"219":{"start":{"line":621,"column":8},"end":{"line":621,"column":34},"skip":true},"220":{"start":{"line":624,"column":8},"end":{"line":624,"column":38},"skip":true},"221":{"start":{"line":626,"column":8},"end":{"line":626,"column":47},"skip":true},"222":{"start":{"line":629,"column":4},"end":{"line":636,"column":7},"skip":true},"223":{"start":{"line":630,"column":8},"end":{"line":630,"column":40},"skip":true},"224":{"start":{"line":633,"column":8},"end":{"line":633,"column":38},"skip":true},"225":{"start":{"line":635,"column":8},"end":{"line":635,"column":49},"skip":true},"226":{"start":{"line":638,"column":4},"end":{"line":643,"column":7},"skip":true},"227":{"start":{"line":639,"column":8},"end":{"line":639,"column":54},"skip":true},"228":{"start":{"line":642,"column":8},"end":{"line":642,"column":38},"skip":true},"229":{"start":{"line":645,"column":4},"end":{"line":654,"column":7},"skip":true},"230":{"start":{"line":646,"column":8},"end":{"line":648,"column":11},"skip":true},"231":{"start":{"line":651,"column":8},"end":{"line":651,"column":38},"skip":true},"232":{"start":{"line":653,"column":8},"end":{"line":653,"column":66},"skip":true},"233":{"start":{"line":655,"column":4},"end":{"line":669,"column":7},"skip":true},"234":{"start":{"line":658,"column":8},"end":{"line":668,"column":11},"skip":true},"235":{"start":{"line":661,"column":12},"end":{"line":667,"column":13},"skip":true},"236":{"start":{"line":663,"column":16},"end":{"line":663,"column":46},"skip":true},"237":{"start":{"line":666,"column":16},"end":{"line":666,"column":49},"skip":true},"238":{"start":{"line":670,"column":4},"end":{"line":670,"column":28},"skip":true},"239":{"start":{"line":673,"column":0},"end":{"line":697,"column":2},"skip":true},"240":{"start":{"line":677,"column":4},"end":{"line":677,"column":13},"skip":true},"241":{"start":{"line":678,"column":4},"end":{"line":680,"column":6},"skip":true},"242":{"start":{"line":682,"column":4},"end":{"line":682,"column":56},"skip":true},"243":{"start":{"line":683,"column":4},"end":{"line":683,"column":74},"skip":true},"244":{"start":{"line":684,"column":4},"end":{"line":684,"column":52},"skip":true},"245":{"start":{"line":685,"column":4},"end":{"line":685,"column":78},"skip":true},"246":{"start":{"line":686,"column":4},"end":{"line":686,"column":76},"skip":true},"247":{"start":{"line":688,"column":4},"end":{"line":691,"column":6},"skip":true},"248":{"start":{"line":692,"column":4},"end":{"line":695,"column":6},"skip":true},"249":{"start":{"line":696,"column":4},"end":{"line":696,"column":28},"skip":true},"250":{"start":{"line":699,"column":0},"end":{"line":751,"column":2},"skip":true},"251":{"start":{"line":703,"column":4},"end":{"line":703,"column":19},"skip":true},"252":{"start":{"line":704,"column":4},"end":{"line":704,"column":43},"skip":true},"253":{"start":{"line":705,"column":4},"end":{"line":705,"column":24},"skip":true},"254":{"start":{"line":707,"column":4},"end":{"line":707,"column":24},"skip":true},"255":{"start":{"line":708,"column":4},"end":{"line":723,"column":7},"skip":true},"256":{"start":{"line":716,"column":8},"end":{"line":716,"column":39},"skip":true},"257":{"start":{"line":718,"column":8},"end":{"line":721,"column":10},"skip":true},"258":{"start":{"line":722,"column":8},"end":{"line":722,"column":30},"skip":true},"259":{"start":{"line":724,"column":4},"end":{"line":727,"column":5},"skip":true},"260":{"start":{"line":725,"column":8},"end":{"line":725,"column":30},"skip":true},"261":{"start":{"line":726,"column":8},"end":{"line":726,"column":15},"skip":true},"262":{"start":{"line":729,"column":4},"end":{"line":729,"column":24},"skip":true},"263":{"start":{"line":730,"column":4},"end":{"line":749,"column":19},"skip":true},"264":{"start":{"line":734,"column":20},"end":{"line":736,"column":23},"skip":true},"265":{"start":{"line":737,"column":20},"end":{"line":739,"column":23},"skip":true},"266":{"start":{"line":744,"column":8},"end":{"line":747,"column":11},"skip":true},"267":{"start":{"line":746,"column":12},"end":{"line":746,"column":42},"skip":true},"268":{"start":{"line":748,"column":8},"end":{"line":748,"column":32},"skip":true},"269":{"start":{"line":750,"column":4},"end":{"line":750,"column":17},"skip":true},"270":{"start":{"line":753,"column":0},"end":{"line":811,"column":2},"skip":true},"271":{"start":{"line":757,"column":0},"end":{"line":809,"column":3},"skip":true},"272":{"start":{"line":804,"column":4},"end":{"line":808,"column":21},"skip":true},"273":{"start":{"line":810,"column":0},"end":{"line":810,"column":24},"skip":true},"274":{"start":{"line":813,"column":0},"end":{"line":828,"column":2},"skip":true},"275":{"start":{"line":817,"column":4},"end":{"line":826,"column":7},"skip":true},"276":{"start":{"line":818,"column":8},"end":{"line":818,"column":19},"skip":true},"277":{"start":{"line":819,"column":8},"end":{"line":823,"column":9},"skip":true},"278":{"start":{"line":820,"column":12},"end":{"line":820,"column":48},"skip":true},"279":{"start":{"line":822,"column":12},"end":{"line":822,"column":28},"skip":true},"280":{"start":{"line":825,"column":8},"end":{"line":825,"column":39},"skip":true},"281":{"start":{"line":827,"column":4},"end":{"line":827,"column":28},"skip":true},"282":{"start":{"line":830,"column":0},"end":{"line":837,"column":2},"skip":true},"283":{"start":{"line":834,"column":4},"end":{"line":836,"column":21},"skip":true},"284":{"start":{"line":839,"column":0},"end":{"line":873,"column":2},"skip":true},"285":{"start":{"line":843,"column":4},"end":{"line":846,"column":5},"skip":true},"286":{"start":{"line":844,"column":8},"end":{"line":844,"column":32},"skip":true},"287":{"start":{"line":845,"column":8},"end":{"line":845,"column":15},"skip":true},"288":{"start":{"line":847,"column":4},"end":{"line":847,"column":64},"skip":true},"289":{"start":{"line":848,"column":4},"end":{"line":848,"column":61},"skip":true},"290":{"start":{"line":849,"column":4},"end":{"line":849,"column":62},"skip":true},"291":{"start":{"line":850,"column":4},"end":{"line":872,"column":16},"skip":true},"292":{"start":{"line":875,"column":0},"end":{"line":920,"column":2},"skip":true},"293":{"start":{"line":879,"column":4},"end":{"line":882,"column":5},"skip":true},"294":{"start":{"line":880,"column":8},"end":{"line":880,"column":32},"skip":true},"295":{"start":{"line":881,"column":8},"end":{"line":881,"column":15},"skip":true},"296":{"start":{"line":883,"column":4},"end":{"line":918,"column":27},"skip":true},"297":{"start":{"line":888,"column":20},"end":{"line":901,"column":22},"skip":true},"298":{"start":{"line":904,"column":20},"end":{"line":904,"column":74},"skip":true},"299":{"start":{"line":911,"column":20},"end":{"line":911,"column":32},"skip":true},"300":{"start":{"line":917,"column":8},"end":{"line":917,"column":36},"skip":true},"301":{"start":{"line":919,"column":4},"end":{"line":919,"column":32},"skip":true},"302":{"start":{"line":922,"column":0},"end":{"line":963,"column":2},"skip":true},"303":{"start":{"line":926,"column":4},"end":{"line":929,"column":5},"skip":true},"304":{"start":{"line":927,"column":8},"end":{"line":927,"column":32},"skip":true},"305":{"start":{"line":928,"column":8},"end":{"line":928,"column":15},"skip":true},"306":{"start":{"line":930,"column":4},"end":{"line":930,"column":13},"skip":true},"307":{"start":{"line":932,"column":4},"end":{"line":935,"column":6},"skip":true},"308":{"start":{"line":936,"column":4},"end":{"line":936,"column":13},"skip":true},"309":{"start":{"line":937,"column":4},"end":{"line":961,"column":6},"skip":true},"310":{"start":{"line":939,"column":8},"end":{"line":960,"column":11},"skip":true},"311":{"start":{"line":957,"column":12},"end":{"line":959,"column":15},"skip":true},"312":{"start":{"line":958,"column":16},"end":{"line":958,"column":61},"skip":true},"313":{"start":{"line":962,"column":4},"end":{"line":962,"column":36},"skip":true},"314":{"start":{"line":965,"column":0},"end":{"line":996,"column":2},"skip":true},"315":{"start":{"line":969,"column":4},"end":{"line":995,"column":16},"skip":true},"316":{"start":{"line":986,"column":8},"end":{"line":986,"column":61},"skip":true},"317":{"start":{"line":987,"column":8},"end":{"line":987,"column":58},"skip":true},"318":{"start":{"line":988,"column":8},"end":{"line":988,"column":58},"skip":true},"319":{"start":{"line":989,"column":8},"end":{"line":989,"column":61},"skip":true},"320":{"start":{"line":990,"column":8},"end":{"line":990,"column":59},"skip":true},"321":{"start":{"line":991,"column":8},"end":{"line":991,"column":57},"skip":true},"322":{"start":{"line":992,"column":8},"end":{"line":992,"column":75},"skip":true},"323":{"start":{"line":993,"column":8},"end":{"line":993,"column":57},"skip":true},"324":{"start":{"line":994,"column":8},"end":{"line":994,"column":32},"skip":true},"325":{"start":{"line":998,"column":0},"end":{"line":1053,"column":2},"skip":true},"326":{"start":{"line":1006,"column":4},"end":{"line":1006,"column":19},"skip":true},"327":{"start":{"line":1007,"column":4},"end":{"line":1010,"column":5},"skip":true},"328":{"start":{"line":1008,"column":8},"end":{"line":1008,"column":32},"skip":true},"329":{"start":{"line":1009,"column":8},"end":{"line":1009,"column":15},"skip":true},"330":{"start":{"line":1011,"column":4},"end":{"line":1011,"column":13},"skip":true},"331":{"start":{"line":1012,"column":4},"end":{"line":1012,"column":43},"skip":true},"332":{"start":{"line":1013,"column":4},"end":{"line":1013,"column":24},"skip":true},"333":{"start":{"line":1015,"column":4},"end":{"line":1015,"column":24},"skip":true},"334":{"start":{"line":1016,"column":4},"end":{"line":1025,"column":7},"skip":true},"335":{"start":{"line":1021,"column":8},"end":{"line":1021,"column":43},"skip":true},"336":{"start":{"line":1023,"column":8},"end":{"line":1023,"column":44},"skip":true},"337":{"start":{"line":1024,"column":8},"end":{"line":1024,"column":30},"skip":true},"338":{"start":{"line":1027,"column":4},"end":{"line":1027,"column":24},"skip":true},"339":{"start":{"line":1028,"column":4},"end":{"line":1041,"column":27},"skip":true},"340":{"start":{"line":1035,"column":8},"end":{"line":1039,"column":10},"skip":true},"341":{"start":{"line":1040,"column":8},"end":{"line":1040,"column":32},"skip":true},"342":{"start":{"line":1042,"column":4},"end":{"line":1051,"column":7},"skip":true},"343":{"start":{"line":1047,"column":8},"end":{"line":1047,"column":46},"skip":true},"344":{"start":{"line":1049,"column":8},"end":{"line":1049,"column":49},"skip":true},"345":{"start":{"line":1050,"column":8},"end":{"line":1050,"column":30},"skip":true},"346":{"start":{"line":1052,"column":4},"end":{"line":1052,"column":26},"skip":true},"347":{"start":{"line":1055,"column":0},"end":{"line":1081,"column":2},"skip":true},"348":{"start":{"line":1063,"column":4},"end":{"line":1066,"column":5},"skip":true},"349":{"start":{"line":1064,"column":8},"end":{"line":1064,"column":32},"skip":true},"350":{"start":{"line":1065,"column":8},"end":{"line":1065,"column":15},"skip":true},"351":{"start":{"line":1067,"column":4},"end":{"line":1080,"column":16},"skip":true},"352":{"start":{"line":1075,"column":8},"end":{"line":1078,"column":11},"skip":true},"353":{"start":{"line":1077,"column":12},"end":{"line":1077,"column":42},"skip":true},"354":{"start":{"line":1079,"column":8},"end":{"line":1079,"column":32},"skip":true},"355":{"start":{"line":1083,"column":0},"end":{"line":1138,"column":2},"skip":true},"356":{"start":{"line":1087,"column":4},"end":{"line":1090,"column":5},"skip":true},"357":{"start":{"line":1088,"column":8},"end":{"line":1088,"column":32},"skip":true},"358":{"start":{"line":1089,"column":8},"end":{"line":1089,"column":15},"skip":true},"359":{"start":{"line":1091,"column":4},"end":{"line":1137,"column":16},"skip":true},"360":{"start":{"line":1116,"column":8},"end":{"line":1120,"column":11},"skip":true},"361":{"start":{"line":1122,"column":8},"end":{"line":1131,"column":11},"skip":true},"362":{"start":{"line":1129,"column":12},"end":{"line":1129,"column":34},"skip":true},"363":{"start":{"line":1130,"column":12},"end":{"line":1130,"column":27},"skip":true},"364":{"start":{"line":1133,"column":8},"end":{"line":1133,"column":38},"skip":true},"365":{"start":{"line":1134,"column":8},"end":{"line":1134,"column":35},"skip":true},"366":{"start":{"line":1135,"column":8},"end":{"line":1135,"column":55},"skip":true},"367":{"start":{"line":1136,"column":8},"end":{"line":1136,"column":32},"skip":true},"368":{"start":{"line":1140,"column":0},"end":{"line":1169,"column":2},"skip":true},"369":{"start":{"line":1145,"column":4},"end":{"line":1145,"column":68},"skip":true},"370":{"start":{"line":1147,"column":4},"end":{"line":1155,"column":25},"skip":true},"371":{"start":{"line":1157,"column":4},"end":{"line":1167,"column":31},"skip":true},"372":{"start":{"line":1168,"column":4},"end":{"line":1168,"column":28},"skip":true},"373":{"start":{"line":1171,"column":0},"end":{"line":1189,"column":2},"skip":true},"374":{"start":{"line":1178,"column":4},"end":{"line":1181,"column":5},"skip":true},"375":{"start":{"line":1179,"column":8},"end":{"line":1179,"column":32},"skip":true},"376":{"start":{"line":1180,"column":8},"end":{"line":1180,"column":15},"skip":true},"377":{"start":{"line":1182,"column":4},"end":{"line":1187,"column":39},"skip":true},"378":{"start":{"line":1188,"column":4},"end":{"line":1188,"column":28},"skip":true},"379":{"start":{"line":1192,"column":0},"end":{"line":1246,"column":2},"skip":true},"380":{"start":{"line":1196,"column":4},"end":{"line":1199,"column":5},"skip":true},"381":{"start":{"line":1197,"column":8},"end":{"line":1197,"column":18},"skip":true},"382":{"start":{"line":1198,"column":8},"end":{"line":1198,"column":15},"skip":true},"383":{"start":{"line":1200,"column":4},"end":{"line":1200,"column":13},"skip":true},"384":{"start":{"line":1201,"column":4},"end":{"line":1243,"column":7},"skip":true},"385":{"start":{"line":1202,"column":8},"end":{"line":1242,"column":9},"skip":true},"386":{"start":{"line":1205,"column":12},"end":{"line":1205,"column":54},"skip":true},"387":{"start":{"line":1206,"column":12},"end":{"line":1206,"column":57},"skip":true},"388":{"start":{"line":1207,"column":12},"end":{"line":1207,"column":28},"skip":true},"389":{"start":{"line":1208,"column":12},"end":{"line":1208,"column":63},"skip":true},"390":{"start":{"line":1209,"column":12},"end":{"line":1209,"column":18},"skip":true},"391":{"start":{"line":1212,"column":12},"end":{"line":1212,"column":35},"skip":true},"392":{"start":{"line":1213,"column":12},"end":{"line":1213,"column":63},"skip":true},"393":{"start":{"line":1214,"column":12},"end":{"line":1214,"column":18},"skip":true},"394":{"start":{"line":1217,"column":12},"end":{"line":1217,"column":66},"skip":true},"395":{"start":{"line":1218,"column":12},"end":{"line":1218,"column":27},"skip":true},"396":{"start":{"line":1219,"column":12},"end":{"line":1219,"column":18},"skip":true},"397":{"start":{"line":1222,"column":12},"end":{"line":1222,"column":54},"skip":true},"398":{"start":{"line":1223,"column":12},"end":{"line":1226,"column":14},"skip":true},"399":{"start":{"line":1227,"column":12},"end":{"line":1227,"column":32},"skip":true},"400":{"start":{"line":1228,"column":12},"end":{"line":1228,"column":63},"skip":true},"401":{"start":{"line":1229,"column":12},"end":{"line":1229,"column":18},"skip":true},"402":{"start":{"line":1232,"column":12},"end":{"line":1232,"column":28},"skip":true},"403":{"start":{"line":1233,"column":12},"end":{"line":1233,"column":63},"skip":true},"404":{"start":{"line":1234,"column":12},"end":{"line":1234,"column":18},"skip":true},"405":{"start":{"line":1237,"column":12},"end":{"line":1237,"column":66},"skip":true},"406":{"start":{"line":1238,"column":12},"end":{"line":1238,"column":27},"skip":true},"407":{"start":{"line":1239,"column":12},"end":{"line":1239,"column":18},"skip":true},"408":{"start":{"line":1241,"column":12},"end":{"line":1241,"column":30},"skip":true},"409":{"start":{"line":1244,"column":4},"end":{"line":1244,"column":22},"skip":true},"410":{"start":{"line":1245,"column":4},"end":{"line":1245,"column":19},"skip":true},"411":{"start":{"line":1248,"column":0},"end":{"line":1260,"column":2},"skip":true},"412":{"start":{"line":1252,"column":4},"end":{"line":1255,"column":5},"skip":true},"413":{"start":{"line":1253,"column":8},"end":{"line":1253,"column":32},"skip":true},"414":{"start":{"line":1254,"column":8},"end":{"line":1254,"column":15},"skip":true},"415":{"start":{"line":1256,"column":4},"end":{"line":1258,"column":47},"skip":true},"416":{"start":{"line":1259,"column":4},"end":{"line":1259,"column":28},"skip":true},"417":{"start":{"line":1262,"column":0},"end":{"line":1273,"column":2},"skip":true},"418":{"start":{"line":1267,"column":4},"end":{"line":1267,"column":63},"skip":true},"419":{"start":{"line":1269,"column":4},"end":{"line":1269,"column":68},"skip":true},"420":{"start":{"line":1271,"column":4},"end":{"line":1271,"column":65},"skip":true},"421":{"start":{"line":1272,"column":4},"end":{"line":1272,"column":28},"skip":true},"422":{"start":{"line":1275,"column":0},"end":{"line":1286,"column":2},"skip":true},"423":{"start":{"line":1280,"column":0},"end":{"line":1284,"column":3},"skip":true},"424":{"start":{"line":1283,"column":4},"end":{"line":1283,"column":54},"skip":true},"425":{"start":{"line":1285,"column":0},"end":{"line":1285,"column":24},"skip":true},"426":{"start":{"line":1288,"column":0},"end":{"line":1343,"column":2},"skip":true},"427":{"start":{"line":1293,"column":4},"end":{"line":1309,"column":7},"skip":true},"428":{"start":{"line":1305,"column":8},"end":{"line":1308,"column":10},"skip":true},"429":{"start":{"line":1311,"column":4},"end":{"line":1325,"column":6},"skip":true},"430":{"start":{"line":1327,"column":4},"end":{"line":1327,"column":17},"skip":true},"431":{"start":{"line":1328,"column":4},"end":{"line":1341,"column":6},"skip":true},"432":{"start":{"line":1342,"column":4},"end":{"line":1342,"column":28},"skip":true},"433":{"start":{"line":1345,"column":0},"end":{"line":1359,"column":2},"skip":true},"434":{"start":{"line":1349,"column":4},"end":{"line":1352,"column":5},"skip":true},"435":{"start":{"line":1350,"column":8},"end":{"line":1350,"column":32},"skip":true},"436":{"start":{"line":1351,"column":8},"end":{"line":1351,"column":15},"skip":true},"437":{"start":{"line":1353,"column":4},"end":{"line":1356,"column":68},"skip":true},"438":{"start":{"line":1357,"column":4},"end":{"line":1357,"column":37},"skip":true},"439":{"start":{"line":1358,"column":4},"end":{"line":1358,"column":28},"skip":true},"440":{"start":{"line":1361,"column":0},"end":{"line":1385,"column":2},"skip":true},"441":{"start":{"line":1365,"column":4},"end":{"line":1365,"column":13},"skip":true},"442":{"start":{"line":1367,"column":4},"end":{"line":1369,"column":6},"skip":true},"443":{"start":{"line":1370,"column":4},"end":{"line":1370,"column":22},"skip":true},"444":{"start":{"line":1372,"column":4},"end":{"line":1372,"column":15},"skip":true},"445":{"start":{"line":1373,"column":4},"end":{"line":1376,"column":5},"skip":true},"446":{"start":{"line":1374,"column":8},"end":{"line":1374,"column":66},"skip":true},"447":{"start":{"line":1375,"column":8},"end":{"line":1375,"column":20},"skip":true},"448":{"start":{"line":1378,"column":4},"end":{"line":1383,"column":6},"skip":true},"449":{"start":{"line":1384,"column":4},"end":{"line":1384,"column":28},"skip":true},"450":{"start":{"line":1387,"column":0},"end":{"line":1408,"column":2},"skip":true},"451":{"start":{"line":1391,"column":4},"end":{"line":1391,"column":13},"skip":true},"452":{"start":{"line":1393,"column":4},"end":{"line":1393,"column":23},"skip":true},"453":{"start":{"line":1395,"column":4},"end":{"line":1395,"column":15},"skip":true},"454":{"start":{"line":1396,"column":4},"end":{"line":1404,"column":5},"skip":true},"455":{"start":{"line":1397,"column":8},"end":{"line":1399,"column":10},"skip":true},"456":{"start":{"line":1401,"column":8},"end":{"line":1401,"column":72},"skip":true},"457":{"start":{"line":1402,"column":8},"end":{"line":1402,"column":67},"skip":true},"458":{"start":{"line":1403,"column":8},"end":{"line":1403,"column":20},"skip":true},"459":{"start":{"line":1406,"column":4},"end":{"line":1406,"column":42},"skip":true},"460":{"start":{"line":1407,"column":4},"end":{"line":1407,"column":28},"skip":true},"461":{"start":{"line":1410,"column":0},"end":{"line":1445,"column":2},"skip":true},"462":{"start":{"line":1417,"column":4},"end":{"line":1420,"column":5},"skip":true},"463":{"start":{"line":1418,"column":8},"end":{"line":1418,"column":32},"skip":true},"464":{"start":{"line":1419,"column":8},"end":{"line":1419,"column":15},"skip":true},"465":{"start":{"line":1421,"column":4},"end":{"line":1424,"column":6},"skip":true},"466":{"start":{"line":1425,"column":4},"end":{"line":1428,"column":6},"skip":true},"467":{"start":{"line":1429,"column":4},"end":{"line":1444,"column":16},"skip":true},"468":{"start":{"line":1434,"column":20},"end":{"line":1434,"column":45},"skip":true},"469":{"start":{"line":1439,"column":8},"end":{"line":1439,"column":37},"skip":true},"470":{"start":{"line":1440,"column":8},"end":{"line":1443,"column":10},"skip":true},"471":{"start":{"line":1447,"column":0},"end":{"line":1496,"column":2},"skip":true},"472":{"start":{"line":1451,"column":4},"end":{"line":1451,"column":19},"skip":true},"473":{"start":{"line":1452,"column":4},"end":{"line":1455,"column":5},"skip":true},"474":{"start":{"line":1453,"column":8},"end":{"line":1453,"column":32},"skip":true},"475":{"start":{"line":1454,"column":8},"end":{"line":1454,"column":15},"skip":true},"476":{"start":{"line":1456,"column":4},"end":{"line":1456,"column":43},"skip":true},"477":{"start":{"line":1457,"column":4},"end":{"line":1457,"column":24},"skip":true},"478":{"start":{"line":1459,"column":4},"end":{"line":1459,"column":24},"skip":true},"479":{"start":{"line":1460,"column":4},"end":{"line":1468,"column":19},"skip":true},"480":{"start":{"line":1470,"column":4},"end":{"line":1470,"column":24},"skip":true},"481":{"start":{"line":1471,"column":4},"end":{"line":1482,"column":7},"skip":true},"482":{"start":{"line":1478,"column":8},"end":{"line":1478,"column":39},"skip":true},"483":{"start":{"line":1480,"column":8},"end":{"line":1480,"column":72},"skip":true},"484":{"start":{"line":1481,"column":8},"end":{"line":1481,"column":35},"skip":true},"485":{"start":{"line":1484,"column":4},"end":{"line":1484,"column":24},"skip":true},"486":{"start":{"line":1485,"column":4},"end":{"line":1494,"column":7},"skip":true},"487":{"start":{"line":1492,"column":8},"end":{"line":1492,"column":38},"skip":true},"488":{"start":{"line":1493,"column":8},"end":{"line":1493,"column":30},"skip":true},"489":{"start":{"line":1495,"column":4},"end":{"line":1495,"column":26},"skip":true},"490":{"start":{"line":1498,"column":0},"end":{"line":1526,"column":2},"skip":true},"491":{"start":{"line":1502,"column":4},"end":{"line":1505,"column":5},"skip":true},"492":{"start":{"line":1503,"column":8},"end":{"line":1503,"column":32},"skip":true},"493":{"start":{"line":1504,"column":8},"end":{"line":1504,"column":15},"skip":true},"494":{"start":{"line":1507,"column":4},"end":{"line":1510,"column":6},"skip":true},"495":{"start":{"line":1512,"column":4},"end":{"line":1515,"column":6},"skip":true},"496":{"start":{"line":1516,"column":4},"end":{"line":1519,"column":6},"skip":true},"497":{"start":{"line":1521,"column":4},"end":{"line":1524,"column":6},"skip":true},"498":{"start":{"line":1525,"column":4},"end":{"line":1525,"column":28},"skip":true},"499":{"start":{"line":1528,"column":0},"end":{"line":1645,"column":2},"skip":true},"500":{"start":{"line":1532,"column":4},"end":{"line":1532,"column":13},"skip":true},"501":{"start":{"line":1533,"column":4},"end":{"line":1635,"column":6},"skip":true},"502":{"start":{"line":1636,"column":4},"end":{"line":1636,"column":15},"skip":true},"503":{"start":{"line":1637,"column":4},"end":{"line":1643,"column":5},"skip":true},"504":{"start":{"line":1638,"column":8},"end":{"line":1641,"column":10},"skip":true},"505":{"start":{"line":1642,"column":8},"end":{"line":1642,"column":20},"skip":true},"506":{"start":{"line":1644,"column":4},"end":{"line":1644,"column":28},"skip":true},"507":{"start":{"line":1647,"column":0},"end":{"line":1776,"column":2},"skip":true},"508":{"start":{"line":1652,"column":4},"end":{"line":1652,"column":32},"skip":true},"509":{"start":{"line":1653,"column":4},"end":{"line":1653,"column":34},"skip":true},"510":{"start":{"line":1655,"column":4},"end":{"line":1672,"column":7},"skip":true},"511":{"start":{"line":1658,"column":8},"end":{"line":1671,"column":11},"skip":true},"512":{"start":{"line":1661,"column":12},"end":{"line":1670,"column":14},"skip":true},"513":{"start":{"line":1674,"column":4},"end":{"line":1717,"column":7},"skip":true},"514":{"start":{"line":1719,"column":4},"end":{"line":1764,"column":7},"skip":true},"515":{"start":{"line":1766,"column":4},"end":{"line":1774,"column":23},"skip":true},"516":{"start":{"line":1775,"column":4},"end":{"line":1775,"column":28},"skip":true},"517":{"start":{"line":1778,"column":0},"end":{"line":1900,"column":2},"skip":true},"518":{"start":{"line":1783,"column":4},"end":{"line":1783,"column":29},"skip":true},"519":{"start":{"line":1784,"column":4},"end":{"line":1784,"column":31},"skip":true},"520":{"start":{"line":1786,"column":4},"end":{"line":1803,"column":7},"skip":true},"521":{"start":{"line":1789,"column":8},"end":{"line":1802,"column":11},"skip":true},"522":{"start":{"line":1792,"column":12},"end":{"line":1801,"column":14},"skip":true},"523":{"start":{"line":1805,"column":4},"end":{"line":1850,"column":7},"skip":true},"524":{"start":{"line":1852,"column":4},"end":{"line":1898,"column":7},"skip":true},"525":{"start":{"line":1899,"column":4},"end":{"line":1899,"column":28},"skip":true},"526":{"start":{"line":1902,"column":0},"end":{"line":1929,"column":2},"skip":true},"527":{"start":{"line":1906,"column":4},"end":{"line":1928,"column":16},"skip":true},"528":{"start":{"line":1910,"column":20},"end":{"line":1910,"column":30},"skip":true},"529":{"start":{"line":1920,"column":8},"end":{"line":1920,"column":31},"skip":true},"530":{"start":{"line":1922,"column":8},"end":{"line":1922,"column":39},"skip":true},"531":{"start":{"line":1924,"column":8},"end":{"line":1924,"column":49},"skip":true},"532":{"start":{"line":1926,"column":8},"end":{"line":1926,"column":38},"skip":true},"533":{"start":{"line":1927,"column":8},"end":{"line":1927,"column":32},"skip":true},"534":{"start":{"line":1931,"column":0},"end":{"line":1942,"column":2},"skip":true},"535":{"start":{"line":1935,"column":4},"end":{"line":1941,"column":7},"skip":true},"536":{"start":{"line":1936,"column":8},"end":{"line":1936,"column":47},"skip":true},"537":{"start":{"line":1939,"column":8},"end":{"line":1939,"column":38},"skip":true},"538":{"start":{"line":1940,"column":8},"end":{"line":1940,"column":32},"skip":true},"539":{"start":{"line":1944,"column":0},"end":{"line":1953,"column":2},"skip":true},"540":{"start":{"line":1948,"column":4},"end":{"line":1951,"column":6},"skip":true},"541":{"start":{"line":1952,"column":4},"end":{"line":1952,"column":28},"skip":true},"542":{"start":{"line":1955,"column":0},"end":{"line":1977,"column":2},"skip":true},"543":{"start":{"line":1959,"column":4},"end":{"line":1959,"column":19},"skip":true},"544":{"start":{"line":1960,"column":4},"end":{"line":1963,"column":5},"skip":true},"545":{"start":{"line":1961,"column":8},"end":{"line":1961,"column":32},"skip":true},"546":{"start":{"line":1962,"column":8},"end":{"line":1962,"column":15},"skip":true},"547":{"start":{"line":1964,"column":4},"end":{"line":1964,"column":43},"skip":true},"548":{"start":{"line":1965,"column":4},"end":{"line":1965,"column":24},"skip":true},"549":{"start":{"line":1966,"column":4},"end":{"line":1976,"column":7},"skip":true},"550":{"start":{"line":1968,"column":8},"end":{"line":1968,"column":28},"skip":true},"551":{"start":{"line":1969,"column":8},"end":{"line":1969,"column":72},"skip":true},"552":{"start":{"line":1971,"column":8},"end":{"line":1971,"column":28},"skip":true},"553":{"start":{"line":1972,"column":8},"end":{"line":1974,"column":17},"skip":true},"554":{"start":{"line":1973,"column":12},"end":{"line":1973,"column":76},"skip":true},"555":{"start":{"line":1
[...]
:19,"3115":57,"3116":6,"3122":70,"3123":25,"3126":45,"3127":10,"3129":45,"3132":3,"3136":2,"3140":2,"3141":2,"3200":40,"3201":40,"3202":40,"3203":40,"3207":40,"3212":40,"3216":40,"3220":40,"3223":2,"3225":2,"3229":2,"3243":2,"3244":2,"3249":3,"3253":4,"3254":4,"3265":4,"3275":8,"3278":4,"3282":2,"3291":4,"3292":4,"3293":0,"3298":4,"3299":4,"3300":4,"3303":3,"3307":2,"3308":2,"3322":2,"3326":2,"3328":2,"3331":2,"3332":2,"3333":2,"3340":2,"3346":2,"3354":2,"3356":2,"3367":2,"3372":2,"3375":2,"3384":2,"3418":16,"3421":2,"3422":0,"3425":0,"3434":2,"3437":4,"3442":2,"3449":2,"3454":2,"3459":0,"3464":2,"3467":18,"3473":2,"3475":2,"3478":0,"3483":2,"3484":0,"3495":0,"3498":0,"3503":2,"3507":2,"3508":0,"3512":0,"3519":0,"3523":2,"3542":8,"3543":8,"3546":0,"3555":0,"3557":2,"3559":2,"3560":2,"3563":20,"3564":2,"3566":18,"3572":2,"3574":2,"3578":2,"3579":2,"3581":2,"3584":2,"3590":2,"3593":2,"3597":2,"3598":0,"3603":2,"3604":2,"3607":3,"3611":2,"3612":2,"3620":2,"3626":2,"3629":2,"3633":4,"3634":2,"3640":2,"3642":2,"3643":2,"3644":2,"3645":2,"3648":3,"3663":4,"3664":4,"3665":4,"3666":4,"3668":4,"3670":4,"3671":4,"3675":4,"3688":4,"3691":3,"3695":1,"3705":1,"3711":3,"3715":7,"3720":1,"3721":1,"3723":7,"3728":3,"3729":3,"3730":3,"3731":3,"3732":3,"3733":3,"3748":3,"3751":3,"3752":3,"3754":3,"3757":3,"3758":3,"3759":49,"3760":8,"3762":41,"3763":41,"3764":2,"3766":41,"3767":41,"3768":41,"3769":10,"3770":10,"3772":31,"3773":31,"3774":31,"3782":1,"3797":2,"3798":2,"3799":2,"3800":34,"3802":34,"3803":44,"3805":34,"3808":4,"3811":4,"3813":30,"3814":30,"3820":34,"3826":2,"3828":7,"3829":7,"3830":7,"3831":7,"3832":7,"3833":7,"3834":7,"3839":1,"3840":1,"3844":7,"3848":7,"3849":7,"3854":1,"3856":7,"3860":7,"3862":7,"3863":1,"3864":1,"3866":6,"3867":4,"3868":4,"3870":2,"3873":3,"3878":6,"3882":6,"3885":2,"3888":4,"3891":4,"3893":4,"3898":3,"3902":36,"3919":3,"3939":1,"3940":1,"3941":1,"3942":1,"3943":1,"3944":1,"3946":1,"3947":1,"3948":1,"3949":1,"3950":1,"3952":1,"3954":1,"3955":1,"3958":1,"3959":1,"3962":1,"3964":1,"3965":1,"3966":1,"3967":1,"3968":1,"3969":1,"3974":1,"3978":1,"3980":1,"3985":1,"3989":1,"3995":3,"4015":1,"4016":1,"4017":1,"4018":1,"4019":1,"4020":1,"4022":1,"4023":1,"4024":1,"4025":1,"4026":1,"4028":1,"4030":1,"4031":1,"4032":1,"4033":1,"4034":1,"4036":1,"4037":1,"4042":1,"4043":1,"4044":1,"4045":1,"4046":1,"4047":1,"4049":1,"4051":1,"4054":1,"4055":1,"4060":1,"4064":1,"4066":1,"4067":1,"4068":1,"4070":1,"4075":3,"4079":0,"4080":0,"4087":3,"4107":0,"4110":0,"4112":0,"4119":3,"4123":0,"4124":0,"4126":0,"4129":0,"4130":0,"4132":0,"4137":3,"4141":0,"4142":0,"4144":0,"4147":0,"4148":0,"4153":3,"4157":1,"4158":1,"4159":1,"4160":1,"4163":3,"4167":0,"4168":0,"4169":0,"4170":0,"4172":0,"4175":3,"4179":0,"4180":0,"4182":0,"4183":0,"4186":3,"4190":2,"4191":2,"4192":2,"4193":2,"4195":2,"4197":0,"4200":0,"4201":0,"4204":0,"4209":0,"4210":0,"4212":0,"4214":0,"4215":0,"4219":0,"4220":0,"4222":0,"4228":3,"4233":3,"4234":3,"4235":3,"4236":3,"4237":3,"4238":3,"4242":14,"4243":10,"4246":3,"4250":11,"4251":11,"4252":11,"4253":11,"4256":7,"4257":7,"4258":7,"4259":7,"4265":11,"4267":3,"4271":7,"4272":7,"4274":3,"4278":7,"4279":7,"4280":7,"4281":7,"4282":7,"4283":10,"4284":10,"4285":7,"4288":7,"4290":3,"4291":3,"4292":3,"4293":3,"4294":3,"4295":3,"4296":3,"4297":3,"4298":3,"4299":3,"4300":3,"4303":3,"4305":3,"4310":33,"4311":33,"4317":12,"4325":3,"4330":107,"4331":448,"4332":448,"4337":448,"4338":4,"4342":4,"4343":2,"4346":448,"4349":4,"4350":2,"4352":2,"4353":2,"4356":107,"4357":107,"4360":3,"4366":40,"4367":40,"4368":40,"4369":40,"4370":40,"4371":40,"4372":40,"4373":40,"4374":40,"4375":40,"4376":40,"4377":40,"4378":40,"4379":40,"4380":40,"4381":40,"4382":40,"4383":40,"4384":40,"4386":40,"4387":40,"4388":0,"4390":40,"4392":40,"4394":40,"4398":40,"4400":40,"4401":0,"4402":0,"4404":0,"4405":0,"4416":40,"4417":80,"4419":40,"4420":0,"4421":0,"4423":0,"4425":0,"4426":0,"4428":0,"4429":0,"4431":40,"4432":40,"4433":40,"4434":0,"4437":0,"4439":0,"4440":0,"4441":0,"4447":40,"4448":40,"4449":40,"4451":40,"4453":0,"4454":0,"4456":40,"4457":40,"4459":0,"4461":40,"4462":0,"4464":40,"4465":0,"4466":0,"4469":0,"4470":0,"4472":40,"4473":40,"4476":40,"4477":40,"4478":40,"4479":40,"4481":40,"4482":40,"4483":0,"4484":0,"4485":0,"4486":0,"4488":40,"4489":40,"4490":40,"4492":40,"4493":40,"4497":40,"4501":40,"4502":40,"4503":40,"4504":40,"4506":40,"4507":0,"4510":40,"4511":40,"4512":40,"4514":40,"4515":0,"4516":0,"4517":0,"4518":0,"4521":40,"4522":40,"4527":40,"4528":40,"4530":40,"4532":40,"4533":0,"4534":0,"4537":40,"4538":40,"4539":347,"4541":40,"4542":40,"4543":40,"4546":40,"4547":40,"4553":3,"4557":563,"4560":3,"4564":0,"4565":0,"4566":0,"4567":0,"4568":0,"4569":0,"4571":0,"4572":0,"4585":0,"4587":0,"4590":0,"4594":0,"4604":0,"4609":0,"4618":0,"4625":0,"4630":0,"4631":0,"4633":0,"4634":0,"4635":0,"4636":0,"4637":0,"4643":0,"4647":0,"4648":0,"4649":0,"4654":0,"4655":0,"4656":0,"4660":0,"4661":0,"4664":0,"4665":0,"4668":0,"4669":0,"4673":0,"4674":0,"4678":0,"4681":0,"4682":0,"4686":0,"4689":0,"4691":0,"4692":0,"4695":0,"4696":0,"4698":0,"4701":0,"4704":0,"4705":0,"4708":0,"4709":0,"4710":0,"4722":0,"4723":0,"4726":0,"4732":0,"4734":0,"4735":0,"4736":0,"4743":0,"4747":0,"4749":0,"4750":0,"4751":0,"4757":0,"4760":3,"4764":52,"4771":3,"4777":611,"4778":611,"4779":611,"4780":611,"4787":1894,"4792":1131,"4795":763,"4796":2,"4798":761,"4800":761,"4801":112,"4803":316,"4804":316,"4810":112,"4811":112,"4815":649,"4817":1541,"4818":1541,"4819":1535,"4822":1541,"4824":649,"4825":649,"4827":611,"4828":611,"4836":3,"4840":2000,"4843":3,"4848":200,"4849":200,"4850":200,"4851":200,"4852":200,"4853":200,"4854":200,"4855":200,"4856":200,"4857":200,"4859":200,"4862":3,"4867":2,"4868":2,"4870":1,"4874":3,"4878":97,"4879":39,"4880":39,"4883":58,"4885":54,"4891":54,"4895":1,"4896":1,"4897":1,"4899":53,"4900":53,"4905":57,"4908":3,"4914":16,"4915":8,"4916":8,"4918":8,"4919":8,"4920":8,"4921":8,"4923":8,"4928":8,"4933":3,"4938":14,"4939":7,"4940":7,"4943":7,"4944":3,"4947":7,"4954":3,"4958":42,"4959":42,"4960":22,"4961":22,"4964":20,"4972":20,"4975":20,"4977":20,"4978":16,"4979":16,"4982":4,"4987":4,"4991":3,"4996":100,"4997":100,"4998":100,"4999":100,"5001":100,"5004":1,"5005":1,"5006":1,"5008":99,"5009":97,"5010":97,"5012":2,"5014":2,"5015":4,"5016":2,"5018":2,"5020":2,"5022":2,"5032":2,"5033":1,"5036":1,"5037":1,"5038":1,"5041":2,"5042":2,"5043":2,"5045":2,"5051":2,"5052":2,"5053":2,"5056":2,"5057":2,"5062":1,"5063":1,"5065":1,"5067":2,"5069":2,"5070":2,"5072":2,"5075":3,"5080":100,"5081":100,"5082":100,"5083":100,"5088":100,"5090":100,"5092":100,"5098":100,"5099":9,"5104":100,"5107":3,"5112":40,"5113":40,"5117":35,"5118":35,"5120":5,"5142":5,"5143":1,"5145":4,"5150":3,"5154":4,"5156":4,"5157":3,"5160":1,"5167":11,"5168":11,"5172":11,"5173":0,"5175":11,"5178":1,"5181":3,"5186":0,"5187":0,"5188":0,"5196":3,"5200":0,"5209":3,"5214":20,"5215":20,"5216":20,"5217":20,"5218":20,"5219":20,"5224":20,"5225":20,"5226":20,"5227":60,"5228":60,"5230":20,"5233":3,"5237":114,"5238":114,"5239":114,"5240":114,"5241":287,"5242":287,"5243":287,"5244":287,"5245":287,"5246":10,"5250":277,"5258":46,"5259":46,"5262":231,"5269":114,"5272":3,"5276":1250,"5277":1250,"5278":1250,"5279":4373,"5280":4373,"5281":4373,"5283":4373,"5284":4373,"5286":4373,"5287":12,"5290":4361,"5294":1508,"5295":1508,"5299":2853,"5308":25,"5311":1250,"5314":3,"5318":17,"5319":15,"5321":17,"5324":3,"5328":10,"5329":2,"5331":8,"5334":3,"5338":378,"5339":378,"5340":378,"5343":378,"5345":488,"5351":5,"5353":488,"5356":378,"5357":2,"5359":378,"5362":3,"5366":32,"5371":30,"5375":5,"5376":4,"5377":4,"5378":4,"5385":3,"5391":35,"5392":35,"5393":35,"5394":35,"5395":35,"5396":307,"5397":2,"5400":305,"5402":305,"5403":2,"5407":303,"5408":8,"5411":297,"5412":4,"5414":4,"5417":297,"5418":38,"5419":37,"5421":259,"5424":35,"5426":35,"5429":3,"5436":19,"5437":19,"5438":19,"5439":19,"5440":19,"5441":231,"5442":441,"5443":97,"5444":97,"5446":344,"5447":134,"5449":210,"5450":210,"5458":19,"5459":233,"5460":2,"5461":2,"5462":2,"5463":2,"5464":2,"5466":2,"5469":231,"5470":2,"5471":2,"5474":19,"5475":19,"5476":19,"5477":19,"5478":19,"5479":19,"5480":19,"5483":3,"5488":234,"5490":234,"5491":2,"5496":3,"5501":2,"5502":2,"5504":2,"5507":2,"5511":3,"5515":2,"5516":2,"5518":2,"5520":2,"5523":3,"5527":0,"5528":0,"5529":0,"5530":0,"5531":0,"5532":0,"5534":0,"5540":3,"5544":4,"5545":4,"5546":3,"5549":1,"5552":1,"5554":1,"5556":1,"5557":10,"5560":8,"5563":3,"5566":3,"5569":0,"5570":0,"5573":0,"5574":0,"5577":0,"5578":0,"5581":3,"5585":2,"5591":3,"5598":3,"5599":3,"5601":3,"5602":3,"5605":1,"5607":4,"5613":1,"5614":1,"5617":1,"5618":1,"5619":1,"5623":1,"5653":1,"5654":1,"5656":1,"5657":1,"5661":1,"5672":1,"5675":1,"5676":1,"5680":10,"5684":3,"5688":4,"5689":4,"5690":4,"5692":4,"5693":4,"5694":2,"5698":2,"5701":2,"5703":2,"5708":6,"5709":6,"5710":4,"5714":2,"5715":34,"5717":34,"5718":34,"5721":1,"5722":1,"5724":1,"5725":1,"5728":1,"5732":2,"5733":2,"5750":2,"5752":1,"5756":1,"5757":1,"5764":1,"5765":1,"5766":1,"5769":1,"5772":1,"5774":1,"5777":1,"5778":1,"5783":1,"5788":1,"5796":1,"5798":1,"5800":1,"5802":1,"5803":1,"5804":1,"5806":1,"5807":1,"5811":1,"5812":1,"5815":2,"5823":1,"5825":1,"5833":1,"5834":1,"5835":1,"5840":1,"5850":2,"5851":2,"5855":2,"5856":2,"5873":1,"5875":1,"5886":9,"5889":1,"5914":1,"5915":1,"5918":1,"5926":1,"5927":1,"5930":1,"5931":1,"5934":1,"5946":1,"5947":1,"5948":1,"5949":1,"5952":1,"5955":1,"5959":1,"5960":28,"5961":28,"5967":1,"5970":1,"5975":1,"5976":1,"5978":5,"5980":8,"5986":1,"5988":1,"5989":205,"5993":6,"5998":1,"6001":3,"6013":108,"6014":108,"6015":108,"6020":216,"6025":216,"6026":216,"6028":108,"6029":108,"6030":108,"6031":380,"6032":380,"6033":12,"6035":368,"6036":368,"6037":368,"6039":24,"6040":4,"6043":20,"6044":4,"6047":360,"6048":88,"6049":88,"6050":88,"6063":3,"6068":3,"6077":3,"6083":16,"6091":16,"6093":7,"6098":7,"6100":7,"6101":7,"6104":9,"6109":3,"6113":8,"6117":15,"6120":8,"6123":3,"6127":145,"6128":5,"6131":140,"6132":14,"6134":140,"6135":139,"6136":87,"6139":140,"6142":3,"6146":102,"6147":102,"6148":102,"6149":107,"6150":7,"6152":100,"6154":100,"6170":100,"6172":102,"6173":102,"6174":2,"6175":2,"6177":1,"6178":1,"6182":102,"6187":102,"6188":102,"6189":102,"6190":23,"6191":23,"6192":23,"6194":102,"6195":102,"6198":3,"6203":7,"6204":2,"6205":2,"6208":7,"6211":3,"6215":5,"6217":5,"6220":3,"6224":4,"6226":4,"6227":4,"6229":2,"6232":4,"6233":2,"6234":2,"6239":3,"6244":4,"6259":3,"6264":0,"6265":0,"6266":0,"6267":0,"6268":0,"6269":0,"6271":0,"6275":3,"6280":26,"6281":22,"6282":22,"6283":22,"6285":22,"6287":22,"6289":26,"6292":3,"6297":2,"6304":4,"6308":3,"6313":2,"6318":3,"6322":1243,"6323":1243,"6324":1243,"6325":1243,"6326":1243,"6327":1243,"6328":1243,"6329":1243,"6330":4,"6332":1243,"6333":1243,"6334":5921,"6335":5921,"6336":5921,"6337":4,"6339":5917,"6340":0,"6343":5917,"6344":6058,"6346":5917,"6348":1243,"6349":258,"6352":114,"6353":114,"6357":1058,"6362":114,"6363":4,"6367":114,"6369":138,"6370":138,"6377":138,"6379":4,"6387":2,"6391":1243,"6394":1243,"6395":1243,"6396":1243,"6397":258,"6398":258,"6406":258,"6409":1243,"6412":5665,"6413":5665,"6414":5665,"6415":5665,"6416":5665,"6417":5665,"6418":16,"6420":5649,"6421":94,"6426":0,"6427":0,"6436":0,"6438":2,"6441":2,"6443":2,"6444":2,"6446":56,"6447":56,"6449":8,"6450":8,"6452":2,"6453":2,"6455":2,"6458":2,"6460":2,"6461":2,"6463":8,"6464":8,"6469":0,"6470":0,"6474":0,"6476":4,"6477":4,"6478":2,"6483":4,"6486":8,"6487":4,"6489":4,"6492":5647,"6494":5647,"6495":5633,"6509":5647,"6513":5647,"6514":2,"6518":5647,"6520":2,"6524":2,"6529":3,"6533":13,"6534":13,"6535":13,"6536":13,"6538":0,"6540":13,"6550":13,"6553":13,"6556":13,"6559":13,"6567":13,"6570":13,"6573":13,"6576":9,"6578":13,"6581":3,"6585":2,"6586":2,"6589":3,"6593":24,"6594":24,"6596":24,"6597":56,"6598":111,"6601":24,"6604":24,"6605":22,"6609":24,"6614":24,"6615":56,"6617":56,"6618":111,"6630":56,"6631":111,"6635":24,"6637":24,"6641":3,"6645":2,"6649":2,"6653":1,"6655":1,"6671":2,"6676":2,"6686":2,"6700":2,"6705":2,"6710":2,"6711":1,"6712":2,"6713":1,"6717":2,"6720":3,"6726":18,"6727":18,"6728":18,"6729":18,"6731":18,"6734":36,"6735":36,"6742":36,"6747":36,"6753":36,"6754":52,"6759":52,"6764":52,"6765":44,"6770":52,"6778":52,"6779":1005,"6784":1005,"6789":1005,"6794":1005,"6805":18,"6807":4,"6809":18,"6810":18,"6811":18,"6812":18,"6813":18,"6814":52,"6815":52,"6816":52,"6817":52,"6818":1005,"6821":1,"6822":1,"6823":1,"6826":799,"6827":799,"6828":799,"6831":205,"6832":205,"6836":52,"6844":52,"6845":1857,"6854":18,"6855":68,"6863":18,"6864":8,"6868":18,"6870":18,"6871":18,"6873":52,"6874":52,"6875":1005,"6876":207,"6878":1005,"6884":52,"6890":18,"6891":18,"6900":52,"6902":45,"6903":45,"6911":1005,"6912":1005,"6913":0,"6920":1005,"6946":3,"6951":0,"6952":0,"6953":0,"6956":0,"6959":0,"6960":0,"6961":0,"6962":0,"6964":0,"6965":0,"6969":3,"6973":11,"6974":11,"6975":11,"6976":11,"6977":11,"6978":11,"6980":11,"6981":3,"6983":11,"6989":11,"6992":3,"6994":3,"6995":3,"6997":3,"7001":8,"7006":5,"7009":3,"7012":3,"7014":3,"7015":3,"7019":3,"7023":129,"7026":0,"7030":3,"7031":1,"7032":1,"7035":3,"7040":3,"7042":3,"7044":3,"7046":3,"7048":3,"7050":3,"7052":749,"7061":128,"7069":3,"7070":3,"7071":2,"7072":2,"7074":3,"7076":3,"7078":4,"7079":4,"7082":4,"7084":4,"7085":1,"7088":4,"7089":1,"7093":64,"7095":1,"7102":3,"7105":128,"7106":128,"7107":128,"7109":129,"7111":129,"7113":129,"7114":1,"7121":129,"7123":2,"7124":2,"7125":2,"7130":2,"7134":2,"7140":129,"7141":1,"7143":128,"7144":128,"7145":127,"7148":128,"7149":128,"7157":8065,"7162":128,"7164":128,"7166":128,"7172":128,"7174":128,"7176":128,"7177":128,"7184":3,"7185":3,"7186":3,"7188":3,"7189":2,"7194":3,"7196":3,"7197":3,"7202":3,"7204":3,"7205":1,"7208":3,"7210":3,"7211":3,"7212":3,"7214":3,"7215":1,"7220":3,"7228":9,"7235":9,"7236":6,"7238":3,"7239":3,"7240":100,"7241":100,"7242":100,"7243":414,"7244":12,"7245":12,"7248":402,"7250":100,"7251":100,"7253":3,"7257":3,"7258":3,"7259":3,"7264":3,"7265":3,"7268":3,"7272":3,"7275":3,"7279":551,"7280":551,"7281":551,"7284":3,"7288":687,"7289":687,"7290":687,"7293":3,"7298":393,"7300":393,"7301":393,"7303":393,"7304":393,"7305":368,"7306":368,"7309":25,"7310":25,"7314":3,"7318":1,"7319":2,"7320":1,"7323":1,"7324":1,"7328":3,"7332":5,"7333":5,"7338":2,"7339":2,"7341":3,"7342":3,"7343":3,"7344":3,"7345":3,"7346":3,"7347":3,"7348":3,"7349":3,"7350":3,"7354":3,"7358":3,"7363":2,"7364":2,"7366":1,"7367":1,"7368":1,"7369":1,"7370":1,"7371":1,"7372":1,"7373":1,"7376":3,"7381":12,"7384":2,"7387":10,"7388":2,"7391":8,"7392":2,"7395":6,"7396":2,"7398":6,"7405":3,"7410":157,"7411":157,"7413":157,"7415":157,"7416":46,"7421":46,"7422":27,"7424":18,"7427":4,"7434":45,"7435":45,"7439":111,"7440":111,"7445":111,"7446":101,"7448":9,"7451":7,"7453":110,"7456":155,"7457":155,"7460":17,"7461":17,"7462":17,"7464":17,"7465":4,"7466":2,"7470":4,"7472":13,"7474":17,"7476":155,"7481":157,"7496":3,"7502":4,"7503":4,"7504":4,"7505":4,"7506":4,"7507":128,"7510":8,"7512":8,"7513":8,"7515":4,"7516":4,"7517":4,"7519":4,"7520":4,"7521":4,"7524":112,"7526":128,"7528":4,"7536":3,"7537":3,"7539":47,"7542":3,"7543":3,"7546":3,"7547":3,"7569":3,"7574":3,"7582":3,"7588":3,"7589":3,"7591":3,"7594":3,"7597":3,"7598":3,"7599":3,"7600":3,"7603":3,"7607":3,"7611":3,"7615":3,"7618":3,"7621":3,"7630":3,"7634":3,"7638":3,"7640":3,"7645":3,"7647":3,"7649":3,"7650":2,"7653":3,"7654":3,"7656":3,"7657":3,"7661":1,"7664":3,"7668":3,"7669":1,"7670":1,"7671":1,"7675":3,"7676":3,"7681":7,"7682":7,"7683":7,"7684":7,"7687":3,"7692":4,"7695":3,"7701":3,"7702":3,"7703":1,"7706":2,"7707":2,"7714":3,"7715":3,"7716":2,"7718":1,"7720":1,"7725":1,"7726":1,"7733":1,"7734":1,"7741":1,"7746":1,"7747":1,"7748":1,"7749":1,"7754":1,"7756":1,"7761":1,"7766":3,"7767":3,"7768":1,"7769":1,"7775":1,"7776":1,"7783":1,"7786":1,"7800":12,"7802":1,"7803":1,"7804":1,"7810":1,"7813":1,"7815":1,"7816":1,"7817":1,"7820":1,"7823":1,"7834":1,"7838":1,"7842":1,"7845":1,"7848":1,"7856":1,"7858":1,"7862":1,"7865":2,"7866":2,"7872":2,"7874":7,"7884":1,"7900":14,"7901":14,"7906":3,"7909":3,"7919":3,"7920":3,"7921":3,"7924":2,"7925":2,"7927":1,"7934":2,"7935":2,"7936":2,"7938":6,"7939":6,"7941":13,"7948":1,"7951":1,"7952":1,"7953":1,"7954":1}},"/inputTextarea1.js":{"path":"/inputTextarea1.js","s":{"1":2,"2":2,"3":2,"4":2,"5":2,"6":0,"7":0,"8":2,"9":0,"10":0,"11":0,"12":0,"13":0,"14":0,"15":0,"16":0,"17":0,"18":0,"19":2},"b":{"1":[0,0]},"f":{"1":2,"2":0,"3":0,"4":0},"fnMap":{"1":{"name":"(anonymous_1)","line":4,"loc":{"start":{"line":4,"column":1},"end":{"line":4,"column":13}}},"2":{"name":"(anonymous_2)","line":11,"loc":{"start":{"line":11,"column":46},"end":{"line":11,"column":70}}},"3":{"name":"(anonymous_3)","line":20,"loc":{"start":{"line":20,"column":45},"end":{"line":20,"column":69}}},"4":{"name":"(anonymous_4)","line":27,"loc":{"start":{"line":27,"column":34},"end":{"line":27,"column":54}}}},"statementMap":{"1":{"start":{"line":4,"column":0},"end":{"line":44,"column":5}},"2":{"start":{"line":6,"column":4},"end":{"line":6,"column":21}},"3":{"start":{"line":7,"column":4},"end":{"line":7,"column":22}},"4":{"start":{"line":8,"column":4},"end":{"line":8,"column":30}},"5":{"start":{"line":11,"column":4},"end":{"line":18,"column":6}},"6":{"start":{"line":16,"column":8},"end":{"line":16,"column":33}},"7":{"start":{"line":17,"column":8},"end":{"line":17,"column":58}},"8":{"start":{"line":20,"column":4},"end":{"line":41,"column":6}},"9":{"start":{"line":24,"column":8},"end":{"line":24,"column":17}},"10":{"start":{"line":25,"column":8},"end":{"line":25,"column":25}},"11":{"start":{"line":27,"column":8},"end":{"line":40,"column":11}},"12":{"start":{"line":28,"column":12},"end":{"line":39,"column":13}},"13":{"start":{"line":30,"column":16},"end":{"line":30,"column":42}},"14":{"start":{"line":32,"column":16},"end":{"line":32,"column":71}},"15":{"start":{"line":34,"column":16},"end":{"line":34,"column":40}},"16":{"start":{"line":35,"column":16},"end":{"line":35,"column":62}},"17":{"start":{"line":36,"column":16},"end":{"line":36,"column":26}},"18":{"start":{"line":38,"column":16},"end":{"line":38,"column":35}},"19":{"start":{"line":43,"column":4},"end":{"line":43,"column":49}}},"branchMap":{"1":{"line":35,"type":"binary-expr","locations":[{"start":{"line":35,"column":31},"end":{"line":35,"column":35}},{"start":{"line":35,"column":39},"end":{"line":35,"column":54}}]}},"code":["// remove comment below to disable jslint","/*jslint browser, devel*/","/*global window*/","(function () {","    \"use strict\";","    var testCaseDict;","    testCaseDict = {};","    testCaseDict.modeTest = 1;","","    // comment this testCase to disable failed error demo","    testCaseDict.testCase_failed_error_demo = function (opt, onError) {","    /*","     * this function will run a failed error demo","     */","        // hack-jslint","        window.utility2.nop(opt);","        onError(new Error(\"this is a failed error demo\"));","    };","","    testCaseDict.testCase_passed_ajax_demo = function (opt, onError) {","    /*","     * this function will demo a passed ajax test","     */","        var data;","        opt = {url: \"/\"};","        // test ajax-req for main-page \"/\"","        window.utility2.ajax(opt, function (err, xhr) {","            try {","                // handle err","                console.assert(!err, err);","                // validate \"200 ok\" status","                console.assert(xhr.statusCode === 200, xhr.statusCode);","                // validate non-empty data","                data = xhr.responseText;","                console.assert(data && data.length > 0, data);","                onError();","            } catch (errCaught) {","                onError(errCaught);","            }","        });","    };","","    window.utility2.testRunDefault(testCaseDict);","}());",""],"l":{"4":1,"6":1,"7":1,"8":1,"11":1,"16":0,"17":0,"20":1,"24":0,"25":0,"27":0,"28":0,"30":0,"32":0,"34":0,"35":0,"36":0,"38":0,"43":1}}}