------------------|---------|---------|---------|---------|
File              | % Stmts | % Brchs | % Funcs | % Lines |
------------------|---------|---------|---------|---------|
All files         |   93.02 |   88.31 |    91.1 |   93.02 |
node-utility2/    |   93.02 |   88.31 |    91.1 |   93.02 |
  example.js      |     100 |     100 |     100 |     100 |
  lib.utility2.js |   89.88 |   85.63 |    86.1 |   89.88 |
  test.js         |     100 |     100 |     100 |     100 |
------------------|---------|---------|---------|---------|
