{"/home/travis/build/kaizhu256/node-utility2/test.js":{"path":"/home/travis/build/kaizhu256/node-utility2/test.js","s":{"1":3,"2":3,"3":3,"4":3,"5":3,"6":3,"7":3,"8":0,"9":0,"10":0,"11":0,"12":0,"13":0,"14":3,"15":3,"16":3,"17":3,"18":3,"19":3,"20":3,"21":3,"22":0,"23":0,"24":0,"25":3,"26":0,"27":0,"28":0,"29":0,"30":0,"31":0,"32":0,"33":0,"34":0,"35":3,"36":0,"37":0,"38":0,"39":0,"40":0,"41":3,"42":0,"43":0,"44":0,"45":0,"46":0,"47":0,"48":0,"49":0,"50":0,"51":0,"52":3,"53":0,"54":3,"55":0,"56":3,"57":0,"58":3,"59":0,"60":0,"61":0,"62":0,"63":0,"64":3,"65":0,"66":3,"67":0,"68":3,"69":1,"70":1,"71":1,"72":1,"73":1,"74":1,"75":1,"76":1,"77":1,"78":1,"79":1,"80":1,"81":1,"82":1,"83":1,"84":1,"85":1,"86":1,"87":1,"88":1,"89":1,"90":1,"91":1,"92":1,"93":1,"94":1,"95":1,"96":3,"97":3,"98":3,"99":3,"100":3,"101":3,"102":3,"103":3,"104":2,"105":2,"106":2,"107":2,"108":2,"109":2,"110":2,"111":2,"112":2,"113":2,"114":2,"115":2,"116":2,"117":2,"118":2,"119":3,"120":2,"121":2,"122":2,"123":2,"124":2,"125":3,"126":2,"127":2,"128":2,"129":2,"130":3,"131":2,"132":1,"133":1,"134":1,"135":1,"136":4,"137":1,"138":1,"139":1,"140":1,"141":1,"142":1,"143":1,"144":1,"145":1,"146":1,"147":1,"148":3,"149":2,"150":2,"151":2,"152":2,"153":2,"154":8,"155":8,"156":8,"157":8,"158":8,"159":8,"160":4,"161":4,"162":4,"163":4,"164":8,"165":2,"166":2,"167":2,"168":2,"169":2,"170":2,"171":2,"172":2,"173":2,"174":2,"175":2,"176":2,"177":2,"178":2,"179":2,"180":2,"181":2,"182":2,"183":2,"184":2,"185":6,"186":6,"187":6,"188":6,"189":2,"190":2,"191":2,"192":2,"193":2,"194":2,"195":2,"196":2,"197":2,"198":4,"199":4,"200":4,"201":4,"202":4,"203":4,"204":4,"205":4,"206":4,"207":4,"208":2,"209":2,"210":2,"211":2,"212":2,"213":2,"214":2,"215":2,"216":3,"217":2,"218":2,"219":2,"220":2,"221":2,"222":2,"223":2,"224":2,"225":2,"226":2,"227":2,"228":2,"229":2,"230":2,"231":2,"232":2,"233":2,"234":10,"235":50,"236":10,"237":40,"238":2,"239":3,"240":2,"241":2,"242":2,"243":2,"244":2,"245":2,"246":2,"247":2,"248":2,"249":2,"250":3,"251":2,"252":2,"253":2,"254":2,"255":2,"256":2,"257":2,"258":2,"259":2,"260":1,"261":1,"262":1,"263":1,"264":1,"265":1,"266":1,"267":1,"268":1,"269":1,"270":3,"271":2,"272":22,"273":2,"274":3,"275":2,"276":6,"277":6,"278":6,"279":6,"280":6,"281":2,"282":3,"283":2,"284":3,"285":2,"286":1,"287":1,"288":1,"289":1,"290":1,"291":1,"292":3,"293":3,"294":1,"295":1,"296":2,"297":2,"298":2,"299":2,"300":2,"301":2,"302":3,"303":3,"304":1,"305":1,"306":2,"307":2,"308":2,"309":2,"310":2,"311":8,"312":8,"313":2,"314":3,"315":2,"316":2,"317":2,"318":2,"319":2,"320":2,"321":2,"322":2,"323":2,"324":2,"325":3,"326":2,"327":2,"328":1,"329":1,"330":1,"331":1,"332":1,"333":1,"334":1,"335":1,"336":1,"337":1,"338":1,"339":1,"340":1,"341":1,"342":1,"343":1,"344":1,"345":1,"346":1,"347":3,"348":2,"349":1,"350":1,"351":1,"352":1,"353":1,"354":1,"355":3,"356":2,"357":1,"358":1,"359":1,"360":1,"361":1,"362":5,"363":5,"364":1,"365":1,"366":1,"367":1,"368":3,"369":2,"370":2,"371":2,"372":2,"373":3,"374":2,"375":1,"376":1,"377":1,"378":1,"379":3,"380":2,"381":2,"382":2,"383":0,"384":0,"385":0,"386":0,"387":0,"388":0,"389":0,"390":0,"391":0,"392":0,"393":0,"394":0,"395":0,"396":0,"397":0,"398":0,"399":0,"400":0,"401":0,"402":0,"403":0,"404":0,"405":0,"406":0,"407":0,"408":0,"409":0,"410":0,"411":3,"412":2,"413":1,"414":1,"415":1,"416":1,"417":3,"418":2,"419":2,"420":2,"421":2,"422":3,"423":2,"424":16,"425":2,"426":3,"427":2,"428":20,"429":2,"430":2,"431":2,"432":2,"433":3,"434":2,"435":1,"436":1,"437":1,"438":1,"439":1,"440":3,"441":2,"442":2,"443":2,"444":2,"445":2,"446":2000,"447":2000,"448":2,"449":2,"450":3,"451":2,"452":2,"453":2,"454":2,"455":200,"456":200,"457":200,"458":200,"459":2,"460":2,"461":3,"462":2,"463":1,"464":1,"465":1,"466":1,"467":1,"468":1,"469":1,"470":1,"471":3,"472":2,"473":2,"474":1,"475":1,"476":1,"477":1,"478":1,"479":1,"480":1,"481":1,"482":1,"483":1,"484":1,"485":1,"486":1,"487":1,"488":1,"489":1,"490":3,"491":2,"492":1,"493":1,"494":1,"495":1,"496":1,"497":1,"498":1,"499":3,"500":2,"501":2,"502":2,"503":2,"504":20,"505":20,"506":2,"507":3,"508":2,"509":2,"510":2,"511":10,"512":50,"513":2,"514":2,"515":2,"516":2,"517":3,"518":2,"519":2,"520":2,"521":10,"522":50,"523":2,"524":2,"525":2,"526":3,"527":2,"528":2,"529":2,"530":2,"531":2,"532":2,"533":2,"534":3,"535":2,"536":2,"537":2,"538":2,"539":3,"540":2,"541":2,"542":3,"543":2,"544":2,"545":1,"546":1,"547":1,"548":1,"549":1,"550":1,"551":1,"552":1,"553":1,"554":1,"555":1,"556":3,"557":2,"558":2,"559":2,"560":4,"561":2,"562":2,"563":2,"564":2,"565":2,"566":3,"567":2,"568":2,"569":12,"570":2,"571":2,"572":2,"573":2,"574":2,"575":4,"576":4,"577":4,"578":2,"579":2,"580":2,"581":2,"582":2,"583":2,"584":2,"585":2,"586":10,"587":10,"588":10,"589":10,"590":2,"591":10,"592":10,"593":10,"594":2,"595":2,"596":2,"597":2,"598":2,"599":2,"600":2,"601":10,"602":10,"603":10,"604":10,"605":2,"606":2,"607":2,"608":2,"609":2,"610":2,"611":2,"612":2,"613":3,"614":2,"615":2,"616":2,"617":2,"618":2,"619":2,"620":2,"621":2,"622":2,"623":2,"624":2,"625":2,"626":2,"627":2,"628":2,"629":2,"630":3,"631":2,"632":2,"633":2,"634":2,"635":2,"636":2,"637":2,"638":3,"639":2,"640":2,"641":2,"642":2,"643":2,"644":2,"645":2,"646":2,"647":2,"648":2,"649":3,"650":2,"651":1,"652":1,"653":1,"654":1,"655":1,"656":4,"657":4,"658":1,"659":10,"660":1,"661":3,"662":2,"663":1,"664":1,"665":1,"666":1,"667":1,"668":1,"669":1,"670":1,"671":3,"672":2,"673":2,"674":6,"675":2,"676":2,"677":24,"678":24,"679":2,"680":24,"681":24,"682":2,"683":3,"684":2,"685":6,"686":12,"687":6,"688":2,"689":2,"690":2,"691":3,"692":2,"693":2,"694":3,"695":2,"696":2,"697":3,"698":2,"699":2,"700":3,"701":2,"702":2,"703":3,"704":2,"705":2,"706":2,"707":2,"708":2,"709":2,"710":2,"711":2,"712":2,"713":2,"714":2,"715":2,"716":3,"717":2,"718":1,"719":1,"720":1,"721":1,"722":1,"723":1,"724":3,"725":2,"726":2,"727":2,"728":2,"729":3,"730":2,"731":1,"732":1,"733":1,"734":1,"735":1,"736":1,"737":1,"738":1,"739":1,"740":1,"741":1,"742":1,"743":3,"744":2,"745":2,"746":2,"747":2,"748":2,"749":2,"750":2,"751":3,"752":2,"753":2,"754":2,"755":2,"756":3,"757":2,"758":2,"759":3,"760":3,"761":1,"762":1,"763":1,"764":2,"765":1,"766":1,"767":1,"768":1,"769":1,"770":1,"771":1,"772":1,"773":3,"774":16,"775":16,"776":3,"777":3,"778":3,"779":3,"780":3,"781":31,"782":8,"783":8,"784":8,"785":8,"786":8,"787":8,"788":8,"789":8,"790":2,"791":2,"792":2,"793":2,"794":2,"795":2,"796":2,"797":2,"798":2,"799":2,"800":2,"801":2,"802":4,"803":2,"804":4,"805":7,"806":3,"807":3,"808":2,"809":1,"810":1,"811":0,"812":0,"813":0,"814":0,"815":0,"816":0,"817":0,"818":0,"819":0,"820":0,"821":0,"822":0,"823":0,"824":0,"825":0,"826":0,"827":0,"828":0,"829":0,"830":0,"831":0,"832":0,"833":0,"834":1,"835":0,"836":1,"837":1,"838":0,"839":0,"840":0,"841":0,"842":0,"843":0,"844":0,"845":1,"846":0},"b":{"1":[3,0],"2":[0,3],"3":[3,0],"4":[3,0],"5":[3,2,2],"6":[3,2],"7":[0,0],"8":[0,0],"9":[0,0,0],"10":[0,0],"11":[0,0],"12":[0,0,0],"13":[0,0],"14":[0,0],"15":[0,0],"16":[0,0],"17":[0,0,0],"18":[0,0],"19":[0,0,0,0,0],"20":[0,0,0,0,0],"21":[1,2],"22":[3,3,0],"23":[3,1],"24":[1,1],"25":[1,1,1,1],"26":[2,6],"27":[2,4],"28":[2,4,4],"29":[2,2],"30":[2,2],"31":[10,40],"32":[1,1],"33":[1,1],"34":[1,2],"35":[1,2],"36":[1,1],"37":[1,1],"38":[1,1],"39":[1,1],"40":[2,0],"41":[0,0,0,0,0,0,0],"42":[1,1],"43":[1,1],"44":[200,2],"45":[1,1],"46":[1,1],"47":[1,1],"48":[10,40],"49":[26,24],"50":[50,40,30],"51":[1,1],"52":[2,2,2,2,2,2],"53":[2,8],"54":[2,2],"55":[2,2],"56":[1,1],"57":[1,1],"58":[6,6],"59":[1,1],"60":[1,1],"61":[1,2],"62":[1,1],"63":[16,16,16],"64":[3,3,1],"65":[8,8,2,2,4,7],"66":[2,1],"67":[0,0],"68":[0,0],"69":[0,0],"70":[0,0],"71":[0,0],"72":[0,0],"73":[0,0],"74":[0,0],"75":[0,1],"76":[1,1],"77":[0,1],"78":[0,0],"79":[0,1]},"f":{"1":3,"2":0,"3":0,"4":0,"5":0,"6":0,"7":0,"8":0,"9":0,"10":0,"11":0,"12":0,"13":0,"14":3,"15":3,"16":3,"17":2,"18":2,"19":2,"20":2,"21":2,"22":2,"23":2,"24":2,"25":2,"26":4,"27":2,"28":8,"29":8,"30":2,"31":2,"32":6,"33":6,"34":2,"35":2,"36":4,"37":4,"38":4,"39":2,"40":2,"41":2,"42":2,"43":2,"44":2,"45":2,"46":2,"47":2,"48":2,"49":2,"50":10,"51":50,"52":2,"53":2,"54":2,"55":1,"56":1,"57":1,"58":2,"59":22,"60":2,"61":6,"62":2,"63":2,"64":3,"65":2,"66":2,"67":2,"68":2,"69":3,"70":2,"71":8,"72":8,"73":2,"74":2,"75":2,"76":1,"77":1,"78":1,"79":2,"80":1,"81":1,"82":2,"83":1,"84":5,"85":2,"86":2,"87":2,"88":0,"89":2,"90":2,"91":2,"92":16,"93":2,"94":20,"95":2,"96":2,"97":2,"98":2,"99":1,"100":1,"101":2,"102":1,"103":1,"104":2,"105":2,"106":2,"107":10,"108":50,"109":2,"110":10,"111":50,"112":2,"113":2,"114":2,"115":2,"116":2,"117":2,"118":2,"119":2,"120":1,"121":1,"122":2,"123":4,"124":2,"125":2,"126":2,"127":12,"128":4,"129":2,"130":10,"131":10,"132":10,"133":2,"134":2,"135":2,"136":2,"137":2,"138":2,"139":2,"140":2,"141":2,"142":2,"143":4,"144":4,"145":1,"146":10,"147":2,"148":1,"149":1,"150":1,"151":2,"152":6,"153":24,"154":24,"155":2,"156":6,"157":12,"158":2,"159":2,"160":2,"161":2,"162":2,"163":2,"164":2,"165":2,"166":1,"167":2,"168":2,"169":2,"170":2,"171":2,"172":2,"173":2,"174":2,"175":3,"176":1,"177":1,"178":16,"179":3,"180":31,"181":8,"182":8,"183":2,"184":2,"185":3,"186":1,"187":0,"188":0,"189":0,"190":0,"191":0},"fnMap":{"1":{"name":"(anonymous_1)","line":5,"loc":{"start":{"line":5,"column":1},"end":{"line":5,"column":23}},"skip":true},"2":{"name":"(anonymous_2)","line":16,"loc":{"start":{"line":16,"column":32},"end":{"line":16,"column":54}},"skip":true},"3":{"name":"(anonymous_3)","line":48,"loc":{"start":{"line":48,"column":26},"end":{"line":48,"column":49}},"skip":true},"4":{"name":"(anonymous_4)","line":72,"loc":{"start":{"line":72,"column":21},"end":{"line":72,"column":43}},"skip":true},"5":{"name":"(anonymous_5)","line":88,"loc":{"start":{"line":88,"column":23},"end":{"line":88,"column":38}},"skip":true},"6":{"name":"(anonymous_6)","line":107,"loc":{"start":{"line":107,"column":38},"end":{"line":107,"column":60}},"skip":true},"7":{"name":"(anonymous_7)","line":132,"loc":{"start":{"line":132,"column":26},"end":{"line":132,"column":41}},"skip":true},"8":{"name":"(anonymous_8)","line":140,"loc":{"start":{"line":140,"column":21},"end":{"line":140,"column":36}},"skip":true},"9":{"name":"(anonymous_9)","line":146,"loc":{"start":{"line":146,"column":16},"end":{"line":146,"column":28}},"skip":true},"10":{"name":"(anonymous_10)","line":152,"loc":{"start":{"line":152,"column":32},"end":{"line":152,"column":58}},"skip":true},"11":{"name":"(anonymous_11)","line":158,"loc":{"start":{"line":158,"column":42},"end":{"line":158,"column":57}},"skip":true},"12":{"name":"(anonymous_12)","line":169,"loc":{"start":{"line":169,"column":26},"end":{"line":169,"column":47}},"skip":true},"13":{"name":"(anonymous_13)","line":179,"loc":{"start":{"line":179,"column":29},"end":{"line":179,"column":50}},"skip":true},"14":{"name":"(anonymous_14)","line":226,"loc":{"start":{"line":226,"column":1},"end":{"line":226,"column":18}},"skip":true},"15":{"name":"(anonymous_15)","line":232,"loc":{"start":{"line":232,"column":1},"end":{"line":232,"column":13}},"skip":true},"16":{"name":"(anonymous_16)","line":244,"loc":{"start":{"line":244,"column":1},"end":{"line":244,"column":13}},"skip":true},"17":{"name":"(anonymous_17)","line":245,"loc":{"start":{"line":245,"column":34},"end":{"line":245,"column":58}},"skip":true},"18":{"name":"(anonymous_18)","line":266,"loc":{"start":{"line":266,"column":20},"end":{"line":266,"column":40}},"skip":true},"19":{"name":"(anonymous_19)","line":287,"loc":{"start":{"line":287,"column":30},"end":{"line":287,"column":54}},"skip":true},"20":{"name":"(anonymous_20)","line":294,"loc":{"start":{"line":294,"column":22},"end":{"line":294,"column":41}},"skip":true},"21":{"name":"(anonymous_21)","line":299,"loc":{"start":{"line":299,"column":7},"end":{"line":299,"column":26}},"skip":true},"22":{"name":"(anonymous_22)","line":304,"loc":{"start":{"line":304,"column":11},"end":{"line":304,"column":26}},"skip":true},"23":{"name":"(anonymous_23)","line":312,"loc":{"start":{"line":312,"column":35},"end":{"line":312,"column":59}},"skip":true},"24":{"name":"(anonymous_24)","line":320,"loc":{"start":{"line":320,"column":7},"end":{"line":320,"column":27}},"skip":true},"25":{"name":"(anonymous_25)","line":331,"loc":{"start":{"line":331,"column":28},"end":{"line":331,"column":52}},"skip":true},"26":{"name":"(anonymous_26)","line":340,"loc":{"start":{"line":340,"column":24},"end":{"line":340,"column":45}},"skip":true},"27":{"name":"(anonymous_27)","line":374,"loc":{"start":{"line":374,"column":30},"end":{"line":374,"column":54}},"skip":true},"28":{"name":"(anonymous_28)","line":391,"loc":{"start":{"line":391,"column":7},"end":{"line":391,"column":43}},"skip":true},"29":{"name":"(anonymous_29)","line":413,"loc":{"start":{"line":413,"column":11},"end":{"line":413,"column":31}},"skip":true},"30":{"name":"(anonymous_30)","line":448,"loc":{"start":{"line":448,"column":7},"end":{"line":448,"column":27}},"skip":true},"31":{"name":"(anonymous_31)","line":476,"loc":{"start":{"line":476,"column":7},"end":{"line":476,"column":27}},"skip":true},"32":{"name":"(anonymous_32)","line":520,"loc":{"start":{"line":520,"column":7},"end":{"line":520,"column":35}},"skip":true},"33":{"name":"(anonymous_33)","line":522,"loc":{"start":{"line":522,"column":30},"end":{"line":522,"column":45}},"skip":true},"34":{"name":"(anonymous_34)","line":533,"loc":{"start":{"line":533,"column":7},"end":{"line":533,"column":27}},"skip":true},"35":{"name":"(anonymous_35)","line":553,"loc":{"start":{"line":553,"column":7},"end":{"line":553,"column":26}},"skip":true},"36":{"name":"(anonymous_36)","line":556,"loc":{"start":{"line":556,"column":18},"end":{"line":556,"column":42}},"skip":true},"37":{"name":"(anonymous_37)","line":566,"loc":{"start":{"line":566,"column":15},"end":{"line":566,"column":35}},"skip":true},"38":{"name":"(anonymous_38)","line":585,"loc":{"start":{"line":585,"column":15},"end":{"line":585,"column":35}},"skip":true},"39":{"name":"(anonymous_39)","line":599,"loc":{"start":{"line":599,"column":15},"end":{"line":599,"column":27}},"skip":true},"40":{"name":"(anonymous_40)","line":603,"loc":{"start":{"line":603,"column":11},"end":{"line":603,"column":31}},"skip":true},"41":{"name":"(anonymous_41)","line":613,"loc":{"start":{"line":613,"column":35},"end":{"line":613,"column":59}},"skip":true},"42":{"name":"(anonymous_42)","line":620,"loc":{"start":{"line":620,"column":26},"end":{"line":620,"column":38}},"skip":true},"43":{"name":"(anonymous_43)","line":622,"loc":{"start":{"line":622,"column":7},"end":{"line":622,"column":22}},"skip":true},"44":{"name":"(anonymous_44)","line":629,"loc":{"start":{"line":629,"column":26},"end":{"line":629,"column":38}},"skip":true},"45":{"name":"(anonymous_45)","line":631,"loc":{"start":{"line":631,"column":7},"end":{"line":631,"column":22}},"skip":true},"46":{"name":"(anonymous_46)","line":638,"loc":{"start":{"line":638,"column":26},"end":{"line":638,"column":38}},"skip":true},"47":{"name":"(anonymous_47)","line":640,"loc":{"start":{"line":640,"column":7},"end":{"line":640,"column":22}},"skip":true},"48":{"name":"(anonymous_48)","line":645,"loc":{"start":{"line":645,"column":26},"end":{"line":645,"column":38}},"skip":true},"49":{"name":"(anonymous_49)","line":649,"loc":{"start":{"line":649,"column":7},"end":{"line":649,"column":22}},"skip":true},"50":{"name":"(anonymous_50)","line":657,"loc":{"start":{"line":657,"column":14},"end":{"line":657,"column":32}},"skip":true},"51":{"name":"(anonymous_51)","line":660,"loc":{"start":{"line":660,"column":18},"end":{"line":660,"column":36}},"skip":true},"52":{"name":"(anonymous_52)","line":673,"loc":{"start":{"line":673,"column":35},"end":{"line":673,"column":59}},"skip":true},"53":{"name":"(anonymous_53)","line":699,"loc":{"start":{"line":699,"column":34},"end":{"line":699,"column":58}},"skip":true},"54":{"name":"(anonymous_54)","line":714,"loc":{"start":{"line":714,"column":8},"end":{"line":714,"column":29}},"skip":true},"55":{"name":"(anonymous_55)","line":733,"loc":{"start":{"line":733,"column":35},"end":{"line":733,"column":47}},"skip":true},"56":{"name":"(anonymous_56)","line":743,"loc":{"start":{"line":743,"column":7},"end":{"line":743,"column":26}},"skip":true},"57":{"name":"(anonymous_57)","line":744,"loc":{"start":{"line":744,"column":29},"end":{"line":744,"column":44}},"skip":true},"58":{"name":"(anonymous_58)","line":753,"loc":{"start":{"line":753,"column":48},"end":{"line":753,"column":72}},"skip":true},"59":{"name":"(anonymous_59)","line":803,"loc":{"start":{"line":803,"column":10},"end":{"line":803,"column":25}},"skip":true},"60":{"name":"(anonymous_60)","line":813,"loc":{"start":{"line":813,"column":45},"end":{"line":813,"column":69}},"skip":true},"61":{"name":"(anonymous_61)","line":817,"loc":{"start":{"line":817,"column":24},"end":{"line":817,"column":40}},"skip":true},"62":{"name":"(anonymous_62)","line":830,"loc":{"start":{"line":830,"column":37},"end":{"line":830,"column":61}},"skip":true},"63":{"name":"(anonymous_63)","line":839,"loc":{"start":{"line":839,"column":34},"end":{"line":839,"column":58}},"skip":true},"64":{"name":"(anonymous_64)","line":875,"loc":{"start":{"line":875,"column":34},"end":{"line":875,"column":58}},"skip":true},"65":{"name":"(anonymous_65)","line":887,"loc":{"start":{"line":887,"column":45},"end":{"line":887,"column":57}},"skip":true},"66":{"name":"(anonymous_66)","line":903,"loc":{"start":{"line":903,"column":37},"end":{"line":903,"column":49}},"skip":true},"67":{"name":"(anonymous_67)","line":910,"loc":{"start":{"line":910,"column":28},"end":{"line":910,"column":40}},"skip":true},"68":{"name":"(anonymous_68)","line":916,"loc":{"start":{"line":916,"column":7},"end":{"line":916,"column":26}},"skip":true},"69":{"name":"(anonymous_69)","line":922,"loc":{"start":{"line":922,"column":37},"end":{"line":922,"column":61}},"skip":true},"70":{"name":"(anonymous_70)","line":937,"loc":{"start":{"line":937,"column":20},"end":{"line":937,"column":32}},"skip":true},"71":{"name":"(anonymous_71)","line":956,"loc":{"start":{"line":956,"column":18},"end":{"line":956,"column":33}},"skip":true},"72":{"name":"(anonymous_72)","line":957,"loc":{"start":{"line":957,"column":38},"end":{"line":957,"column":56}},"skip":true},"73":{"name":"(anonymous_73)","line":965,"loc":{"start":{"line":965,"column":34},"end":{"line":965,"column":58}},"skip":true},"74":{"name":"(anonymous_74)","line":985,"loc":{"start":{"line":985,"column":7},"end":{"line":985,"column":26}},"skip":true},"75":{"name":"(anonymous_75)","line":998,"loc":{"start":{"line":998,"column":54},"end":{"line":1001,"column":2}},"skip":true},"76":{"name":"(anonymous_76)","line":1019,"loc":{"start":{"line":1019,"column":17},"end":{"line":1019,"column":45}},"skip":true},"77":{"name":"(anonymous_77)","line":1034,"loc":{"start":{"line":1034,"column":7},"end":{"line":1034,"column":26}},"skip":true},"78":{"name":"(anonymous_78)","line":1045,"loc":{"start":{"line":1045,"column":17},"end":{"line":1045,"column":45}},"skip":true},"79":{"name":"(anonymous_79)","line":1055,"loc":{"start":{"line":1055,"column":51},"end":{"line":1058,"column":2}},"skip":true},"80":{"name":"(anonymous_80)","line":1074,"loc":{"start":{"line":1074,"column":7},"end":{"line":1074,"column":26}},"skip":true},"81":{"name":"(anonymous_81)","line":1075,"loc":{"start":{"line":1075,"column":63},"end":{"line":1075,"column":78}},"skip":true},"82":{"name":"(anonymous_82)","line":1083,"loc":{"start":{"line":1083,"column":32},"end":{"line":1083,"column":56}},"skip":true},"83":{"name":"(anonymous_83)","line":1114,"loc":{"start":{"line":1114,"column":7},"end":{"line":1114,"column":26}},"skip":true},"84":{"name":"(anonymous_84)","line":1128,"loc":{"start":{"line":1128,"column":18},"end":{"line":1128,"column":33}},"skip":true},"85":{"name":"(anonymous_85)","line":1140,"loc":{"start":{"line":1140,"column":47},"end":{"line":1140,"column":71}},"skip":true},"86":{"name":"(anonymous_86)","line":1171,"loc":{"start":{"line":1171,"column":54},"end":{"line":1174,"column":2}},"skip":true},"87":{"name":"(anonymous_87)","line":1192,"loc":{"start":{"line":1192,"column":47},"end":{"line":1192,"column":71}},"skip":true},"88":{"name":"(anonymous_88)","line":1201,"loc":{"start":{"line":1201,"column":24},"end":{"line":1201,"column":45}},"skip":true},"89":{"name":"(anonymous_89)","line":1248,"loc":{"start":{"line":1248,"column":43},"end":{"line":1248,"column":67}},"skip":true},"90":{"name":"(anonymous_90)","line":1262,"loc":{"start":{"line":1262,"column":43},"end":{"line":1262,"column":67}},"skip":true},"91":{"name":"(anonymous_91)","line":1275,"loc":{"start":{"line":1275,"column":34},"end":{"line":1275,"column":58}},"skip":true},"92":{"name":"(anonymous_92)","line":1282,"loc":{"start":{"line":1282,"column":10},"end":{"line":1282,"column":26}},"skip":true},"93":{"name":"(anonymous_93)","line":1288,"loc":{"start":{"line":1288,"column":46},"end":{"line":1288,"column":70}},"skip":true},"94":{"name":"(anonymous_94)","line":1304,"loc":{"start":{"line":1304,"column":15},"end":{"line":1304,"column":31}},"skip":true},"95":{"name":"(anonymous_95)","line":1345,"loc":{"start":{"line":1345,"column":42},"end":{"line":1345,"column":66}},"skip":true},"96":{"name":"(anonymous_96)","line":1361,"loc":{"start":{"line":1361,"column":46},"end":{"line":1361,"column":70}},"skip":true},"97":{"name":"(anonymous_97)","line":1387,"loc":{"start":{"line":1387,"column":37},"end":{"line":1387,"column":61}},"skip":true},"98":{"name":"(anonymous_98)","line":1410,"loc":{"start":{"line":1410,"column":52},"end":{"line":1413,"column":2}},"skip":true},"99":{"name":"(anonymous_99)","line":1433,"loc":{"start":{"line":1433,"column":25},"end":{"line":1433,"column":37}},"skip":true},"100":{"name":"(anonymous_100)","line":1438,"loc":{"start":{"line":1438,"column":7},"end":{"line":1438,"column":26}},"skip":true},"101":{"name":"(anonymous_101)","line":1447,"loc":{"start":{"line":1447,"column":48},"end":{"line":1447,"column":72}},"skip":true},"102":{"name":"(anonymous_102)","line":1476,"loc":{"start":{"line":1476,"column":7},"end":{"line":1476,"column":27}},"skip":true},"103":{"name":"(anonymous_103)","line":1490,"loc":{"start":{"line":1490,"column":7},"end":{"line":1490,"column":22}},"skip":true},"104":{"name":"(anonymous_104)","line":1498,"loc":{"start":{"line":1498,"column":39},"end":{"line":1498,"column":63}},"skip":true},"105":{"name":"(anonymous_105)","line":1528,"loc":{"start":{"line":1528,"column":47},"end":{"line":1528,"column":71}},"skip":true},"106":{"name":"(anonymous_106)","line":1647,"loc":{"start":{"line":1647,"column":45},"end":{"line":1647,"column":69}},"skip":true},"107":{"name":"(anonymous_107)","line":1657,"loc":{"start":{"line":1657,"column":14},"end":{"line":1657,"column":28}},"skip":true},"108":{"name":"(anonymous_108)","line":1660,"loc":{"start":{"line":1660,"column":18},"end":{"line":1660,"column":32}},"skip":true},"109":{"name":"(anonymous_109)","line":1778,"loc":{"start":{"line":1778,"column":42},"end":{"line":1778,"column":66}},"skip":true},"110":{"name":"(anonymous_110)","line":1788,"loc":{"start":{"line":1788,"column":14},"end":{"line":1788,"column":28}},"skip":true},"111":{"name":"(anonymous_111)","line":1791,"loc":{"start":{"line":1791,"column":18},"end":{"line":1791,"column":32}},"skip":true},"112":{"name":"(anonymous_112)","line":1902,"loc":{"start":{"line":1902,"column":40},"end":{"line":1902,"column":64}},"skip":true},"113":{"name":"(anonymous_113)","line":1909,"loc":{"start":{"line":1909,"column":23},"end":{"line":1909,"column":38}},"skip":true},"114":{"name":"(anonymous_114)","line":1918,"loc":{"start":{"line":1918,"column":7},"end":{"line":1918,"column":26}},"skip":true},"115":{"name":"(anonymous_115)","line":1931,"loc":{"start":{"line":1931,"column":34},"end":{"line":1931,"column":58}},"skip":true},"116":{"name":"(anonymous_116)","line":1935,"loc":{"start":{"line":1935,"column":26},"end":{"line":1935,"column":38}},"skip":true},"117":{"name":"(anonymous_117)","line":1937,"loc":{"start":{"line":1937,"column":7},"end":{"line":1937,"column":22}},"skip":true},"118":{"name":"(anonymous_118)","line":1944,"loc":{"start":{"line":1944,"column":43},"end":{"line":1944,"column":67}},"skip":true},"119":{"name":"(anonymous_119)","line":1955,"loc":{"start":{"line":1955,"column":49},"end":{"line":1955,"column":73}},"skip":true},"120":{"name":"(anonymous_120)","line":1966,"loc":{"start":{"line":1966,"column":30},"end":{"line":1966,"column":51}},"skip":true},"121":{"name":"(anonymous_121)","line":1972,"loc":{"start":{"line":1972,"column":19},"end":{"line":1972,"column":31}},"skip":true},"122":{"name":"(anonymous_122)","line":1979,"loc":{"start":{"line":1979,"column":28},"end":{"line":1979,"column":52}},"skip":true},"123":{"name":"(anonymous_123)","line":1986,"loc":{"start":{"line":1986,"column":24},"end":{"line":1986,"column":36}},"skip":true},"124":{"name":"(anonymous_124)","line":1990,"loc":{"start":{"line":1990,"column":26},"end":{"line":1990,"column":38}},"skip":true},"125":{"name":"(anonymous_125)","line":1992,"loc":{"start":{"line":1992,"column":7},"end":{"line":1992,"column":22}},"skip":true},"126":{"name":"(anonymous_126)","line":1999,"loc":{"start":{"line":1999,"column":40},"end":{"line":1999,"column":64}},"skip":true},"127":{"name":"(anonymous_127)","line":2004,"loc":{"start":{"line":2004,"column":24},"end":{"line":2004,"column":39}},"skip":true},"128":{"name":"(anonymous_128)","line":2016,"loc":{"start":{"line":2016,"column":38},"end":{"line":2016,"column":66}},"skip":true},"129":{"name":"(anonymous_129)","line":2022,"loc":{"start":{"line":2022,"column":15},"end":{"line":2022,"column":30}},"skip":true},"130":{"name":"(anonymous_130)","line":2040,"loc":{"start":{"line":2040,"column":15},"end":{"line":2040,"column":43}},"skip":true},"131":{"name":"(anonymous_131)","line":2047,"loc":{"start":{"line":2047,"column":27},"end":{"line":2047,"column":39}},"skip":true},"132":{"name":"(anonymous_132)","line":2073,"loc":{"start":{"line":2073,"column":15},"end":{"line":2073,"column":43}},"skip":true},"133":{"name":"(anonymous_133)","line":2097,"loc":{"start":{"line":2097,"column":36},"end":{"line":2097,"column":60}},"skip":true},"134":{"name":"(anonymous_134)","line":2104,"loc":{"start":{"line":2104,"column":43},"end":{"line":2104,"column":55}},"skip":true},"135":{"name":"(anonymous_135)","line":2111,"loc":{"start":{"line":2111,"column":15},"end":{"line":2111,"column":27}},"skip":true},"136":{"name":"(anonymous_136)","line":2130,"loc":{"start":{"line":2130,"column":35},"end":{"line":2130,"column":59}},"skip":true},"137":{"name":"(anonymous_137)","line":2135,"loc":{"start":{"line":2135,"column":20},"end":{"line":2135,"column":35}},"skip":true},"138":{"name":"(anonymous_138)","line":2151,"loc":{"start":{"line":2151,"column":36},"end":{"line":2151,"column":60}},"skip":true},"139":{"name":"(anonymous_139)","line":2157,"loc":{"start":{"line":2157,"column":40},"end":{"line":2157,"column":52}},"skip":true},"140":{"name":"(anonymous_140)","line":2166,"loc":{"start":{"line":2166,"column":18},"end":{"line":2166,"column":37}},"skip":true},"141":{"name":"(anonymous_141)","line":2168,"loc":{"start":{"line":2168,"column":7},"end":{"line":2168,"column":35}},"skip":true},"142":{"name":"(anonymous_142)","line":2181,"loc":{"start":{"line":2181,"column":35},"end":{"line":2181,"column":59}},"skip":true},"143":{"name":"(anonymous_143)","line":2195,"loc":{"start":{"line":2195,"column":23},"end":{"line":2195,"column":35}},"skip":true},"144":{"name":"(anonymous_144)","line":2197,"loc":{"start":{"line":2197,"column":28},"end":{"line":2197,"column":53}},"skip":true},"145":{"name":"(anonymous_145)","line":2210,"loc":{"start":{"line":2210,"column":7},"end":{"line":2210,"column":26}},"skip":true},"146":{"name":"(anonymous_146)","line":2232,"loc":{"start":{"line":2232,"column":18},"end":{"line":2232,"column":36}},"skip":true},"147":{"name":"(anonymous_147)","line":2239,"loc":{"start":{"line":2239,"column":37},"end":{"line":2239,"column":61}},"skip":true},"148":{"name":"(anonymous_148)","line":2260,"loc":{"start":{"line":2260,"column":26},"end":{"line":2260,"column":56}},"skip":true},"149":{"name":"(anonymous_149)","line":2263,"loc":{"start":{"line":2263,"column":29},"end":{"line":2263,"column":41}},"skip":true},"150":{"name":"(anonymous_150)","line":2276,"loc":{"start":{"line":2276,"column":7},"end":{"line":2276,"column":26}},"skip":true},"151":{"name":"(anonymous_151)","line":2284,"loc":{"start":{"line":2284,"column":39},"end":{"line":2284,"column":63}},"skip":true},"152":{"name":"(anonymous_152)","line":2306,"loc":{"start":{"line":2306,"column":16},"end":{"line":2308,"column":7}},"skip":true},"153":{"name":"(anonymous_153)","line":2332,"loc":{"start":{"line":2332,"column":15},"end":{"line":2332,"column":33}},"skip":true},"154":{"name":"(anonymous_154)","line":2342,"loc":{"start":{"line":2342,"column":25},"end":{"line":2342,"column":43}},"skip":true},"155":{"name":"(anonymous_155)","line":2354,"loc":{"start":{"line":2354,"column":53},"end":{"line":2357,"column":2}},"skip":true},"156":{"name":"(anonymous_156)","line":2362,"loc":{"start":{"line":2362,"column":10},"end":{"line":2362,"column":32}},"skip":true},"157":{"name":"(anonymous_157)","line":2365,"loc":{"start":{"line":2365,"column":18},"end":{"line":2365,"column":33}},"skip":true},"158":{"name":"(anonymous_158)","line":2379,"loc":{"start":{"line":2379,"column":7},"end":{"line":2379,"column":26}},"skip":true},"159":{"name":"(anonymous_159)","line":2389,"loc":{"start":{"line":2389,"column":43},"end":{"line":2389,"column":67}},"skip":true},"160":{"name":"(anonymous_160)","line":2402,"loc":{"start":{"line":2402,"column":40},"end":{"line":2402,"column":64}},"skip":true},"161":{"name":"(anonymous_161)","line":2418,"loc":{"start":{"line":2418,"column":45},"end":{"line":2418,"column":69}},"skip":true},"162":{"name":"(anonymous_162)","line":2429,"loc":{"start":{"line":2429,"column":44},"end":{"line":2429,"column":68}},"skip":true},"163":{"name":"(anonymous_163)","line":2449,"loc":{"start":{"line":2449,"column":40},"end":{"line":2449,"column":64}},"skip":true},"164":{"name":"(anonymous_164)","line":2574,"loc":{"start":{"line":2574,"column":26},"end":{"line":2574,"column":38}},"skip":true},"165":{"name":"(anonymous_165)","line":2584,"loc":{"start":{"line":2584,"column":42},"end":{"line":2584,"column":66}},"skip":true},"166":{"name":"(anonymous_166)","line":2592,"loc":{"start":{"line":2592,"column":23},"end":{"line":2592,"column":42}},"skip":true},"167":{"name":"(anonymous_167)","line":2613,"loc":{"start":{"line":2613,"column":36},"end":{"line":2613,"column":60}},"skip":true},"168":{"name":"(anonymous_168)","line":2617,"loc":{"start":{"line":2617,"column":26},"end":{"line":2617,"column":38}},"skip":true},"169":{"name":"(anonymous_169)","line":2619,"loc":{"start":{"line":2619,"column":7},"end":{"line":2619,"column":22}},"skip":true},"170":{"name":"(anonymous_170)","line":2626,"loc":{"start":{"line":2626,"column":38},"end":{"line":2626,"column":62}},"skip":true},"171":{"name":"(anonymous_171)","line":2656,"loc":{"start":{"line":2656,"column":33},"end":{"line":2656,"column":57}},"skip":true},"172":{"name":"(anonymous_172)","line":2678,"loc":{"start":{"line":2678,"column":34},"end":{"line":2678,"column":58}},"skip":true},"173":{"name":"(anonymous_173)","line":2691,"loc":{"start":{"line":2691,"column":7},"end":{"line":2691,"column":26}},"skip":true},"174":{"name":"(anonymous_174)","line":2734,"loc":{"start":{"line":2734,"column":37},"end":{"line":2734,"column":61}},"skip":true},"175":{"name":"(anonymous_175)","line":2745,"loc":{"start":{"line":2745,"column":29},"end":{"line":2745,"column":53}},"skip":true},"176":{"name":"(anonymous_176)","line":2757,"loc":{"start":{"line":2757,"column":11},"end":{"line":2757,"column":26}},"skip":true},"177":{"name":"(anonymous_177)","line":2769,"loc":{"start":{"line":2769,"column":15},"end":{"line":2769,"column":27}},"skip":true},"178":{"name":"(anonymous_178)","line":2779,"loc":{"start":{"line":2779,"column":36},"end":{"line":2779,"column":51}},"skip":true},"179":{"name":"(anonymous_179)","line":2793,"loc":{"start":{"line":2793,"column":1},"end":{"line":2793,"column":13}},"skip":true},"180":{"name":"(anonymous_180)","line":2805,"loc":{"start":{"line":2805,"column":26},"end":{"line":2805,"column":52}},"skip":true},"181":{"name":"(anonymous_181)","line":2813,"loc":{"start":{"line":2813,"column":43},"end":{"line":2813,"column":55}},"skip":true},"182":{"name":"(anonymous_182)","line":2815,"loc":{"start":{"line":2815,"column":47},"end":{"line":2815,"column":59}},"skip":true},"183":{"name":"(anonymous_183)","line":2843,"loc":{"start":{"line":2843,"column":11},"end":{"line":2843,"column":30}},"skip":true},"184":{"name":"(anonymous_184)","line":2857,"loc":{"start":{"line":2857,"column":19},"end":{"line":2857,"column":31}},"skip":true},"185":{"name":"(anonymous_185)","line":2872,"loc":{"start":{"line":2872,"column":1},"end":{"line":2872,"column":13}},"skip":true},"186":{"name":"(anonymous_186)","line":2879,"loc":{"start":{"line":2879,"column":1},"end":{"line":2879,"column":13}},"skip":true},"187":{"name":"(anonymous_187)","line":2883,"loc":{"start":{"line":2883,"column":20},"end":{"line":2883,"column":32}},"skip":true},"188":{"name":"(anonymous_188)","line":2892,"loc":{"start":{"line":2892,"column":11},"end":{"line":2892,"column":31}},"skip":true},"189":{"name":"(anonymous_189)","line":2898,"loc":{"start":{"line":2898,"column":20},"end":{"line":2898,"column":32}},"skip":true},"190":{"name":"(anonymous_190)","line":2913,"loc":{"start":{"line":2913,"column":19},"end":{"line":2913,"column":39}},"skip":true},"191":{"name":"(anonymous_191)","line":2925,"loc":{"start":{"line":2925,"column":20},"end":{"line":2925,"column":32}},"skip":true}},"statementMap":{"1":{"start":{"line":5,"column":0},"end":{"line":219,"column":61},"skip":true},"2":{"start":{"line":7,"column":4},"end":{"line":7,"column":21},"skip":true},"3":{"start":{"line":8,"column":4},"end":{"line":8,"column":18},"skip":true},"4":{"start":{"line":9,"column":4},"end":{"line":9,"column":14},"skip":true},"5":{"start":{"line":10,"column":4},"end":{"line":10,"column":43},"skip":true},"6":{"start":{"line":12,"column":4},"end":{"line":12,"column":64},"skip":true},"7":{"start":{"line":14,"column":4},"end":{"line":26,"column":5},"skip":true},"8":{"start":{"line":15,"column":8},"end":{"line":15,"column":37},"skip":true},"9":{"start":{"line":16,"column":8},"end":{"line":25,"column":10},"skip":true},"10":{"start":{"line":21,"column":12},"end":{"line":21,"column":45},"skip":true},"11":{"start":{"line":22,"column":12},"end":{"line":22,"column":37},"skip":true},"12":{"start":{"line":23,"column":12},"end":{"line":23,"column":31},"skip":true},"13":{"start":{"line":24,"column":12},"end":{"line":24,"column":30},"skip":true},"14":{"start":{"line":27,"column":4},"end":{"line":29,"column":6},"skip":true},"15":{"start":{"line":30,"column":4},"end":{"line":32,"column":6},"skip":true},"16":{"start":{"line":34,"column":4},"end":{"line":34,"column":15},"skip":true},"17":{"start":{"line":35,"column":4},"end":{"line":35,"column":24},"skip":true},"18":{"start":{"line":36,"column":4},"end":{"line":36,"column":35},"skip":true},"19":{"start":{"line":38,"column":4},"end":{"line":42,"column":6},"skip":true},"20":{"start":{"line":44,"column":4},"end":{"line":46,"column":6},"skip":true},"21":{"start":{"line":48,"column":4},"end":{"line":71,"column":6},"skip":true},"22":{"start":{"line":52,"column":8},"end":{"line":54,"column":9},"skip":true},"23":{"start":{"line":53,"column":12},"end":{"line":53,"column":19},"skip":true},"24":{"start":{"line":55,"column":8},"end":{"line":70,"column":10},"skip":true},"25":{"start":{"line":72,"column":4},"end":{"line":87,"column":6},"skip":true},"26":{"start":{"line":76,"column":8},"end":{"line":76,"column":16},"skip":true},"27":{"start":{"line":77,"column":8},"end":{"line":77,"column":15},"skip":true},"28":{"start":{"line":78,"column":8},"end":{"line":78,"column":15},"skip":true},"29":{"start":{"line":79,"column":8},"end":{"line":85,"column":9},"skip":true},"30":{"start":{"line":80,"column":12},"end":{"line":80,"column":30},"skip":true},"31":{"start":{"line":81,"column":12},"end":{"line":83,"column":13},"skip":true},"32":{"start":{"line":82,"column":16},"end":{"line":82,"column":22},"skip":true},"33":{"start":{"line":84,"column":12},"end":{"line":84,"column":20},"skip":true},"34":{"start":{"line":86,"column":8},"end":{"line":86,"column":19},"skip":true},"35":{"start":{"line":88,"column":4},"end":{"line":106,"column":6},"skip":true},"36":{"start":{"line":92,"column":8},"end":{"line":92,"column":26},"skip":true},"37":{"start":{"line":94,"column":8},"end":{"line":98,"column":9},"skip":true},"38":{"start":{"line":95,"column":12},"end":{"line":95,"column":53},"skip":true},"39":{"start":{"line":97,"column":12},"end":{"line":97,"column":19},"skip":true},"40":{"start":{"line":99,"column":8},"end":{"line":105,"column":11},"skip":true},"41":{"start":{"line":107,"column":4},"end":{"line":131,"column":6},"skip":true},"42":{"start":{"line":111,"column":8},"end":{"line":111,"column":15},"skip":true},"43":{"start":{"line":113,"column":8},"end":{"line":117,"column":9},"skip":true},"44":{"start":{"line":114,"column":12},"end":{"line":114,"column":31},"skip":true},"45":{"start":{"line":116,"column":12},"end":{"line":116,"column":19},"skip":true},"46":{"start":{"line":119,"column":8},"end":{"line":130,"column":9},"skip":true},"47":{"start":{"line":120,"column":12},"end":{"line":120,"column":41},"skip":true},"48":{"start":{"line":121,"column":12},"end":{"line":121,"column":24},"skip":true},"49":{"start":{"line":124,"column":12},"end":{"line":126,"column":15},"skip":true},"50":{"start":{"line":128,"column":12},"end":{"line":128,"column":41},"skip":true},"51":{"start":{"line":129,"column":12},"end":{"line":129,"column":24},"skip":true},"52":{"start":{"line":132,"column":4},"end":{"line":139,"column":6},"skip":true},"53":{"start":{"line":138,"column":8},"end":{"line":138,"column":32},"skip":true},"54":{"start":{"line":140,"column":4},"end":{"line":145,"column":6},"skip":true},"55":{"start":{"line":144,"column":8},"end":{"line":144,"column":19},"skip":true},"56":{"start":{"line":146,"column":4},"end":{"line":151,"column":6},"skip":true},"57":{"start":{"line":150,"column":8},"end":{"line":150,"column":15},"skip":true},"58":{"start":{"line":152,"column":4},"end":{"line":168,"column":6},"skip":true},"59":{"start":{"line":157,"column":8},"end":{"line":157,"column":30},"skip":true},"60":{"start":{"line":158,"column":8},"end":{"line":166,"column":11},"skip":true},"61":{"start":{"line":159,"column":12},"end":{"line":165,"column":13},"skip":true},"62":{"start":{"line":164,"column":16},"end":{"line":164,"column":57},"skip":true},"63":{"start":{"line":167,"column":8},"end":{"line":167,"column":22},"skip":true},"64":{"start":{"line":169,"column":4},"end":{"line":178,"column":6},"skip":true},"65":{"start":{"line":173,"column":8},"end":{"line":177,"column":16},"skip":true},"66":{"start":{"line":179,"column":4},"end":{"line":188,"column":6},"skip":true},"67":{"start":{"line":183,"column":8},"end":{"line":187,"column":16},"skip":true},"68":{"start":{"line":190,"column":4},"end":{"line":218,"column":5},"skip":true},"69":{"start":{"line":191,"column":8},"end":{"line":191,"column":41},"skip":true},"70":{"start":{"line":192,"column":8},"end":{"line":192,"column":41},"skip":true},"71":{"start":{"line":193,"column":8},"end":{"line":193,"column":55},"skip":true},"72":{"start":{"line":194,"column":8},"end":{"line":194,"column":43},"skip":true},"73":{"start":{"line":195,"column":8},"end":{"line":195,"column":41},"skip":true},"74":{"start":{"line":196,"column":8},"end":{"line":196,"column":39},"skip":true},"75":{"start":{"line":197,"column":8},"end":{"line":197,"column":35},"skip":true},"76":{"start":{"line":198,"column":8},"end":{"line":198,"column":41},"skip":true},"77":{"start":{"line":199,"column":8},"end":{"line":199,"column":41},"skip":true},"78":{"start":{"line":200,"column":8},"end":{"line":200,"column":33},"skip":true},"79":{"start":{"line":201,"column":8},"end":{"line":201,"column":37},"skip":true},"80":{"start":{"line":202,"column":8},"end":{"line":202,"column":39},"skip":true},"81":{"start":{"line":203,"column":8},"end":{"line":203,"column":35},"skip":true},"82":{"start":{"line":204,"column":8},"end":{"line":204,"column":33},"skip":true},"83":{"start":{"line":205,"column":8},"end":{"line":205,"column":37},"skip":true},"84":{"start":{"line":206,"column":8},"end":{"line":206,"column":51},"skip":true},"85":{"start":{"line":207,"column":8},"end":{"line":207,"column":45},"skip":true},"86":{"start":{"line":208,"column":8},"end":{"line":208,"column":37},"skip":true},"87":{"start":{"line":209,"column":8},"end":{"line":209,"column":41},"skip":true},"88":{"start":{"line":210,"column":8},"end":{"line":210,"column":57},"skip":true},"89":{"start":{"line":211,"column":8},"end":{"line":211,"column":41},"skip":true},"90":{"start":{"line":212,"column":8},"end":{"line":212,"column":35},"skip":true},"91":{"start":{"line":213,"column":8},"end":{"line":213,"column":35},"skip":true},"92":{"start":{"line":214,"column":8},"end":{"line":214,"column":35},"skip":true},"93":{"start":{"line":215,"column":8},"end":{"line":215,"column":37},"skip":true},"94":{"start":{"line":216,"column":8},"end":{"line":216,"column":33},"skip":true},"95":{"start":{"line":217,"column":8},"end":{"line":217,"column":37},"skip":true},"96":{"start":{"line":226,"column":0},"end":{"line":2965,"column":5},"skip":true},"97":{"start":{"line":232,"column":0},"end":{"line":239,"column":5},"skip":true},"98":{"start":{"line":234,"column":0},"end":{"line":234,"column":60},"skip":true},"99":{"start":{"line":235,"column":0},"end":{"line":235,"column":30},"skip":true},"100":{"start":{"line":236,"column":0},"end":{"line":236,"column":25},"skip":true},"101":{"start":{"line":238,"column":0},"end":{"line":238,"column":28},"skip":true},"102":{"start":{"line":244,"column":0},"end":{"line":2788,"column":5},"skip":true},"103":{"start":{"line":245,"column":0},"end":{"line":285,"column":2},"skip":true},"104":{"start":{"line":249,"column":4},"end":{"line":249,"column":13},"skip":true},"105":{"start":{"line":250,"column":4},"end":{"line":252,"column":7},"skip":true},"106":{"start":{"line":253,"column":4},"end":{"line":257,"column":7},"skip":true},"107":{"start":{"line":258,"column":4},"end":{"line":258,"column":36},"skip":true},"108":{"start":{"line":259,"column":4},"end":{"line":259,"column":68},"skip":true},"109":{"start":{"line":261,"column":4},"end":{"line":261,"column":40},"skip":true},"110":{"start":{"line":263,"column":4},"end":{"line":263,"column":57},"skip":true},"111":{"start":{"line":264,"column":4},"end":{"line":264,"column":24},"skip":true},"112":{"start":{"line":265,"column":4},"end":{"line":265,"column":27},"skip":true},"113":{"start":{"line":266,"column":4},"end":{"line":284,"column":7},"skip":true},"114":{"start":{"line":268,"column":8},"end":{"line":268,"column":39},"skip":true},"115":{"start":{"line":270,"column":8},"end":{"line":273,"column":34},"skip":true},"116":{"start":{"line":274,"column":8},"end":{"line":277,"column":34},"skip":true},"117":{"start":{"line":278,"column":8},"end":{"line":282,"column":34},"skip":true},"118":{"start":{"line":283,"column":8},"end":{"line":283,"column":32},"skip":true},"119":{"start":{"line":287,"column":0},"end":{"line":310,"column":2},"skip":true},"120":{"start":{"line":291,"column":4},"end":{"line":309,"column":16},"skip":true},"121":{"start":{"line":295,"column":20},"end":{"line":295,"column":48},"skip":true},"122":{"start":{"line":300,"column":8},"end":{"line":308,"column":11},"skip":true},"123":{"start":{"line":306,"column":12},"end":{"line":306,"column":42},"skip":true},"124":{"start":{"line":307,"column":12},"end":{"line":307,"column":36},"skip":true},"125":{"start":{"line":312,"column":0},"end":{"line":329,"column":2},"skip":true},"126":{"start":{"line":316,"column":4},"end":{"line":328,"column":7},"skip":true},"127":{"start":{"line":322,"column":8},"end":{"line":322,"column":39},"skip":true},"128":{"start":{"line":324,"column":8},"end":{"line":326,"column":52},"skip":true},"129":{"start":{"line":327,"column":8},"end":{"line":327,"column":32},"skip":true},"130":{"start":{"line":331,"column":0},"end":{"line":372,"column":2},"skip":true},"131":{"start":{"line":335,"column":4},"end":{"line":338,"column":5},"skip":true},"132":{"start":{"line":336,"column":8},"end":{"line":336,"column":32},"skip":true},"133":{"start":{"line":337,"column":8},"end":{"line":337,"column":15},"skip":true},"134":{"start":{"line":339,"column":4},"end":{"line":339,"column":13},"skip":true},"135":{"start":{"line":340,"column":4},"end":{"line":369,"column":7},"skip":true},"136":{"start":{"line":341,"column":8},"end":{"line":368,"column":9},"skip":true},"137":{"start":{"line":344,"column":12},"end":{"line":346,"column":29},"skip":true},"138":{"start":{"line":347,"column":12},"end":{"line":347,"column":18},"skip":true},"139":{"start":{"line":350,"column":12},"end":{"line":350,"column":77},"skip":true},"140":{"start":{"line":352,"column":12},"end":{"line":359,"column":29},"skip":true},"141":{"start":{"line":360,"column":12},"end":{"line":360,"column":18},"skip":true},"142":{"start":{"line":363,"column":12},"end":{"line":363,"column":56},"skip":true},"143":{"start":{"line":364,"column":12},"end":{"line":364,"column":27},"skip":true},"144":{"start":{"line":365,"column":12},"end":{"line":365,"column":18},"skip":true},"145":{"start":{"line":367,"column":12},"end":{"line":367,"column":30},"skip":true},"146":{"start":{"line":370,"column":4},"end":{"line":370,"column":22},"skip":true},"147":{"start":{"line":371,"column":4},"end":{"line":371,"column":19},"skip":true},"148":{"start":{"line":374,"column":0},"end":{"line":611,"column":2},"skip":true},"149":{"start":{"line":378,"column":4},"end":{"line":378,"column":19},"skip":true},"150":{"start":{"line":379,"column":4},"end":{"line":379,"column":43},"skip":true},"151":{"start":{"line":380,"column":4},"end":{"line":380,"column":24},"skip":true},"152":{"start":{"line":383,"column":4},"end":{"line":383,"column":24},"skip":true},"153":{"start":{"line":384,"column":4},"end":{"line":442,"column":19},"skip":true},"154":{"start":{"line":392,"column":8},"end":{"line":392,"column":41},"skip":true},"155":{"start":{"line":393,"column":8},"end":{"line":393,"column":28},"skip":true},"156":{"start":{"line":394,"column":8},"end":{"line":441,"column":11},"skip":true},"157":{"start":{"line":415,"column":12},"end":{"line":415,"column":43},"skip":true},"158":{"start":{"line":417,"column":12},"end":{"line":417,"column":55},"skip":true},"159":{"start":{"line":419,"column":12},"end":{"line":439,"column":13},"skip":true},"160":{"start":{"line":422,"column":16},"end":{"line":422,"column":73},"skip":true},"161":{"start":{"line":423,"column":16},"end":{"line":435,"column":19},"skip":true},"162":{"start":{"line":436,"column":16},"end":{"line":436,"column":22},"skip":true},"163":{"start":{"line":438,"column":16},"end":{"line":438,"column":80},"skip":true},"164":{"start":{"line":440,"column":12},"end":{"line":440,"column":34},"skip":true},"165":{"start":{"line":445,"column":4},"end":{"line":445,"column":24},"skip":true},"166":{"start":{"line":446,"column":4},"end":{"line":454,"column":7},"skip":true},"167":{"start":{"line":450,"column":8},"end":{"line":450,"column":38},"skip":true},"168":{"start":{"line":452,"column":8},"end":{"line":452,"column":51},"skip":true},"169":{"start":{"line":453,"column":8},"end":{"line":453,"column":30},"skip":true},"170":{"start":{"line":456,"column":4},"end":{"line":458,"column":7},"skip":true},"171":{"start":{"line":459,"column":4},"end":{"line":459,"column":16},"skip":true},"172":{"start":{"line":460,"column":4},"end":{"line":460,"column":16},"skip":true},"173":{"start":{"line":463,"column":4},"end":{"line":463,"column":24},"skip":true},"174":{"start":{"line":464,"column":4},"end":{"line":494,"column":7},"skip":true},"175":{"start":{"line":478,"column":8},"end":{"line":478,"column":39},"skip":true},"176":{"start":{"line":480,"column":8},"end":{"line":480,"column":51},"skip":true},"177":{"start":{"line":482,"column":8},"end":{"line":482,"column":73},"skip":true},"178":{"start":{"line":484,"column":8},"end":{"line":486,"column":52},"skip":true},"179":{"start":{"line":487,"column":8},"end":{"line":489,"column":52},"skip":true},"180":{"start":{"line":491,"column":8},"end":{"line":491,"column":50},"skip":true},"181":{"start":{"line":492,"column":8},"end":{"line":492,"column":44},"skip":true},"182":{"start":{"line":493,"column":8},"end":{"line":493,"column":30},"skip":true},"183":{"start":{"line":497,"column":4},"end":{"line":497,"column":24},"skip":true},"184":{"start":{"line":498,"column":4},"end":{"line":527,"column":19},"skip":true},"185":{"start":{"line":521,"column":8},"end":{"line":521,"column":28},"skip":true},"186":{"start":{"line":522,"column":8},"end":{"line":526,"column":11},"skip":true},"187":{"start":{"line":524,"column":12},"end":{"line":524,"column":42},"skip":true},"188":{"start":{"line":525,"column":12},"end":{"line":525,"column":34},"skip":true},"189":{"start":{"line":530,"column":4},"end":{"line":530,"column":24},"skip":true},"190":{"start":{"line":531,"column":4},"end":{"line":543,"column":7},"skip":true},"191":{"start":{"line":535,"column":8},"end":{"line":535,"column":39},"skip":true},"192":{"start":{"line":537,"column":8},"end":{"line":537,"column":51},"skip":true},"193":{"start":{"line":539,"column":8},"end":{"line":541,"column":27},"skip":true},"194":{"start":{"line":542,"column":8},"end":{"line":542,"column":30},"skip":true},"195":{"start":{"line":546,"column":4},"end":{"line":546,"column":24},"skip":true},"196":{"start":{"line":547,"column":4},"end":{"line":594,"column":19},"skip":true},"197":{"start":{"line":554,"column":8},"end":{"line":592,"column":11},"skip":true},"198":{"start":{"line":558,"column":12},"end":{"line":558,"column":32},"skip":true},"199":{"start":{"line":559,"column":12},"end":{"line":572,"column":15},"skip":true},"200":{"start":{"line":568,"column":16},"end":{"line":568,"column":47},"skip":true},"201":{"start":{"line":570,"column":16},"end":{"line":570,"column":59},"skip":true},"202":{"start":{"line":571,"column":16},"end":{"line":571,"column":29},"skip":true},"203":{"start":{"line":574,"column":12},"end":{"line":574,"column":32},"skip":true},"204":{"start":{"line":575,"column":12},"end":{"line":591,"column":15},"skip":true},"205":{"start":{"line":587,"column":16},"end":{"line":587,"column":46},"skip":true},"206":{"start":{"line":589,"column":16},"end":{"line":589,"column":59},"skip":true},"207":{"start":{"line":590,"column":16},"end":{"line":590,"column":29},"skip":true},"208":{"start":{"line":593,"column":8},"end":{"line":593,"column":32},"skip":true},"209":{"start":{"line":595,"column":4},"end":{"line":595,"column":17},"skip":true},"210":{"start":{"line":598,"column":4},"end":{"line":598,"column":24},"skip":true},"211":{"start":{"line":599,"column":4},"end":{"line":610,"column":13},"skip":true},"212":{"start":{"line":600,"column":8},"end":{"line":609,"column":11},"skip":true},"213":{"start":{"line":605,"column":12},"end":{"line":605,"column":42},"skip":true},"214":{"start":{"line":607,"column":12},"end":{"line":607,"column":55},"skip":true},"215":{"start":{"line":608,"column":12},"end":{"line":608,"column":34},"skip":true},"216":{"start":{"line":613,"column":0},"end":{"line":671,"column":2},"skip":true},"217":{"start":{"line":618,"column":4},"end":{"line":618,"column":36},"skip":true},"218":{"start":{"line":620,"column":4},"end":{"line":627,"column":7},"skip":true},"219":{"start":{"line":621,"column":8},"end":{"line":621,"column":34},"skip":true},"220":{"start":{"line":624,"column":8},"end":{"line":624,"column":38},"skip":true},"221":{"start":{"line":626,"column":8},"end":{"line":626,"column":47},"skip":true},"222":{"start":{"line":629,"column":4},"end":{"line":636,"column":7},"skip":true},"223":{"start":{"line":630,"column":8},"end":{"line":630,"column":40},"skip":true},"224":{"start":{"line":633,"column":8},"end":{"line":633,"column":38},"skip":true},"225":{"start":{"line":635,"column":8},"end":{"line":635,"column":49},"skip":true},"226":{"start":{"line":638,"column":4},"end":{"line":643,"column":7},"skip":true},"227":{"start":{"line":639,"column":8},"end":{"line":639,"column":54},"skip":true},"228":{"start":{"line":642,"column":8},"end":{"line":642,"column":38},"skip":true},"229":{"start":{"line":645,"column":4},"end":{"line":654,"column":7},"skip":true},"230":{"start":{"line":646,"column":8},"end":{"line":648,"column":11},"skip":true},"231":{"start":{"line":651,"column":8},"end":{"line":651,"column":38},"skip":true},"232":{"start":{"line":653,"column":8},"end":{"line":653,"column":66},"skip":true},"233":{"start":{"line":655,"column":4},"end":{"line":669,"column":7},"skip":true},"234":{"start":{"line":658,"column":8},"end":{"line":668,"column":11},"skip":true},"235":{"start":{"line":661,"column":12},"end":{"line":667,"column":13},"skip":true},"236":{"start":{"line":663,"column":16},"end":{"line":663,"column":46},"skip":true},"237":{"start":{"line":666,"column":16},"end":{"line":666,"column":49},"skip":true},"238":{"start":{"line":670,"column":4},"end":{"line":670,"column":28},"skip":true},"239":{"start":{"line":673,"column":0},"end":{"line":697,"column":2},"skip":true},"240":{"start":{"line":677,"column":4},"end":{"line":677,"column":13},"skip":true},"241":{"start":{"line":678,"column":4},"end":{"line":680,"column":6},"skip":true},"242":{"start":{"line":682,"column":4},"end":{"line":682,"column":56},"skip":true},"243":{"start":{"line":683,"column":4},"end":{"line":683,"column":74},"skip":true},"244":{"start":{"line":684,"column":4},"end":{"line":684,"column":52},"skip":true},"245":{"start":{"line":685,"column":4},"end":{"line":685,"column":78},"skip":true},"246":{"start":{"line":686,"column":4},"end":{"line":686,"column":76},"skip":true},"247":{"start":{"line":688,"column":4},"end":{"line":691,"column":6},"skip":true},"248":{"start":{"line":692,"column":4},"end":{"line":695,"column":6},"skip":true},"249":{"start":{"line":696,"column":4},"end":{"line":696,"column":28},"skip":true},"250":{"start":{"line":699,"column":0},"end":{"line":751,"column":2},"skip":true},"251":{"start":{"line":703,"column":4},"end":{"line":703,"column":19},"skip":true},"252":{"start":{"line":704,"column":4},"end":{"line":704,"column":43},"skip":true},"253":{"start":{"line":705,"column":4},"end":{"line":705,"column":24},"skip":true},"254":{"start":{"line":707,"column":4},"end":{"line":707,"column":24},"skip":true},"255":{"start":{"line":708,"column":4},"end":{"line":723,"column":7},"skip":true},"256":{"start":{"line":716,"column":8},"end":{"line":716,"column":39},"skip":true},"257":{"start":{"line":718,"column":8},"end":{"line":721,"column":10},"skip":true},"258":{"start":{"line":722,"column":8},"end":{"line":722,"column":30},"skip":true},"259":{"start":{"line":724,"column":4},"end":{"line":727,"column":5},"skip":true},"260":{"start":{"line":725,"column":8},"end":{"line":725,"column":30},"skip":true},"261":{"start":{"line":726,"column":8},"end":{"line":726,"column":15},"skip":true},"262":{"start":{"line":729,"column":4},"end":{"line":729,"column":24},"skip":true},"263":{"start":{"line":730,"column":4},"end":{"line":749,"column":19},"skip":true},"264":{"start":{"line":734,"column":20},"end":{"line":736,"column":23},"skip":true},"265":{"start":{"line":737,"column":20},"end":{"line":739,"column":23},"skip":true},"266":{"start":{"line":744,"column":8},"end":{"line":747,"column":11},"skip":true},"267":{"start":{"line":746,"column":12},"end":{"line":746,"column":42},"skip":true},"268":{"start":{"line":748,"column":8},"end":{"line":748,"column":32},"skip":true},"269":{"start":{"line":750,"column":4},"end":{"line":750,"column":17},"skip":true},"270":{"start":{"line":753,"column":0},"end":{"line":811,"column":2},"skip":true},"271":{"start":{"line":757,"column":0},"end":{"line":809,"column":3},"skip":true},"272":{"start":{"line":804,"column":4},"end":{"line":808,"column":21},"skip":true},"273":{"start":{"line":810,"column":0},"end":{"line":810,"column":24},"skip":true},"274":{"start":{"line":813,"column":0},"end":{"line":828,"column":2},"skip":true},"275":{"start":{"line":817,"column":4},"end":{"line":826,"column":7},"skip":true},"276":{"start":{"line":818,"column":8},"end":{"line":818,"column":19},"skip":true},"277":{"start":{"line":819,"column":8},"end":{"line":823,"column":9},"skip":true},"278":{"start":{"line":820,"column":12},"end":{"line":820,"column":48},"skip":true},"279":{"start":{"line":822,"column":12},"end":{"line":822,"column":28},"skip":true},"280":{"start":{"line":825,"column":8},"end":{"line":825,"column":39},"skip":true},"281":{"start":{"line":827,"column":4},"end":{"line":827,"column":28},"skip":true},"282":{"start":{"line":830,"column":0},"end":{"line":837,"column":2},"skip":true},"283":{"start":{"line":834,"column":4},"end":{"line":836,"column":21},"skip":true},"284":{"start":{"line":839,"column":0},"end":{"line":873,"column":2},"skip":true},"285":{"start":{"line":843,"column":4},"end":{"line":846,"column":5},"skip":true},"286":{"start":{"line":844,"column":8},"end":{"line":844,"column":32},"skip":true},"287":{"start":{"line":845,"column":8},"end":{"line":845,"column":15},"skip":true},"288":{"start":{"line":847,"column":4},"end":{"line":847,"column":64},"skip":true},"289":{"start":{"line":848,"column":4},"end":{"line":848,"column":61},"skip":true},"290":{"start":{"line":849,"column":4},"end":{"line":849,"column":62},"skip":true},"291":{"start":{"line":850,"column":4},"end":{"line":872,"column":16},"skip":true},"292":{"start":{"line":875,"column":0},"end":{"line":920,"column":2},"skip":true},"293":{"start":{"line":879,"column":4},"end":{"line":882,"column":5},"skip":true},"294":{"start":{"line":880,"column":8},"end":{"line":880,"column":32},"skip":true},"295":{"start":{"line":881,"column":8},"end":{"line":881,"column":15},"skip":true},"296":{"start":{"line":883,"column":4},"end":{"line":918,"column":27},"skip":true},"297":{"start":{"line":888,"column":20},"end":{"line":901,"column":22},"skip":true},"298":{"start":{"line":904,"column":20},"end":{"line":904,"column":74},"skip":true},"299":{"start":{"line":911,"column":20},"end":{"line":911,"column":32},"skip":true},"300":{"start":{"line":917,"column":8},"end":{"line":917,"column":36},"skip":true},"301":{"start":{"line":919,"column":4},"end":{"line":919,"column":32},"skip":true},"302":{"start":{"line":922,"column":0},"end":{"line":963,"column":2},"skip":true},"303":{"start":{"line":926,"column":4},"end":{"line":929,"column":5},"skip":true},"304":{"start":{"line":927,"column":8},"end":{"line":927,"column":32},"skip":true},"305":{"start":{"line":928,"column":8},"end":{"line":928,"column":15},"skip":true},"306":{"start":{"line":930,"column":4},"end":{"line":930,"column":13},"skip":true},"307":{"start":{"line":932,"column":4},"end":{"line":935,"column":6},"skip":true},"308":{"start":{"line":936,"column":4},"end":{"line":936,"column":13},"skip":true},"309":{"start":{"line":937,"column":4},"end":{"line":961,"column":6},"skip":true},"310":{"start":{"line":939,"column":8},"end":{"line":960,"column":11},"skip":true},"311":{"start":{"line":957,"column":12},"end":{"line":959,"column":15},"skip":true},"312":{"start":{"line":958,"column":16},"end":{"line":958,"column":61},"skip":true},"313":{"start":{"line":962,"column":4},"end":{"line":962,"column":36},"skip":true},"314":{"start":{"line":965,"column":0},"end":{"line":996,"column":2},"skip":true},"315":{"start":{"line":969,"column":4},"end":{"line":995,"column":16},"skip":true},"316":{"start":{"line":986,"column":8},"end":{"line":986,"column":61},"skip":true},"317":{"start":{"line":987,"column":8},"end":{"line":987,"column":58},"skip":true},"318":{"start":{"line":988,"column":8},"end":{"line":988,"column":58},"skip":true},"319":{"start":{"line":989,"column":8},"end":{"line":989,"column":61},"skip":true},"320":{"start":{"line":990,"column":8},"end":{"line":990,"column":59},"skip":true},"321":{"start":{"line":991,"column":8},"end":{"line":991,"column":57},"skip":true},"322":{"start":{"line":992,"column":8},"end":{"line":992,"column":75},"skip":true},"323":{"start":{"line":993,"column":8},"end":{"line":993,"column":57},"skip":true},"324":{"start":{"line":994,"column":8},"end":{"line":994,"column":32},"skip":true},"325":{"start":{"line":998,"column":0},"end":{"line":1053,"column":2},"skip":true},"326":{"start":{"line":1006,"column":4},"end":{"line":1006,"column":19},"skip":true},"327":{"start":{"line":1007,"column":4},"end":{"line":1010,"column":5},"skip":true},"328":{"start":{"line":1008,"column":8},"end":{"line":1008,"column":32},"skip":true},"329":{"start":{"line":1009,"column":8},"end":{"line":1009,"column":15},"skip":true},"330":{"start":{"line":1011,"column":4},"end":{"line":1011,"column":13},"skip":true},"331":{"start":{"line":1012,"column":4},"end":{"line":1012,"column":43},"skip":true},"332":{"start":{"line":1013,"column":4},"end":{"line":1013,"column":24},"skip":true},"333":{"start":{"line":1015,"column":4},"end":{"line":1015,"column":24},"skip":true},"334":{"start":{"line":1016,"column":4},"end":{"line":1025,"column":7},"skip":true},"335":{"start":{"line":1021,"column":8},"end":{"line":1021,"column":43},"skip":true},"336":{"start":{"line":1023,"column":8},"end":{"line":1023,"column":44},"skip":true},"337":{"start":{"line":1024,"column":8},"end":{"line":1024,"column":30},"skip":true},"338":{"start":{"line":1027,"column":4},"end":{"line":1027,"column":24},"skip":true},"339":{"start":{"line":1028,"column":4},"end":{"line":1041,"column":27},"skip":true},"340":{"start":{"line":1035,"column":8},"end":{"line":1039,"column":10},"skip":true},"341":{"start":{"line":1040,"column":8},"end":{"line":1040,"column":32},"skip":true},"342":{"start":{"line":1042,"column":4},"end":{"line":1051,"column":7},"skip":true},"343":{"start":{"line":1047,"column":8},"end":{"line":1047,"column":46},"skip":true},"344":{"start":{"line":1049,"column":8},"end":{"line":1049,"column":49},"skip":true},"345":{"start":{"line":1050,"column":8},"end":{"line":1050,"column":30},"skip":true},"346":{"start":{"line":1052,"column":4},"end":{"line":1052,"column":26},"skip":true},"347":{"start":{"line":1055,"column":0},"end":{"line":1081,"column":2},"skip":true},"348":{"start":{"line":1063,"column":4},"end":{"line":1066,"column":5},"skip":true},"349":{"start":{"line":1064,"column":8},"end":{"line":1064,"column":32},"skip":true},"350":{"start":{"line":1065,"column":8},"end":{"line":1065,"column":15},"skip":true},"351":{"start":{"line":1067,"column":4},"end":{"line":1080,"column":16},"skip":true},"352":{"start":{"line":1075,"column":8},"end":{"line":1078,"column":11},"skip":true},"353":{"start":{"line":1077,"column":12},"end":{"line":1077,"column":42},"skip":true},"354":{"start":{"line":1079,"column":8},"end":{"line":1079,"column":32},"skip":true},"355":{"start":{"line":1083,"column":0},"end":{"line":1138,"column":2},"skip":true},"356":{"start":{"line":1087,"column":4},"end":{"line":1090,"column":5},"skip":true},"357":{"start":{"line":1088,"column":8},"end":{"line":1088,"column":32},"skip":true},"358":{"start":{"line":1089,"column":8},"end":{"line":1089,"column":15},"skip":true},"359":{"start":{"line":1091,"column":4},"end":{"line":1137,"column":16},"skip":true},"360":{"start":{"line":1116,"column":8},"end":{"line":1120,"column":11},"skip":true},"361":{"start":{"line":1122,"column":8},"end":{"line":1131,"column":11},"skip":true},"362":{"start":{"line":1129,"column":12},"end":{"line":1129,"column":34},"skip":true},"363":{"start":{"line":1130,"column":12},"end":{"line":1130,"column":27},"skip":true},"364":{"start":{"line":1133,"column":8},"end":{"line":1133,"column":38},"skip":true},"365":{"start":{"line":1134,"column":8},"end":{"line":1134,"column":35},"skip":true},"366":{"start":{"line":1135,"column":8},"end":{"line":1135,"column":55},"skip":true},"367":{"start":{"line":1136,"column":8},"end":{"line":1136,"column":32},"skip":true},"368":{"start":{"line":1140,"column":0},"end":{"line":1169,"column":2},"skip":true},"369":{"start":{"line":1145,"column":4},"end":{"line":1145,"column":68},"skip":true},"370":{"start":{"line":1147,"column":4},"end":{"line":1155,"column":25},"skip":true},"371":{"start":{"line":1157,"column":4},"end":{"line":1167,"column":31},"skip":true},"372":{"start":{"line":1168,"column":4},"end":{"line":1168,"column":28},"skip":true},"373":{"start":{"line":1171,"column":0},"end":{"line":1189,"column":2},"skip":true},"374":{"start":{"line":1178,"column":4},"end":{"line":1181,"column":5},"skip":true},"375":{"start":{"line":1179,"column":8},"end":{"line":1179,"column":32},"skip":true},"376":{"start":{"line":1180,"column":8},"end":{"line":1180,"column":15},"skip":true},"377":{"start":{"line":1182,"column":4},"end":{"line":1187,"column":39},"skip":true},"378":{"start":{"line":1188,"column":4},"end":{"line":1188,"column":28},"skip":true},"379":{"start":{"line":1192,"column":0},"end":{"line":1246,"column":2},"skip":true},"380":{"start":{"line":1196,"column":4},"end":{"line":1199,"column":5},"skip":true},"381":{"start":{"line":1197,"column":8},"end":{"line":1197,"column":18},"skip":true},"382":{"start":{"line":1198,"column":8},"end":{"line":1198,"column":15},"skip":true},"383":{"start":{"line":1200,"column":4},"end":{"line":1200,"column":13},"skip":true},"384":{"start":{"line":1201,"column":4},"end":{"line":1243,"column":7},"skip":true},"385":{"start":{"line":1202,"column":8},"end":{"line":1242,"column":9},"skip":true},"386":{"start":{"line":1205,"column":12},"end":{"line":1205,"column":54},"skip":true},"387":{"start":{"line":1206,"column":12},"end":{"line":1206,"column":57},"skip":true},"388":{"start":{"line":1207,"column":12},"end":{"line":1207,"column":28},"skip":true},"389":{"start":{"line":1208,"column":12},"end":{"line":1208,"column":63},"skip":true},"390":{"start":{"line":1209,"column":12},"end":{"line":1209,"column":18},"skip":true},"391":{"start":{"line":1212,"column":12},"end":{"line":1212,"column":35},"skip":true},"392":{"start":{"line":1213,"column":12},"end":{"line":1213,"column":63},"skip":true},"393":{"start":{"line":1214,"column":12},"end":{"line":1214,"column":18},"skip":true},"394":{"start":{"line":1217,"column":12},"end":{"line":1217,"column":66},"skip":true},"395":{"start":{"line":1218,"column":12},"end":{"line":1218,"column":27},"skip":true},"396":{"start":{"line":1219,"column":12},"end":{"line":1219,"column":18},"skip":true},"397":{"start":{"line":1222,"column":12},"end":{"line":1222,"column":54},"skip":true},"398":{"start":{"line":1223,"column":12},"end":{"line":1226,"column":14},"skip":true},"399":{"start":{"line":1227,"column":12},"end":{"line":1227,"column":32},"skip":true},"400":{"start":{"line":1228,"column":12},"end":{"line":1228,"column":63},"skip":true},"401":{"start":{"line":1229,"column":12},"end":{"line":1229,"column":18},"skip":true},"402":{"start":{"line":1232,"column":12},"end":{"line":1232,"column":28},"skip":true},"403":{"start":{"line":1233,"column":12},"end":{"line":1233,"column":63},"skip":true},"404":{"start":{"line":1234,"column":12},"end":{"line":1234,"column":18},"skip":true},"405":{"start":{"line":1237,"column":12},"end":{"line":1237,"column":66},"skip":true},"406":{"start":{"line":1238,"column":12},"end":{"line":1238,"column":27},"skip":true},"407":{"start":{"line":1239,"column":12},"end":{"line":1239,"column":18},"skip":true},"408":{"start":{"line":1241,"column":12},"end":{"line":1241,"column":30},"skip":true},"409":{"start":{"line":1244,"column":4},"end":{"line":1244,"column":22},"skip":true},"410":{"start":{"line":1245,"column":4},"end":{"line":1245,"column":19},"skip":true},"411":{"start":{"line":1248,"column":0},"end":{"line":1260,"column":2},"skip":true},"412":{"start":{"line":1252,"column":4},"end":{"line":1255,"column":5},"skip":true},"413":{"start":{"line":1253,"column":8},"end":{"line":1253,"column":32},"skip":true},"414":{"start":{"line":1254,"column":8},"end":{"line":1254,"column":15},"skip":true},"415":{"start":{"line":1256,"column":4},"end":{"line":1258,"column":47},"skip":true},"416":{"start":{"line":1259,"column":4},"end":{"line":1259,"column":28},"skip":true},"417":{"start":{"line":1262,"column":0},"end":{"line":1273,"column":2},"skip":true},"418":{"start":{"line":1267,"column":4},"end":{"line":1267,"column":63},"skip":true},"419":{"start":{"line":1269,"column":4},"end":{"line":1269,"column":68},"skip":true},"420":{"start":{"line":1271,"column":4},"end":{"line":1271,"column":65},"skip":true},"421":{"start":{"line":1272,"column":4},"end":{"line":1272,"column":28},"skip":true},"422":{"start":{"line":1275,"column":0},"end":{"line":1286,"column":2},"skip":true},"423":{"start":{"line":1280,"column":0},"end":{"line":1284,"column":3},"skip":true},"424":{"start":{"line":1283,"column":4},"end":{"line":1283,"column":54},"skip":true},"425":{"start":{"line":1285,"column":0},"end":{"line":1285,"column":24},"skip":true},"426":{"start":{"line":1288,"column":0},"end":{"line":1343,"column":2},"skip":true},"427":{"start":{"line":1293,"column":4},"end":{"line":1309,"column":7},"skip":true},"428":{"start":{"line":1305,"column":8},"end":{"line":1308,"column":10},"skip":true},"429":{"start":{"line":1311,"column":4},"end":{"line":1325,"column":6},"skip":true},"430":{"start":{"line":1327,"column":4},"end":{"line":1327,"column":17},"skip":true},"431":{"start":{"line":1328,"column":4},"end":{"line":1341,"column":6},"skip":true},"432":{"start":{"line":1342,"column":4},"end":{"line":1342,"column":28},"skip":true},"433":{"start":{"line":1345,"column":0},"end":{"line":1359,"column":2},"skip":true},"434":{"start":{"line":1349,"column":4},"end":{"line":1352,"column":5},"skip":true},"435":{"start":{"line":1350,"column":8},"end":{"line":1350,"column":32},"skip":true},"436":{"start":{"line":1351,"column":8},"end":{"line":1351,"column":15},"skip":true},"437":{"start":{"line":1353,"column":4},"end":{"line":1356,"column":68},"skip":true},"438":{"start":{"line":1357,"column":4},"end":{"line":1357,"column":37},"skip":true},"439":{"start":{"line":1358,"column":4},"end":{"line":1358,"column":28},"skip":true},"440":{"start":{"line":1361,"column":0},"end":{"line":1385,"column":2},"skip":true},"441":{"start":{"line":1365,"column":4},"end":{"line":1365,"column":13},"skip":true},"442":{"start":{"line":1367,"column":4},"end":{"line":1369,"column":6},"skip":true},"443":{"start":{"line":1370,"column":4},"end":{"line":1370,"column":22},"skip":true},"444":{"start":{"line":1372,"column":4},"end":{"line":1372,"column":15},"skip":true},"445":{"start":{"line":1373,"column":4},"end":{"line":1376,"column":5},"skip":true},"446":{"start":{"line":1374,"column":8},"end":{"line":1374,"column":66},"skip":true},"447":{"start":{"line":1375,"column":8},"end":{"line":1375,"column":20},"skip":true},"448":{"start":{"line":1378,"column":4},"end":{"line":1383,"column":6},"skip":true},"449":{"start":{"line":1384,"column":4},"end":{"line":1384,"column":28},"skip":true},"450":{"start":{"line":1387,"column":0},"end":{"line":1408,"column":2},"skip":true},"451":{"start":{"line":1391,"column":4},"end":{"line":1391,"column":13},"skip":true},"452":{"start":{"line":1393,"column":4},"end":{"line":1393,"column":23},"skip":true},"453":{"start":{"line":1395,"column":4},"end":{"line":1395,"column":15},"skip":true},"454":{"start":{"line":1396,"column":4},"end":{"line":1404,"column":5},"skip":true},"455":{"start":{"line":1397,"column":8},"end":{"line":1399,"column":10},"skip":true},"456":{"start":{"line":1401,"column":8},"end":{"line":1401,"column":72},"skip":true},"457":{"start":{"line":1402,"column":8},"end":{"line":1402,"column":67},"skip":true},"458":{"start":{"line":1403,"column":8},"end":{"line":1403,"column":20},"skip":true},"459":{"start":{"line":1406,"column":4},"end":{"line":1406,"column":42},"skip":true},"460":{"start":{"line":1407,"column":4},"end":{"line":1407,"column":28},"skip":true},"461":{"start":{"line":1410,"column":0},"end":{"line":1445,"column":2},"skip":true},"462":{"start":{"line":1417,"column":4},"end":{"line":1420,"column":5},"skip":true},"463":{"start":{"line":1418,"column":8},"end":{"line":1418,"column":32},"skip":true},"464":{"start":{"line":1419,"column":8},"end":{"line":1419,"column":15},"skip":true},"465":{"start":{"line":1421,"column":4},"end":{"line":1424,"column":6},"skip":true},"466":{"start":{"line":1425,"column":4},"end":{"line":1428,"column":6},"skip":true},"467":{"start":{"line":1429,"column":4},"end":{"line":1444,"column":16},"skip":true},"468":{"start":{"line":1434,"column":20},"end":{"line":1434,"column":45},"skip":true},"469":{"start":{"line":1439,"column":8},"end":{"line":1439,"column":37},"skip":true},"470":{"start":{"line":1440,"column":8},"end":{"line":1443,"column":10},"skip":true},"471":{"start":{"line":1447,"column":0},"end":{"line":1496,"column":2},"skip":true},"472":{"start":{"line":1451,"column":4},"end":{"line":1451,"column":19},"skip":true},"473":{"start":{"line":1452,"column":4},"end":{"line":1455,"column":5},"skip":true},"474":{"start":{"line":1453,"column":8},"end":{"line":1453,"column":32},"skip":true},"475":{"start":{"line":1454,"column":8},"end":{"line":1454,"column":15},"skip":true},"476":{"start":{"line":1456,"column":4},"end":{"line":1456,"column":43},"skip":true},"477":{"start":{"line":1457,"column":4},"end":{"line":1457,"column":24},"skip":true},"478":{"start":{"line":1459,"column":4},"end":{"line":1459,"column":24},"skip":true},"479":{"start":{"line":1460,"column":4},"end":{"line":1468,"column":19},"skip":true},"480":{"start":{"line":1470,"column":4},"end":{"line":1470,"column":24},"skip":true},"481":{"start":{"line":1471,"column":4},"end":{"line":1482,"column":7},"skip":true},"482":{"start":{"line":1478,"column":8},"end":{"line":1478,"column":39},"skip":true},"483":{"start":{"line":1480,"column":8},"end":{"line":1480,"column":72},"skip":true},"484":{"start":{"line":1481,"column":8},"end":{"line":1481,"column":35},"skip":true},"485":{"start":{"line":1484,"column":4},"end":{"line":1484,"column":24},"skip":true},"486":{"start":{"line":1485,"column":4},"end":{"line":1494,"column":7},"skip":true},"487":{"start":{"line":1492,"column":8},"end":{"line":1492,"column":38},"skip":true},"488":{"start":{"line":1493,"column":8},"end":{"line":1493,"column":30},"skip":true},"489":{"start":{"line":1495,"column":4},"end":{"line":1495,"column":26},"skip":true},"490":{"start":{"line":1498,"column":0},"end":{"line":1526,"column":2},"skip":true},"491":{"start":{"line":1502,"column":4},"end":{"line":1505,"column":5},"skip":true},"492":{"start":{"line":1503,"column":8},"end":{"line":1503,"column":32},"skip":true},"493":{"start":{"line":1504,"column":8},"end":{"line":1504,"column":15},"skip":true},"494":{"start":{"line":1507,"column":4},"end":{"line":1510,"column":6},"skip":true},"495":{"start":{"line":1512,"column":4},"end":{"line":1515,"column":6},"skip":true},"496":{"start":{"line":1516,"column":4},"end":{"line":1519,"column":6},"skip":true},"497":{"start":{"line":1521,"column":4},"end":{"line":1524,"column":6},"skip":true},"498":{"start":{"line":1525,"column":4},"end":{"line":1525,"column":28},"skip":true},"499":{"start":{"line":1528,"column":0},"end":{"line":1645,"column":2},"skip":true},"500":{"start":{"line":1532,"column":4},"end":{"line":1532,"column":13},"skip":true},"501":{"start":{"line":1533,"column":4},"end":{"line":1635,"column":6},"skip":true},"502":{"start":{"line":1636,"column":4},"end":{"line":1636,"column":15},"skip":true},"503":{"start":{"line":1637,"column":4},"end":{"line":1643,"column":5},"skip":true},"504":{"start":{"line":1638,"column":8},"end":{"line":1641,"column":10},"skip":true},"505":{"start":{"line":1642,"column":8},"end":{"line":1642,"column":20},"skip":true},"506":{"start":{"line":1644,"column":4},"end":{"line":1644,"column":28},"skip":true},"507":{"start":{"line":1647,"column":0},"end":{"line":1776,"column":2},"skip":true},"508":{"start":{"line":1652,"column":4},"end":{"line":1652,"column":32},"skip":true},"509":{"start":{"line":1653,"column":4},"end":{"line":1653,"column":34},"skip":true},"510":{"start":{"line":1655,"column":4},"end":{"line":1672,"column":7},"skip":true},"511":{"start":{"line":1658,"column":8},"end":{"line":1671,"column":11},"skip":true},"512":{"start":{"line":1661,"column":12},"end":{"line":1670,"column":14},"skip":true},"513":{"start":{"line":1674,"column":4},"end":{"line":1717,"column":7},"skip":true},"514":{"start":{"line":1719,"column":4},"end":{"line":1764,"column":7},"skip":true},"515":{"start":{"line":1766,"column":4},"end":{"line":1774,"column":23},"skip":true},"516":{"start":{"line":1775,"column":4},"end":{"line":1775,"column":28},"skip":true},"517":{"start":{"line":1778,"column":0},"end":{"line":1900,"column":2},"skip":true},"518":{"start":{"line":1783,"column":4},"end":{"line":1783,"column":29},"skip":true},"519":{"start":{"line":1784,"column":4},"end":{"line":1784,"column":31},"skip":true},"520":{"start":{"line":1786,"column":4},"end":{"line":1803,"column":7},"skip":true},"521":{"start":{"line":1789,"column":8},"end":{"line":1802,"column":11},"skip":true},"522":{"start":{"line":1792,"column":12},"end":{"line":1801,"column":14},"skip":true},"523":{"start":{"line":1805,"column":4},"end":{"line":1850,"column":7},"skip":true},"524":{"start":{"line":1852,"column":4},"end":{"line":1898,"column":7},"skip":true},"525":{"start":{"line":1899,"column":4},"end":{"line":1899,"column":28},"skip":true},"526":{"start":{"line":1902,"column":0},"end":{"line":1929,"column":2},"skip":true},"527":{"start":{"line":1906,"column":4},"end":{"line":1928,"column":16},"skip":true},"528":{"start":{"line":1910,"column":20},"end":{"line":1910,"column":30},"skip":true},"529":{"start":{"line":1920,"column":8},"end":{"line":1920,"column":31},"skip":true},"530":{"start":{"line":1922,"column":8},"end":{"line":1922,"column":39},"skip":true},"531":{"start":{"line":1924,"column":8},"end":{"line":1924,"column":49},"skip":true},"532":{"start":{"line":1926,"column":8},"end":{"line":1926,"column":38},"skip":true},"533":{"start":{"line":1927,"column":8},"end":{"line":1927,"column":32},"skip":true},"534":{"start":{"line":1931,"column":0},"end":{"line":1942,"column":2},"skip":true},"535":{"start":{"line":1935,"column":4},"end":{"line":1941,"column":7},"skip":true},"536":{"start":{"line":1936,"column":8},"end":{"line":1936,"column":47},"skip":true},"537":{"start":{"line":1939,"column":8},"end":{"line":1939,"column":38},"skip":true},"538":{"start":{"line":1940,"column":8},"end":{"line":1940,"column":32},"skip":true},"539":{"start":{"line":1944,"column":0},"end":{"line":1953,"column":2},"skip":true},"540":{"start":{"line":1948,"column":4},"end":{"line":1951,"column":6},"skip":true},"541":{"start":{"line":1952,"column":4},"end":{"line":1952,"column":28},"skip":true},"542":{"start":{"line":1955,"column":0},"end":{"line":1977,"column":2},"skip":true},"543":{"start":{"line":1959,"column":4},"end":{"line":1959,"column":19},"skip":true},"544":{"start":{"line":1960,"column":4},"end":{"line":1963,"column":5},"skip":true},"545":{"start":{"line":1961,"column":8},"end":{"line":1961,"column":32},"skip":true},"546":{"start":{"line":1962,"column":8},"end":{"line":1962,"column":15},"skip":true},"547":{"start":{"line":1964,"column":4},"end":{"line":1964,"column":43},"skip":true},"548":{"start":{"line":1965,"column":4},"end":{"line":1965,"column":24},"skip":true},"549":{"start":{"line":1966,"column":4},"end":{"line":1976,"column":7},"skip":true},"550":{"start":{"line":1968,"column":8},"end":{"line":1968,"column":28},"skip":true},"551":{"start":{"line":1969,"column":8},"end":{"line":1969,"column":72},"skip":true},"552":{"start":{"line":1971,"column":8},"end":{"line":1971,"column":28},"skip":true},"553":{"start":{"line":1972,"column":8},"end":{"line":1974,"column":17},"skip":true},"554":{"start":{"line":1973,"column":12},"end":{"line":1973,"column":76},"skip":true},"555":{"start":{"line":1
[...]
8,"3112":76,"3113":19,"3115":57,"3116":6,"3122":70,"3123":25,"3126":45,"3127":10,"3129":45,"3132":3,"3136":2,"3140":2,"3141":2,"3200":40,"3201":40,"3202":40,"3203":40,"3207":40,"3212":40,"3216":40,"3220":40,"3223":2,"3225":2,"3229":2,"3243":2,"3244":2,"3249":3,"3253":4,"3254":4,"3265":4,"3275":8,"3278":4,"3282":2,"3291":4,"3292":4,"3293":0,"3298":4,"3299":4,"3300":4,"3303":3,"3307":2,"3308":2,"3322":2,"3326":2,"3328":2,"3331":2,"3332":2,"3333":2,"3340":2,"3346":2,"3354":2,"3356":2,"3367":2,"3372":2,"3375":2,"3384":2,"3418":16,"3421":2,"3422":0,"3425":0,"3434":2,"3437":4,"3442":2,"3449":2,"3454":2,"3459":0,"3464":2,"3467":18,"3473":2,"3475":2,"3478":0,"3483":2,"3484":0,"3495":0,"3498":0,"3503":2,"3507":2,"3508":0,"3512":0,"3519":0,"3523":2,"3542":8,"3543":8,"3546":0,"3555":0,"3557":2,"3559":2,"3560":2,"3563":20,"3564":2,"3566":18,"3572":2,"3574":2,"3578":2,"3579":2,"3581":2,"3584":2,"3590":2,"3593":2,"3597":2,"3598":0,"3603":2,"3604":2,"3607":3,"3611":2,"3612":2,"3620":2,"3626":2,"3629":2,"3633":4,"3634":2,"3640":2,"3642":2,"3643":2,"3644":2,"3645":2,"3648":3,"3663":4,"3664":4,"3665":4,"3666":4,"3668":4,"3670":4,"3671":4,"3675":4,"3688":4,"3691":3,"3695":1,"3705":1,"3711":3,"3715":7,"3720":1,"3721":1,"3723":7,"3728":3,"3729":3,"3730":3,"3731":3,"3732":3,"3733":3,"3748":3,"3751":3,"3752":3,"3754":3,"3757":3,"3758":3,"3759":49,"3760":8,"3762":41,"3763":41,"3764":2,"3766":41,"3767":41,"3768":41,"3769":10,"3770":10,"3772":31,"3773":31,"3774":31,"3782":1,"3797":2,"3798":2,"3799":2,"3800":34,"3802":34,"3803":44,"3805":34,"3808":4,"3811":4,"3813":30,"3814":30,"3820":34,"3826":2,"3828":7,"3829":7,"3830":7,"3831":7,"3832":7,"3833":7,"3834":7,"3839":1,"3840":1,"3844":7,"3848":7,"3849":7,"3854":1,"3856":7,"3860":7,"3862":7,"3863":1,"3864":1,"3866":6,"3867":4,"3868":4,"3870":2,"3873":3,"3878":6,"3882":6,"3885":2,"3888":4,"3891":4,"3893":4,"3898":3,"3902":36,"3919":3,"3939":1,"3940":1,"3941":1,"3942":1,"3943":1,"3944":1,"3946":1,"3947":1,"3948":1,"3949":1,"3950":1,"3952":1,"3954":1,"3955":1,"3958":1,"3959":1,"3962":1,"3964":1,"3965":1,"3966":1,"3967":1,"3968":1,"3969":1,"3974":1,"3978":1,"3980":1,"3985":1,"3989":1,"3995":3,"4015":1,"4016":1,"4017":1,"4018":1,"4019":1,"4020":1,"4022":1,"4023":1,"4024":1,"4025":1,"4026":1,"4028":1,"4030":1,"4031":1,"4032":1,"4033":1,"4034":1,"4036":1,"4037":1,"4042":1,"4043":1,"4044":1,"4045":1,"4046":1,"4047":1,"4049":1,"4051":1,"4054":1,"4055":1,"4060":1,"4064":1,"4066":1,"4067":1,"4068":1,"4070":1,"4075":3,"4079":0,"4080":0,"4087":3,"4107":0,"4110":0,"4112":0,"4119":3,"4123":0,"4124":0,"4126":0,"4129":0,"4130":0,"4132":0,"4137":3,"4141":0,"4142":0,"4144":0,"4147":0,"4148":0,"4153":3,"4157":1,"4158":1,"4159":1,"4160":1,"4163":3,"4167":0,"4168":0,"4169":0,"4170":0,"4172":0,"4175":3,"4179":0,"4180":0,"4182":0,"4183":0,"4186":3,"4190":4,"4191":4,"4192":4,"4195":4,"4196":4,"4197":4,"4202":126,"4203":126,"4205":8,"4207":126,"4208":52,"4212":4,"4213":52,"4215":36,"4221":3,"4226":3,"4227":3,"4228":3,"4229":3,"4230":3,"4231":3,"4235":16,"4236":11,"4239":3,"4243":11,"4244":11,"4245":11,"4246":11,"4249":7,"4250":7,"4251":7,"4252":7,"4258":11,"4260":3,"4264":7,"4265":7,"4267":3,"4271":7,"4272":7,"4273":7,"4274":7,"4275":7,"4276":10,"4277":10,"4278":7,"4281":7,"4283":3,"4284":3,"4285":3,"4286":3,"4287":3,"4288":3,"4289":3,"4290":3,"4291":3,"4292":3,"4293":3,"4296":3,"4298":3,"4303":33,"4304":33,"4310":12,"4318":3,"4323":107,"4324":448,"4325":448,"4330":448,"4331":4,"4335":4,"4336":2,"4339":448,"4342":4,"4343":2,"4345":2,"4346":2,"4349":107,"4350":107,"4353":3,"4359":40,"4360":40,"4361":40,"4362":40,"4363":40,"4364":40,"4365":40,"4366":40,"4367":40,"4368":40,"4369":40,"4370":40,"4371":40,"4372":40,"4373":40,"4374":40,"4375":40,"4376":40,"4377":40,"4379":40,"4380":40,"4381":0,"4383":40,"4385":40,"4387":40,"4391":40,"4393":40,"4394":0,"4395":0,"4397":0,"4398":0,"4409":40,"4410":80,"4412":40,"4413":0,"4414":0,"4416":0,"4418":0,"4419":0,"4421":0,"4422":0,"4424":40,"4425":40,"4426":40,"4427":0,"4430":0,"4432":0,"4433":0,"4434":0,"4440":40,"4441":40,"4442":40,"4444":40,"4446":0,"4447":0,"4449":40,"4450":40,"4452":0,"4454":40,"4455":0,"4457":40,"4458":0,"4459":0,"4462":0,"4463":0,"4465":40,"4466":40,"4469":40,"4470":40,"4471":40,"4472":40,"4474":40,"4475":40,"4476":0,"4477":0,"4478":0,"4479":0,"4481":40,"4482":40,"4483":40,"4485":40,"4486":40,"4490":40,"4494":40,"4495":40,"4496":40,"4497":40,"4499":40,"4500":0,"4503":40,"4504":40,"4505":40,"4507":40,"4508":0,"4509":0,"4510":0,"4511":0,"4514":40,"4515":40,"4520":40,"4521":40,"4523":40,"4525":40,"4526":0,"4527":0,"4530":40,"4531":40,"4532":347,"4534":40,"4535":40,"4536":40,"4539":40,"4540":40,"4546":3,"4550":563,"4553":3,"4557":0,"4558":0,"4559":0,"4560":0,"4561":0,"4562":0,"4564":0,"4565":0,"4578":0,"4580":0,"4583":0,"4587":0,"4597":0,"4602":0,"4611":0,"4618":0,"4623":0,"4624":0,"4626":0,"4627":0,"4628":0,"4629":0,"4630":0,"4636":0,"4640":0,"4641":0,"4642":0,"4647":0,"4648":0,"4649":0,"4653":0,"4654":0,"4657":0,"4658":0,"4661":0,"4662":0,"4666":0,"4667":0,"4671":0,"4674":0,"4675":0,"4679":0,"4682":0,"4684":0,"4685":0,"4688":0,"4689":0,"4691":0,"4694":0,"4697":0,"4698":0,"4701":0,"4702":0,"4703":0,"4715":0,"4716":0,"4719":0,"4725":0,"4727":0,"4728":0,"4729":0,"4736":0,"4740":0,"4742":0,"4743":0,"4744":0,"4750":0,"4753":3,"4757":55,"4764":3,"4770":611,"4771":611,"4772":611,"4773":611,"4780":1894,"4785":1131,"4788":763,"4789":2,"4791":761,"4793":761,"4794":112,"4796":316,"4797":316,"4803":112,"4804":112,"4808":649,"4810":1541,"4811":1541,"4812":1535,"4815":1541,"4817":649,"4818":649,"4820":611,"4821":611,"4829":3,"4833":2000,"4836":3,"4841":200,"4842":200,"4843":200,"4844":200,"4845":200,"4846":200,"4847":200,"4848":200,"4849":200,"4850":200,"4852":200,"4855":3,"4860":2,"4861":2,"4863":1,"4867":3,"4871":97,"4872":39,"4873":39,"4876":58,"4878":54,"4884":54,"4888":1,"4889":1,"4890":1,"4892":53,"4893":53,"4898":57,"4901":3,"4907":16,"4908":8,"4909":8,"4911":8,"4912":8,"4913":8,"4914":8,"4916":8,"4921":8,"4926":3,"4931":14,"4932":7,"4933":7,"4936":7,"4937":3,"4940":7,"4947":3,"4951":42,"4952":42,"4953":22,"4954":22,"4957":20,"4965":20,"4968":20,"4970":20,"4971":16,"4972":16,"4975":4,"4980":4,"4984":3,"4989":100,"4990":100,"4991":100,"4992":100,"4994":100,"4997":1,"4998":1,"4999":1,"5001":99,"5002":97,"5003":97,"5005":2,"5007":2,"5008":4,"5009":2,"5011":2,"5013":2,"5015":2,"5025":2,"5026":1,"5029":1,"5030":1,"5031":1,"5034":2,"5035":2,"5036":2,"5038":2,"5044":2,"5045":2,"5046":2,"5049":2,"5050":2,"5055":1,"5056":1,"5058":1,"5060":2,"5062":2,"5063":2,"5065":2,"5068":3,"5073":100,"5074":100,"5075":100,"5076":100,"5081":100,"5083":100,"5085":100,"5091":100,"5092":9,"5097":100,"5100":3,"5105":40,"5106":40,"5110":35,"5111":35,"5113":5,"5135":5,"5136":1,"5138":4,"5143":3,"5147":4,"5149":4,"5150":3,"5153":1,"5160":11,"5161":11,"5165":11,"5166":0,"5168":11,"5171":1,"5174":3,"5179":0,"5180":0,"5181":0,"5189":3,"5193":0,"5202":3,"5207":20,"5208":20,"5209":20,"5210":20,"5211":20,"5212":20,"5217":20,"5218":20,"5219":20,"5220":60,"5221":60,"5223":20,"5226":3,"5230":114,"5231":114,"5232":114,"5233":114,"5234":287,"5235":287,"5236":287,"5237":287,"5238":287,"5239":10,"5243":277,"5251":46,"5252":46,"5255":231,"5262":114,"5265":3,"5269":1406,"5270":1406,"5271":1406,"5272":4847,"5273":4847,"5274":4847,"5276":4847,"5277":4847,"5279":4847,"5280":12,"5283":4835,"5287":1663,"5288":1663,"5292":3172,"5301":25,"5304":1406,"5307":3,"5311":17,"5312":15,"5314":17,"5317":3,"5321":10,"5322":2,"5324":8,"5327":3,"5331":378,"5332":378,"5333":378,"5336":378,"5338":488,"5344":5,"5346":488,"5349":378,"5350":2,"5352":378,"5355":3,"5359":32,"5364":30,"5368":4,"5369":3,"5370":3,"5371":3,"5378":3,"5384":35,"5385":35,"5386":35,"5387":35,"5388":35,"5389":307,"5390":2,"5393":305,"5395":305,"5396":2,"5400":303,"5401":8,"5404":297,"5405":4,"5407":4,"5410":297,"5411":38,"5412":37,"5414":259,"5417":35,"5419":35,"5422":3,"5429":19,"5430":19,"5431":19,"5432":19,"5433":19,"5434":231,"5435":441,"5436":97,"5437":97,"5439":344,"5440":134,"5442":210,"5443":210,"5451":19,"5452":233,"5453":2,"5454":2,"5455":2,"5456":2,"5457":2,"5459":2,"5462":231,"5463":2,"5464":2,"5467":19,"5468":19,"5469":19,"5470":19,"5471":19,"5472":19,"5473":19,"5476":3,"5481":234,"5483":234,"5484":2,"5489":3,"5494":2,"5495":2,"5497":2,"5500":2,"5504":3,"5508":2,"5509":2,"5511":2,"5513":2,"5516":3,"5520":0,"5521":0,"5522":0,"5523":0,"5524":0,"5525":0,"5527":0,"5533":3,"5537":4,"5538":4,"5539":3,"5542":1,"5545":1,"5547":1,"5549":1,"5550":10,"5553":8,"5556":3,"5559":3,"5562":0,"5563":0,"5566":0,"5567":0,"5570":0,"5571":0,"5574":3,"5578":2,"5584":3,"5591":3,"5592":3,"5594":3,"5595":3,"5598":1,"5600":4,"5606":1,"5607":1,"5610":1,"5611":1,"5612":1,"5616":1,"5646":1,"5647":1,"5649":1,"5650":1,"5654":1,"5665":1,"5668":1,"5669":1,"5673":10,"5677":3,"5681":4,"5682":4,"5683":4,"5685":4,"5686":4,"5687":2,"5691":2,"5694":2,"5696":2,"5701":6,"5702":6,"5703":4,"5707":2,"5708":34,"5710":34,"5711":34,"5714":1,"5715":1,"5717":1,"5718":1,"5721":1,"5725":2,"5726":2,"5743":2,"5745":1,"5749":1,"5750":1,"5757":1,"5758":1,"5759":1,"5762":1,"5765":1,"5767":1,"5770":1,"5771":1,"5776":1,"5781":1,"5789":1,"5791":1,"5793":1,"5795":1,"5796":1,"5797":1,"5799":1,"5800":1,"5804":1,"5805":1,"5808":2,"5816":1,"5818":1,"5826":1,"5827":1,"5828":1,"5833":1,"5843":2,"5844":2,"5848":2,"5849":2,"5866":1,"5868":1,"5879":9,"5882":1,"5907":1,"5908":1,"5911":1,"5919":1,"5920":1,"5923":1,"5924":1,"5927":1,"5939":1,"5940":1,"5941":1,"5942":1,"5945":1,"5948":1,"5952":1,"5953":28,"5954":28,"5960":1,"5963":1,"5968":1,"5969":1,"5971":5,"5973":8,"5979":1,"5981":1,"5982":205,"5986":6,"5991":1,"5994":3,"6006":108,"6007":108,"6008":108,"6013":216,"6018":216,"6019":216,"6021":108,"6022":108,"6023":108,"6024":380,"6025":380,"6026":12,"6028":368,"6029":368,"6030":368,"6032":24,"6033":4,"6036":20,"6037":4,"6040":360,"6041":88,"6042":88,"6043":88,"6056":3,"6061":3,"6070":3,"6076":16,"6084":16,"6086":7,"6091":7,"6093":7,"6094":7,"6097":9,"6102":3,"6106":8,"6110":15,"6113":8,"6116":3,"6120":145,"6121":5,"6124":140,"6125":14,"6127":140,"6128":139,"6129":87,"6132":140,"6135":3,"6139":102,"6140":102,"6141":102,"6142":107,"6143":7,"6145":100,"6147":100,"6163":100,"6165":102,"6166":102,"6167":2,"6168":2,"6170":1,"6171":1,"6175":102,"6180":102,"6181":102,"6182":102,"6183":23,"6184":23,"6185":23,"6187":102,"6188":102,"6191":3,"6196":7,"6197":2,"6198":2,"6201":7,"6204":3,"6208":5,"6210":5,"6213":3,"6217":4,"6219":4,"6220":4,"6222":2,"6225":4,"6226":2,"6227":2,"6232":3,"6237":4,"6252":3,"6257":0,"6258":0,"6259":0,"6260":0,"6261":0,"6262":0,"6264":0,"6268":3,"6273":26,"6274":22,"6275":22,"6276":22,"6278":22,"6280":22,"6282":26,"6285":3,"6290":2,"6297":4,"6301":3,"6306":2,"6311":3,"6315":1413,"6316":1413,"6317":1413,"6318":1413,"6319":1413,"6320":1413,"6321":1413,"6322":1413,"6323":4,"6325":1413,"6326":1413,"6327":6744,"6328":6744,"6329":6744,"6330":4,"6332":6740,"6333":0,"6336":6740,"6337":6900,"6339":6740,"6341":1413,"6342":291,"6345":129,"6346":129,"6350":1207,"6355":129,"6356":4,"6360":129,"6362":156,"6363":156,"6370":156,"6372":4,"6380":2,"6384":1413,"6387":1413,"6388":1413,"6389":1413,"6390":291,"6391":291,"6399":291,"6402":1413,"6405":6455,"6406":6455,"6407":6455,"6408":6455,"6409":6455,"6410":6455,"6411":16,"6413":6439,"6414":97,"6419":0,"6420":0,"6429":0,"6431":2,"6434":2,"6436":2,"6437":2,"6439":59,"6440":59,"6442":8,"6443":8,"6445":2,"6446":2,"6448":2,"6451":2,"6453":2,"6454":2,"6456":8,"6457":8,"6462":0,"6463":0,"6467":0,"6469":4,"6470":4,"6471":2,"6476":4,"6479":8,"6480":4,"6482":4,"6485":6437,"6487":6437,"6488":6423,"6502":6437,"6506":6437,"6507":2,"6511":6437,"6513":2,"6517":2,"6522":3,"6526":13,"6527":13,"6528":13,"6529":13,"6531":0,"6533":13,"6543":13,"6546":13,"6549":13,"6552":13,"6560":13,"6563":13,"6566":13,"6569":9,"6571":13,"6574":3,"6578":2,"6579":2,"6582":3,"6586":24,"6587":24,"6589":24,"6590":56,"6591":111,"6594":24,"6597":24,"6598":22,"6602":24,"6607":24,"6608":56,"6610":56,"6611":111,"6623":56,"6624":111,"6628":24,"6630":24,"6634":3,"6638":2,"6642":2,"6646":1,"6648":1,"6664":2,"6669":2,"6679":2,"6693":2,"6698":2,"6703":2,"6704":1,"6705":2,"6706":1,"6710":2,"6713":3,"6719":21,"6720":21,"6721":21,"6722":21,"6724":21,"6727":42,"6728":42,"6735":42,"6740":42,"6746":42,"6747":59,"6752":59,"6757":59,"6758":49,"6763":59,"6771":59,"6772":1148,"6777":1148,"6782":1148,"6787":1148,"6798":21,"6800":4,"6802":21,"6803":21,"6804":21,"6805":21,"6806":21,"6807":59,"6808":59,"6809":59,"6810":59,"6811":1148,"6814":1,"6815":1,"6816":1,"6819":934,"6820":934,"6821":934,"6824":213,"6825":213,"6829":59,"6837":59,"6838":2210,"6847":21,"6848":76,"6856":21,"6857":8,"6861":21,"6863":21,"6864":21,"6866":59,"6867":59,"6868":1148,"6869":215,"6871":1148,"6877":59,"6883":21,"6884":21,"6893":59,"6895":51,"6896":51,"6904":1148,"6905":1148,"6906":0,"6913":1148,"6939":3,"6944":0,"6945":0,"6946":0,"6949":0,"6952":0,"6953":0,"6954":0,"6955":0,"6957":0,"6958":0,"6962":3,"6966":11,"6967":11,"6968":11,"6969":11,"6970":11,"6971":11,"6973":11,"6974":3,"6976":11,"6982":11,"6985":3,"6987":3,"6988":3,"6990":3,"6994":8,"6999":5,"7002":3,"7005":3,"7007":3,"7008":3,"7012":3,"7016":128,"7019":0,"7023":3,"7024":1,"7025":1,"7028":3,"7033":3,"7035":3,"7037":3,"7039":3,"7041":3,"7043":3,"7045":749,"7054":128,"7062":3,"7063":3,"7064":2,"7065":2,"7067":3,"7069":3,"7071":6,"7072":6,"7075":6,"7077":6,"7078":1,"7081":6,"7082":1,"7086":64,"7088":3,"7095":3,"7098":128,"7099":128,"7100":128,"7102":129,"7104":129,"7106":129,"7107":1,"7114":129,"7116":2,"7117":2,"7118":2,"7123":2,"7127":2,"7133":129,"7134":1,"7136":128,"7137":128,"7138":127,"7141":128,"7142":128,"7150":8065,"7155":128,"7157":128,"7159":128,"7165":128,"7167":128,"7169":128,"7170":128,"7177":3,"7178":3,"7179":3,"7181":3,"7182":2,"7187":3,"7189":3,"7190":3,"7195":3,"7197":3,"7198":1,"7201":3,"7203":3,"7204":3,"7205":3,"7207":3,"7208":1,"7213":3,"7221":9,"7228":9,"7229":6,"7231":3,"7232":3,"7233":100,"7234":100,"7235":100,"7236":414,"7237":12,"7238":12,"7241":402,"7243":100,"7244":100,"7246":3,"7250":3,"7251":3,"7252":3,"7257":3,"7258":3,"7261":3,"7265":3,"7268":3,"7272":571,"7273":571,"7274":571,"7277":3,"7281":707,"7282":707,"7283":707,"7286":3,"7291":393,"7293":393,"7294":393,"7296":393,"7297":393,"7298":368,"7299":368,"7302":25,"7303":25,"7307":3,"7311":1,"7312":2,"7313":1,"7316":1,"7317":1,"7321":3,"7325":5,"7326":5,"7331":2,"7332":2,"7334":3,"7335":3,"7336":3,"7337":3,"7338":3,"7339":3,"7340":3,"7341":3,"7342":3,"7343":3,"7347":3,"7351":3,"7356":2,"7357":2,"7359":1,"7360":1,"7361":1,"7362":1,"7363":1,"7364":1,"7365":1,"7366":1,"7369":3,"7374":12,"7377":2,"7380":10,"7381":2,"7384":8,"7385":2,"7388":6,"7389":2,"7391":6,"7398":3,"7403":157,"7404":157,"7406":157,"7408":157,"7409":46,"7414":46,"7415":27,"7417":18,"7420":4,"7427":45,"7428":45,"7432":111,"7433":111,"7438":111,"7439":101,"7441":9,"7444":7,"7446":110,"7449":155,"7450":155,"7453":17,"7454":17,"7455":17,"7457":17,"7458":4,"7459":2,"7463":4,"7465":13,"7467":17,"7469":155,"7474":157,"7489":3,"7495":4,"7496":4,"7497":4,"7498":4,"7499":4,"7500":128,"7503":8,"7505":8,"7506":8,"7508":4,"7509":4,"7510":4,"7512":4,"7513":4,"7514":4,"7517":112,"7519":128,"7521":4,"7529":3,"7530":3,"7532":47,"7535":3,"7536":3,"7539":3,"7540":3,"7562":3,"7567":3,"7575":3,"7581":3,"7582":3,"7584":3,"7587":3,"7590":3,"7591":3,"7592":3,"7593":3,"7596":3,"7600":3,"7604":3,"7608":3,"7611":3,"7614":3,"7623":3,"7627":3,"7631":3,"7633":3,"7638":3,"7640":3,"7642":3,"7643":2,"7646":3,"7647":3,"7649":3,"7650":3,"7654":1,"7657":3,"7661":3,"7662":1,"7663":1,"7664":1,"7668":3,"7669":3,"7674":7,"7675":7,"7676":7,"7677":7,"7680":3,"7685":4,"7688":3,"7694":3,"7695":3,"7696":1,"7699":2,"7700":2,"7707":3,"7708":3,"7709":2,"7711":1,"7713":1,"7718":1,"7719":1,"7726":1,"7727":1,"7734":1,"7739":1,"7740":1,"7741":1,"7742":1,"7747":1,"7749":1,"7754":1,"7759":3,"7760":3,"7761":1,"7762":1,"7768":1,"7769":1,"7776":1,"7779":1,"7793":12,"7795":1,"7796":1,"7797":1,"7803":1,"7806":1,"7808":1,"7809":1,"7810":1,"7813":1,"7816":1,"7827":1,"7831":1,"7835":1,"7838":1,"7841":1,"7849":1,"7851":1,"7855":1,"7858":2,"7859":2,"7865":2,"7867":7,"7877":1,"7893":14,"7894":14,"7899":3,"7902":3,"7912":3,"7913":3,"7914":3,"7917":2,"7918":2,"7920":1,"7927":2,"7928":2,"7929":2,"7931":6,"7932":6,"7934":13,"7941":1,"7944":1,"7945":1,"7946":1,"7947":1}},"/inputTextarea1.js":{"path":"/inputTextarea1.js","s":{"1":2,"2":2,"3":2,"4":2,"5":2,"6":0,"7":0,"8":2,"9":0,"10":0,"11":0,"12":0,"13":0,"14":0,"15":0,"16":0,"17":0,"18":0,"19":2},"b":{"1":[0,0]},"f":{"1":2,"2":0,"3":0,"4":0},"fnMap":{"1":{"name":"(anonymous_1)","line":4,"loc":{"start":{"line":4,"column":1},"end":{"line":4,"column":13}}},"2":{"name":"(anonymous_2)","line":11,"loc":{"start":{"line":11,"column":46},"end":{"line":11,"column":70}}},"3":{"name":"(anonymous_3)","line":20,"loc":{"start":{"line":20,"column":45},"end":{"line":20,"column":69}}},"4":{"name":"(anonymous_4)","line":27,"loc":{"start":{"line":27,"column":34},"end":{"line":27,"column":54}}}},"statementMap":{"1":{"start":{"line":4,"column":0},"end":{"line":44,"column":5}},"2":{"start":{"line":6,"column":4},"end":{"line":6,"column":21}},"3":{"start":{"line":7,"column":4},"end":{"line":7,"column":22}},"4":{"start":{"line":8,"column":4},"end":{"line":8,"column":30}},"5":{"start":{"line":11,"column":4},"end":{"line":18,"column":6}},"6":{"start":{"line":16,"column":8},"end":{"line":16,"column":33}},"7":{"start":{"line":17,"column":8},"end":{"line":17,"column":58}},"8":{"start":{"line":20,"column":4},"end":{"line":41,"column":6}},"9":{"start":{"line":24,"column":8},"end":{"line":24,"column":17}},"10":{"start":{"line":25,"column":8},"end":{"line":25,"column":25}},"11":{"start":{"line":27,"column":8},"end":{"line":40,"column":11}},"12":{"start":{"line":28,"column":12},"end":{"line":39,"column":13}},"13":{"start":{"line":30,"column":16},"end":{"line":30,"column":42}},"14":{"start":{"line":32,"column":16},"end":{"line":32,"column":71}},"15":{"start":{"line":34,"column":16},"end":{"line":34,"column":40}},"16":{"start":{"line":35,"column":16},"end":{"line":35,"column":62}},"17":{"start":{"line":36,"column":16},"end":{"line":36,"column":26}},"18":{"start":{"line":38,"column":16},"end":{"line":38,"column":35}},"19":{"start":{"line":43,"column":4},"end":{"line":43,"column":49}}},"branchMap":{"1":{"line":35,"type":"binary-expr","locations":[{"start":{"line":35,"column":31},"end":{"line":35,"column":35}},{"start":{"line":35,"column":39},"end":{"line":35,"column":54}}]}},"code":["// remove comment below to disable jslint","/*jslint browser, devel*/","/*global window*/","(function () {","    \"use strict\";","    var testCaseDict;","    testCaseDict = {};","    testCaseDict.modeTest = 1;","","    // comment this testCase to disable failed error demo","    testCaseDict.testCase_failed_error_demo = function (opt, onError) {","    /*","     * this function will run a failed error demo","     */","        // hack-jslint","        window.utility2.nop(opt);","        onError(new Error(\"this is a failed error demo\"));","    };","","    testCaseDict.testCase_passed_ajax_demo = function (opt, onError) {","    /*","     * this function will demo a passed ajax test","     */","        var data;","        opt = {url: \"/\"};","        // test ajax-req for main-page \"/\"","        window.utility2.ajax(opt, function (err, xhr) {","            try {","                // handle err","                console.assert(!err, err);","                // validate \"200 ok\" status","                console.assert(xhr.statusCode === 200, xhr.statusCode);","                // validate non-empty data","                data = xhr.responseText;","                console.assert(data && data.length > 0, data);","                onError();","            } catch (errCaught) {","                onError(errCaught);","            }","        });","    };","","    window.utility2.testRunDefault(testCaseDict);","}());",""],"l":{"4":1,"6":1,"7":1,"8":1,"11":1,"16":0,"17":0,"20":1,"24":0,"25":0,"27":0,"28":0,"30":0,"32":0,"34":0,"35":0,"36":0,"38":0,"43":1}}}